BLOCK00/SES002/SA002S12	SES002	0.49805	-7.50947	-8.00752
BLOCK00/SES002/SA002S13	SES002	0.959832	-7.42477	-8.3846
BLOCK00/SES002/SA002S23	SES002	0.676992	-7.41978	-8.09677
BLOCK00/SES002/SA002S26	SES002	0.423332	-8.47551	-8.89884
BLOCK00/SES002/SA002S28	SES002	0.116107	-7.69985	-7.81596
BLOCK00/SES007/SA007S14	SES007	0.546959	-6.17718	-6.72414
BLOCK00/SES007/SA007S15	SES007	0.308889	-7.02154	-7.33043
BLOCK00/SES007/SA007S24	SES007	0.243449	-6.75386	-6.99731
BLOCK00/SES007/SA007S27	SES007	0.0142641	-8.08593	-8.1002
BLOCK00/SES007/SA007S29	SES007	-0.130205	-7.05706	-6.92685
BLOCK00/SES008/SA008S11	SES008	0.934628	-6.37456	-7.30919
BLOCK00/SES008/SA008S12	SES008	-0.0570335	-7.17967	-7.12264
BLOCK00/SES008/SA008S19	SES008	0.873207	-6.5979	-7.47111
BLOCK00/SES008/SA008S22	SES008	0.533789	-7.15084	-7.68463
BLOCK00/SES008/SA008S29	SES008	0.927183	-6.41318	-7.34036
BLOCK01/SES014/SA014S10	SES014	0.702036	-7.01442	-7.71646
BLOCK01/SES014/SA014S12	SES014	1.22727	-6.38567	-7.61294
BLOCK01/SES014/SA014S24	SES014	1.12122	-6.90291	-8.02413
BLOCK01/SES014/SA014S26	SES014	1.30954	-6.06379	-7.37333
BLOCK01/SES014/SA014S28	SES014	1.85505	-5.46238	-7.31743
BLOCK01/SES016/SA016S12	SES016	0.894752	-8.38669	-9.28145
BLOCK01/SES016/SA016S13	SES016	0.782929	-6.87467	-7.6576
BLOCK01/SES016/SA016S22	SES016	0.905074	-6.4522	-7.35727
BLOCK01/SES016/SA016S25	SES016	1.0639	-5.2878	-6.35169
BLOCK01/SES016/SA016S27	SES016	1.03664	-6.33791	-7.37456
BLOCK01/SES019/SA019S13	SES019	2.77339	-5.99024	-8.76363
BLOCK01/SES019/SA019S14	SES019	1.14369	-7.68847	-8.83216
BLOCK01/SES019/SA019S22	SES019	1.79949	-6.31542	-8.11491
BLOCK01/SES019/SA019S25	SES019	1.82063	-6.69606	-8.51669
BLOCK01/SES019/SA019S29	SES019	3.30148	-6.45582	-9.7573
BLOCK02/SES029/SA029S11	SES029	0.458688	-6.07999	-6.53867
BLOCK02/SES029/SA029S12	SES029	-0.202222	-6.80554	-6.60332
BLOCK02/SES029/SA029S20	SES029	0.0914617	-6.46148	-6.55294
BLOCK02/SES029/SA029S25	SES029	0.0911446	-7.12634	-7.21748
BLOCK02/SES029/SA029S28	SES029	0.0100236	-6.8156	-6.82562
BLOCK04/SES042/SA042S12	SES042	0.902331	-6.52819	-7.43052
BLOCK04/SES042/SA042S15	SES042	1.37807	-5.77389	-7.15196
BLOCK04/SES042/SA042S22	SES042	1.92091	-6.87836	-8.79927
BLOCK04/SES042/SA042S25	SES042	0.869492	-8.1837	-9.05319
BLOCK04/SES042/SA042S27	SES042	1.73627	-6.82333	-8.5596
BLOCK04/SES048/SA048S11	SES048	0.506889	-6.0412	-6.54809
BLOCK04/SES048/SA048S12	SES048	0.266863	-7.49009	-7.75695
BLOCK04/SES048/SA048S20	SES048	0.114725	-6.36629	-6.48102
BLOCK04/SES048/SA048S23	SES048	0.814577	-6.43881	-7.25339
BLOCK04/SES048/SA048S27	SES048	0.106388	-7.27957	-7.38595
BLOCK06/SES060/SA060S11	SES060	1.01343	-6.60754	-7.62098
BLOCK06/SES060/SA060S12	SES060	0.725376	-7.66576	-8.39113
BLOCK06/SES060/SA060S22	SES060	-1.71632	-9.65924	-7.94292
BLOCK06/SES060/SA060S24	SES060	1.03991	-5.58688	-6.62679
BLOCK06/SES060/SA060S28	SES060	0.564286	-5.69796	-6.26224
BLOCK06/SES062/SA062S10	SES062	-0.231166	-6.94527	-6.7141
BLOCK06/SES062/SA062S11	SES062	0.190854	-7.93883	-8.12968
BLOCK06/SES062/SA062S21	SES062	0.571749	-5.33948	-5.91123
BLOCK06/SES062/SA062S26	SES062	0.143288	-7.11895	-7.26224
BLOCK06/SES062/SA062S29	SES062	0.501039	-6.23507	-6.73611
BLOCK06/SES068/SA068S14	SES068	0.316533	-7.1444	-7.46093
BLOCK06/SES068/SA068S15	SES068	0.800336	-6.80644	-7.60678
BLOCK06/SES068/SA068S23	SES068	-0.0846143	-7.43335	-7.34873
BLOCK06/SES068/SA068S27	SES068	1.48489	-6.03545	-7.52034
BLOCK06/SES068/SA068S29	SES068	0.261734	-7.24546	-7.5072
BLOCK08/SES082/SA082S12	SES082	0.0574741	-8.09921	-8.15668
BLOCK08/SES082/SA082S14	SES082	-0.464026	-8.28691	-7.82289
BLOCK08/SES082/SA082S21	SES082	0.29609	-7.03612	-7.33221
BLOCK08/SES082/SA082S24	SES082	-0.0138569	-7.95765	-7.94379
BLOCK08/SES082/SA082S28	SES082	0.324355	-7.45018	-7.77453
BLOCK08/SES083/SA083S14	SES083	-0.333238	-7.32067	-6.98743
BLOCK08/SES083/SA083S15	SES083	0.121895	-6.95421	-7.0761
BLOCK08/SES083/SA083S24	SES083	-0.192091	-7.39173	-7.19964
BLOCK08/SES083/SA083S26	SES083	0.422276	-7.75065	-8.17292
BLOCK08/SES083/SA083S29	SES083	-0.150599	-7.65974	-7.50914
BLOCK08/SES085/SA085S10	SES085	0.944202	-5.90851	-6.85271
BLOCK08/SES085/SA085S13	SES085	-0.237743	-7.90498	-7.66724
BLOCK08/SES085/SA085S22	SES085	0.559576	-6.55122	-7.11079
BLOCK08/SES085/SA085S26	SES085	-0.138469	-7.52634	-7.38788
BLOCK08/SES085/SA085S28	SES085	0.131529	-7.16331	-7.29484
BLOCK08/SES087/SA087S15	SES087	0.785902	-7.56792	-8.35382
BLOCK08/SES087/SA087S16	SES087	1.09411	-7.21199	-8.3061
BLOCK08/SES087/SA087S24	SES087	0.716428	-7.44945	-8.16588
BLOCK08/SES087/SA087S26	SES087	0.705674	-6.45624	-7.16191
BLOCK08/SES087/SA087S29	SES087	1.02617	-6.47938	-7.50555
BLOCK09/SES099/SA099S15	SES099	0.489493	-7.67194	-8.16143
BLOCK09/SES099/SA099S16	SES099	0.656772	-7.0611	-7.71787
BLOCK09/SES099/SA099S24	SES099	0.513439	-7.42878	-7.94222
BLOCK09/SES099/SA099S26	SES099	0.750799	-6.79832	-7.54912
BLOCK09/SES099/SA099S29	SES099	0.332295	-7.75028	-8.08258
BLOCK10/SES101/SA101S11	SES101	0.416537	-6.30378	-6.72032
BLOCK10/SES101/SA101S13	SES101	0.405464	-5.43418	-5.83964
BLOCK10/SES101/SA101S22	SES101	0.653525	-7.32342	-7.97694
BLOCK10/SES101/SA101S24	SES101	0.680062	-6.37827	-7.05834
BLOCK10/SES101/SA101S28	SES101	0.538503	-6.74887	-7.28737
BLOCK10/SES104/SA104S11	SES104	0.47912	-6.61546	-7.09458
BLOCK10/SES104/SA104S12	SES104	0.307809	-7.44841	-7.75622
BLOCK10/SES104/SA104S21	SES104	0.499657	-7.47453	-7.97419
BLOCK10/SES104/SA104S24	SES104	-0.272981	-8.04093	-7.76795
BLOCK10/SES104/SA104S28	SES104	0.766559	-6.87177	-7.63833
BLOCK10/SES105/SA105S12	SES105	0.579244	-7.60529	-8.18454
BLOCK10/SES105/SA105S13	SES105	0.0318418	-7.30999	-7.34183
BLOCK10/SES105/SA105S22	SES105	0.333	-8.16891	-8.50191
BLOCK10/SES105/SA105S26	SES105	0.435833	-7.75653	-8.19236
BLOCK10/SES105/SA105S29	SES105	0.886025	-6.22654	-7.11256
BLOCK10/SES106/SA106S09	SES106	0.653639	-7.56198	-8.21562
BLOCK10/SES106/SA106S11	SES106	0.780924	-6.45456	-7.23548
BLOCK10/SES106/SA106S22	SES106	1.21347	-7.38387	-8.59734
BLOCK10/SES106/SA106S27	SES106	0.326976	-6.83698	-7.16395
BLOCK10/SES106/SA106S29	SES106	0.6447	-6.22712	-6.87182
BLOCK11/SES117/SA117S12	SES117	0.520297	-7.48576	-8.00606
BLOCK11/SES117/SA117S13	SES117	-0.415424	-8.19669	-7.78127
BLOCK11/SES117/SA117S23	SES117	0.799227	-8.15111	-8.95034
BLOCK11/SES117/SA117S25	SES117	0.522573	-7.70124	-8.22381
BLOCK11/SES117/SA117S28	SES117	0.680063	-7.52074	-8.2008
BLOCK12/SES120/SA120S08	SES120	0.512063	-7.14773	-7.65979
BLOCK12/SES120/SA120S11	SES120	0.32543	-9.98296	-10.3084
BLOCK12/SES120/SA120S22	SES120	0.120936	-6.85866	-6.9796
BLOCK12/SES120/SA120S24	SES120	0.515079	-7.63452	-8.1496
BLOCK12/SES120/SA120S28	SES120	0.216419	-7.93411	-8.15053
BLOCK12/SES125/SA125S13	SES125	0.516856	-7.11039	-7.62724
BLOCK12/SES125/SA125S14	SES125	0.423072	-7.49279	-7.91586
BLOCK12/SES125/SA125S25	SES125	0.733987	-7.56788	-8.30187
BLOCK12/SES125/SA125S27	SES125	0.946309	-6.49531	-7.44162
BLOCK12/SES125/SA125S29	SES125	0.531134	-6.81954	-7.35067
BLOCK12/SES127/SA127S11	SES127	-0.0399694	-7.5861	-7.54613
BLOCK12/SES127/SA127S12	SES127	0.262788	-5.85626	-6.11905
BLOCK12/SES127/SA127S23	SES127	0.326023	-6.41743	-6.74346
BLOCK12/SES127/SA127S25	SES127	0.198283	-6.55763	-6.75592
BLOCK12/SES127/SA127S27	SES127	0.574879	-6.58595	-7.16083
BLOCK12/SES129/SA129S11	SES129	0.874422	-5.83547	-6.70989
BLOCK12/SES129/SA129S12	SES129	0.811509	-5.77196	-6.58347
BLOCK12/SES129/SA129S22	SES129	0.76572	-6.5733	-7.33902
BLOCK12/SES129/SA129S27	SES129	1.02211	-6.41335	-7.43545
BLOCK12/SES129/SA129S29	SES129	0.0212216	-7.85024	-7.87146
BLOCK14/SES142/SA142S11	SES142	1.08275	-6.2353	-7.31805
BLOCK14/SES142/SA142S12	SES142	0.555175	-7.10743	-7.66261
BLOCK14/SES142/SA142S24	SES142	0.811329	-6.44881	-7.26014
BLOCK14/SES142/SA142S27	SES142	0.982527	-6.26742	-7.24994
BLOCK14/SES142/SA142S29	SES142	1.08244	-6.02719	-7.10964
BLOCK14/SES143/SA143S12	SES143	0.833735	-6.63138	-7.46512
BLOCK14/SES143/SA143S13	SES143	0.690284	-7.00324	-7.69353
BLOCK14/SES143/SA143S23	SES143	0.153232	-7.09632	-7.24955
BLOCK14/SES143/SA143S25	SES143	0.433775	-7.22559	-7.65937
BLOCK14/SES143/SA143S28	SES143	0.541404	-7.00877	-7.55017
BLOCK14/SES144/SA144S09	SES144	0.404511	-7.08109	-7.4856
BLOCK14/SES144/SA144S11	SES144	-0.16602	-7.1956	-7.02958
BLOCK14/SES144/SA144S21	SES144	-0.359621	-7.85558	-7.49596
BLOCK14/SES144/SA144S25	SES144	0.377409	-7.3376	-7.71501
BLOCK14/SES144/SA144S29	SES144	-0.548297	-8.26599	-7.71769
BLOCK14/SES146/SA146S14	SES146	0.0368543	-7.80302	-7.83988
BLOCK14/SES146/SA146S15	SES146	-0.160821	-7.78853	-7.6277
BLOCK14/SES146/SA146S24	SES146	0.395557	-7.17522	-7.57078
BLOCK14/SES146/SA146S26	SES146	0.733407	-7.00336	-7.73676
BLOCK14/SES146/SA146S29	SES146	0.489204	-7.67593	-8.16513
BLOCK14/SES147/SA147S11	SES147	0.0198646	-7.32845	-7.34831
BLOCK14/SES147/SA147S13	SES147	0.348658	-6.41682	-6.76548
BLOCK14/SES147/SA147S23	SES147	0.689457	-6.98812	-7.67758
BLOCK14/SES147/SA147S26	SES147	0.812469	-6.86488	-7.67735
BLOCK14/SES147/SA147S28	SES147	1.20759	-6.16743	-7.37502
BLOCK14/SES148/SA148S10	SES148	0.454269	-6.37593	-6.8302
BLOCK14/SES148/SA148S12	SES148	-0.111798	-7.67735	-7.56555
BLOCK14/SES148/SA148S22	SES148	0.528523	-6.53307	-7.06159
BLOCK14/SES148/SA148S26	SES148	-0.134687	-6.26173	-6.12705
BLOCK14/SES148/SA148S29	SES148	0.181204	-7.26167	-7.44287
BLOCK14/SES149/SA149S13	SES149	-0.198873	-7.16992	-6.97105
BLOCK14/SES149/SA149S14	SES149	0.130349	-6.40351	-6.53385
BLOCK14/SES149/SA149S24	SES149	0.774564	-6.62882	-7.40338
BLOCK14/SES149/SA149S26	SES149	0.805218	-5.85898	-6.6642
BLOCK14/SES149/SA149S28	SES149	1.44348	-5.00466	-6.44814
BLOCK15/SES158/SA158S13	SES158	0.643209	-6.8738	-7.51701
BLOCK15/SES158/SA158S14	SES158	0.612675	-7.78265	-8.39533
BLOCK15/SES158/SA158S23	SES158	0.64881	-6.05366	-6.70247
BLOCK15/SES158/SA158S26	SES158	1.15963	-7.19637	-8.35601
BLOCK15/SES158/SA158S28	SES158	0.432764	-7.45044	-7.8832
BLOCK16/SES162/SA162S10	SES162	0.160562	-8.00025	-8.16082
BLOCK16/SES162/SA162S11	SES162	0.413767	-6.39746	-6.81123
BLOCK16/SES162/SA162S21	SES162	0.737877	-6.68473	-7.42261
BLOCK16/SES162/SA162S24	SES162	0.184658	-6.95931	-7.14397
BLOCK16/SES162/SA162S27	SES162	1.08992	-7.63012	-8.72004
BLOCK16/SES167/SA167S14	SES167	0.95173	-6.18194	-7.13367
BLOCK16/SES167/SA167S15	SES167	1.00425	-6.1706	-7.17484
BLOCK16/SES167/SA167S21	SES167	1.263	-5.80273	-7.06574
BLOCK16/SES167/SA167S25	SES167	1.48366	-6.17155	-7.65521
BLOCK16/SES167/SA167S29	SES167	1.51358	-5.63363	-7.14721
BLOCK17/SES172/SA172S12	SES172	0.947535	-7.60992	-8.55745
BLOCK17/SES172/SA172S13	SES172	1.01005	-7.36074	-8.37078
BLOCK17/SES172/SA172S23	SES172	0.788703	-6.67458	-7.46328
BLOCK17/SES172/SA172S27	SES172	0.53287	-8.20043	-8.7333
BLOCK17/SES172/SA172S29	SES172	1.35523	-6.69883	-8.05406
BLOCK17/SES175/SA175S11	SES175	0.197613	-7.26807	-7.46568
BLOCK17/SES175/SA175S13	SES175	0.450161	-5.21469	-5.66485
BLOCK17/SES175/SA175S23	SES175	0.355047	-6.27749	-6.63254
BLOCK17/SES175/SA175S25	SES175	-0.122992	-7.90895	-7.78596
BLOCK17/SES175/SA175S28	SES175	0.134264	-6.47854	-6.6128
BLOCK17/SES177/SA177S15	SES177	0.486827	-7.72809	-8.21492
BLOCK17/SES177/SA177S17	SES177	0.299416	-7.74773	-8.04715
BLOCK17/SES177/SA177S23	SES177	0.194216	-7.74346	-7.93767
BLOCK17/SES177/SA177S26	SES177	0.55355	-5.63885	-6.1924
BLOCK17/SES177/SA177S28	SES177	0.584744	-7.49023	-8.07498
BLOCK18/SES180/SA180S13	SES180	-0.265011	-8.14391	-7.8789
BLOCK18/SES180/SA180S15	SES180	0.0397973	-7.10705	-7.14685
BLOCK18/SES180/SA180S24	SES180	0.396302	-6.25365	-6.64995
BLOCK18/SES180/SA180S26	SES180	0.27639	-6.45953	-6.73592
BLOCK18/SES180/SA180S29	SES180	-0.217603	-7.8354	-7.6178
BLOCK18/SES183/SA183S13	SES183	0.850655	-6.79909	-7.64974
BLOCK18/SES183/SA183S14	SES183	-0.0971103	-7.18405	-7.08694
BLOCK18/SES183/SA183S24	SES183	0.963386	-7.25768	-8.22106
BLOCK18/SES183/SA183S27	SES183	0.837997	-7.68155	-8.51954
BLOCK18/SES183/SA183S29	SES183	0.776065	-6.73025	-7.50631
BLOCK18/SES187/SA187S13	SES187	0.21003	-8.40464	-8.61467
BLOCK18/SES187/SA187S14	SES187	0.167917	-8.01361	-8.18152
BLOCK18/SES187/SA187S24	SES187	0.842558	-7.40255	-8.2451
BLOCK18/SES187/SA187S27	SES187	0.589411	-7.75565	-8.34507
BLOCK18/SES187/SA187S29	SES187	0.58889	-8.27999	-8.86888
BLOCK18/SES189/SA189S10	SES189	0.901637	-7.63191	-8.53355
BLOCK18/SES189/SA189S13	SES189	0.900992	-8.42505	-9.32605
BLOCK18/SES189/SA189S24	SES189	0.431039	-6.81829	-7.24933
BLOCK18/SES189/SA189S26	SES189	0.877076	-6.88906	-7.76614
BLOCK18/SES189/SA189S29	SES189	0.799042	-6.74635	-7.54539
BLOCK20/SES202/SA202S12	SES202	0.462293	-7.01199	-7.47428
BLOCK20/SES202/SA202S14	SES202	0.803796	-6.91377	-7.71756
BLOCK20/SES202/SA202S24	SES202	0.241233	-7.86039	-8.10162
BLOCK20/SES202/SA202S27	SES202	0.571708	-6.62386	-7.19557
BLOCK20/SES202/SA202S29	SES202	0.6533	-6.82782	-7.48112
BLOCK20/SES206/SA206S15	SES206	-0.740775	-7.14008	-6.3993
BLOCK20/SES206/SA206S17	SES206	0.440092	-7.48762	-7.92771
BLOCK20/SES206/SA206S24	SES206	0.94313	-5.88203	-6.82516
BLOCK20/SES206/SA206S27	SES206	0.821544	-7.5158	-8.33734
BLOCK20/SES206/SA206S29	SES206	1.19077	-5.96646	-7.15723
BLOCK22/SES226/SA226S12	SES226	0.203383	-7.58047	-7.78385
BLOCK22/SES226/SA226S13	SES226	-0.20252	-8.25374	-8.05122
BLOCK22/SES226/SA226S20	SES226	0.328179	-7.44015	-7.76833
BLOCK22/SES226/SA226S23	SES226	0.659677	-6.66518	-7.32486
BLOCK22/SES226/SA226S28	SES226	0.788097	-6.65336	-7.44145
BLOCK25/SES259/SA259S13	SES259	1.66287	-6.31946	-7.98233
BLOCK25/SES259/SA259S14	SES259	0.924713	-6.44823	-7.37294
BLOCK25/SES259/SA259S22	SES259	1.11304	-6.00341	-7.11645
BLOCK25/SES259/SA259S24	SES259	0.647859	-6.8214	-7.46926
BLOCK25/SES259/SA259S28	SES259	0.67582	-6.61673	-7.29255
BLOCK27/SES270/SA270S14	SES270	1.51523	-6.93021	-8.44544
BLOCK27/SES270/SA270S16	SES270	-0.00177908	-7.20303	-7.20125
BLOCK27/SES270/SA270S22	SES270	1.71374	-6.2983	-8.01204
BLOCK27/SES270/SA270S26	SES270	0.792137	-7.10898	-7.90112
BLOCK27/SES270/SA270S28	SES270	0.514801	-7.05672	-7.57152
BLOCK27/SES275/SA275S17	SES275	0.194516	-6.90501	-7.09952
BLOCK27/SES275/SA275S18	SES275	0.0477805	-7.11281	-7.16059
BLOCK27/SES275/SA275S24	SES275	0.351314	-7.48227	-7.83358
BLOCK27/SES275/SA275S26	SES275	0.724319	-6.79038	-7.5147
BLOCK27/SES275/SA275S28	SES275	0.264595	-7.33754	-7.60213
BLOCK29/SES292/SA292S10	SES292	-0.325802	-6.8516	-6.5258
BLOCK29/SES292/SA292S12	SES292	-0.118806	-8.31749	-8.19869
BLOCK29/SES292/SA292S22	SES292	-0.0529995	-7.58755	-7.53455
BLOCK29/SES292/SA292S24	SES292	-0.454369	-7.57468	-7.12031
BLOCK29/SES292/SA292S27	SES292	-0.304772	-7.19016	-6.88539
BLOCK00/SES001/SA001S14	SES062	-1.99371	-9.92088	-7.92718
BLOCK00/SES001/SA001S14	SES082	-0.745556	-8.67273	-7.92718
BLOCK00/SES001/SA001S14	SES106	-1.38194	-9.30912	-7.92718
BLOCK00/SES001/SA001S14	SES206	-1.75344	-9.68061	-7.92718
BLOCK00/SES001/SA001S15	SES062	-1.31222	-8.35647	-7.04425
BLOCK00/SES001/SA001S15	SES104	-1.49134	-8.53558	-7.04425
BLOCK00/SES001/SA001S15	SES106	-1.81436	-8.8586	-7.04425
BLOCK00/SES001/SA001S15	SES206	-1.61429	-8.65854	-7.04425
BLOCK00/SES001/SA001S24	SES062	-0.984691	-8.14548	-7.16079
BLOCK00/SES001/SA001S24	SES082	-1.18249	-8.34328	-7.16079
BLOCK00/SES001/SA001S24	SES087	-1.16294	-8.32373	-7.16079
BLOCK00/SES001/SA001S24	SES206	-0.660228	-7.82101	-7.16079
BLOCK00/SES001/SA001S27	SES062	-0.801606	-6.75407	-5.95247
BLOCK00/SES001/SA001S27	SES082	-1.01399	-6.96646	-5.95247
BLOCK00/SES001/SA001S27	SES087	-0.671742	-6.62421	-5.95247
BLOCK00/SES001/SA001S27	SES206	-1.126	-7.07846	-5.95247
BLOCK00/SES001/SA001S29	SES062	-1.5331	-8.95168	-7.41858
BLOCK00/SES001/SA001S29	SES082	-0.928458	-8.34704	-7.41858
BLOCK00/SES001/SA001S29	SES158	-0.920105	-8.33869	-7.41858
BLOCK00/SES001/SA001S29	SES206	-0.926778	-8.34536	-7.41858
BLOCK00/SES003/SA003S11	SES002	-0.364197	-8.25588	-7.89168
BLOCK00/SES003/SA003S11	SES019	-1.51008	-9.40176	-7.89168
BLOCK00/SES003/SA003S11	SES082	-0.566728	-8.45841	-7.89168
BLOCK00/SES003/SA003S11	SES125	-0.973932	-8.86561	-7.89168
BLOCK00/SES003/SA003S15	SES016	-1.47831	-8.35667	-6.87836
BLOCK00/SES003/SA003S15	SES019	-3.55931	-10.4377	-6.87836
BLOCK00/SES003/SA003S15	SES062	-0.305278	-7.18364	-6.87836
BLOCK00/SES003/SA003S15	SES206	-0.752604	-7.63097	-6.87836
BLOCK00/SES003/SA003S22	SES002	-0.660276	-8.0289	-7.36862
BLOCK00/SES003/SA003S22	SES062	-0.0309067	-7.39953	-7.36862
BLOCK00/SES003/SA003S22	SES082	-0.750869	-8.11949	-7.36862
BLOCK00/SES003/SA003S22	SES087	-0.314618	-7.68324	-7.36862
BLOCK00/SES003/SA003S25	SES062	-2.15464	-10.5697	-8.41509
BLOCK00/SES003/SA003S25	SES082	-1.94861	-10.3637	-8.41509
BLOCK00/SES003/SA003S25	SES087	-1.87084	-10.2859	-8.41509
BLOCK00/SES003/SA003S25	SES206	-1.33264	-9.74773	-8.41509
BLOCK00/SES003/SA003S29	SES002	-0.985256	-8.82804	-7.84278
BLOCK00/SES003/SA003S29	SES062	-2.30669	-10.1495	-7.84278
BLOCK00/SES003/SA003S29	SES082	-1.27126	-9.11404	-7.84278
BLOCK00/SES003/SA003S29	SES087	-2.16094	-10.0037	-7.84278
BLOCK00/SES004/SA004S12	SES083	-1.24364	-7.9364	-6.69277
BLOCK00/SES004/SA004S12	SES148	-0.836132	-7.5289	-6.69277
BLOCK00/SES004/SA004S12	SES172	-0.185956	-6.87872	-6.69277
BLOCK00/SES004/SA004S12	SES292	-1.10387	-7.79664	-6.69277
BLOCK00/SES004/SA004S17	SES083	-1.17774	-8.13466	-6.95691
BLOCK00/SES004/SA004S17	SES162	-0.914657	-7.87157	-6.95691
BLOCK00/SES004/SA004S17	SES172	-0.570621	-7.52754	-6.95691
BLOCK00/SES004/SA004S17	SES292	-1.35018	-8.30709	-6.95691
BLOCK00/SES004/SA004S24	SES083	-1.17395	-7.88957	-6.71563
BLOCK00/SES004/SA004S24	SES148	-1.43698	-8.15261	-6.71563
BLOCK00/SES004/SA004S24	SES172	-0.251467	-6.96709	-6.71563
BLOCK00/SES004/SA004S24	SES292	-0.904773	-7.6204	-6.71563
BLOCK00/SES004/SA004S26	SES083	-2.03435	-9.14816	-7.11381
BLOCK00/SES004/SA004S26	SES127	-1.01716	-8.13097	-7.11381
BLOCK00/SES004/SA004S26	SES148	-2.67173	-9.78553	-7.11381
BLOCK00/SES004/SA004S26	SES292	-1.60963	-8.72344	-7.11381
BLOCK00/SES004/SA004S28	SES083	-1.45751	-8.15987	-6.70236
BLOCK00/SES004/SA004S28	SES127	-0.22404	-6.9264	-6.70236
BLOCK00/SES004/SA004S28	SES187	-0.177639	-6.87999	-6.70236
BLOCK00/SES004/SA004S28	SES292	-1.18853	-7.89089	-6.70236
BLOCK00/SES006/SA006S10	SES014	-1.83795	-10.8252	-8.98728
BLOCK00/SES006/SA006S10	SES158	-1.56812	-10.5554	-8.98728
BLOCK00/SES006/SA006S10	SES226	-2.47204	-11.4593	-8.98728
BLOCK00/SES006/SA006S10	SES270	-0.136882	-9.12417	-8.98728
BLOCK00/SES006/SA006S11	SES158	-2.1995	-10.8218	-8.6223
BLOCK00/SES006/SA006S11	SES226	-1.37389	-9.99618	-8.6223
BLOCK00/SES006/SA006S11	SES270	-0.0849094	-8.70721	-8.6223
BLOCK00/SES006/SA006S11	SES275	-1.74746	-10.3698	-8.6223
BLOCK00/SES006/SA006S23	SES062	-4.09349	-12.5637	-8.47016
BLOCK00/SES006/SA006S23	SES105	-3.74176	-12.2119	-8.47016
BLOCK00/SES006/SA006S23	SES158	-2.08965	-10.5598	-8.47016
BLOCK00/SES006/SA006S23	SES275	-2.62372	-11.0939	-8.47016
BLOCK00/SES006/SA006S26	SES104	-3.13117	-11.7391	-8.6079
BLOCK00/SES006/SA006S26	SES158	-2.04876	-10.6567	-8.6079
BLOCK00/SES006/SA006S26	SES270	-0.289001	-8.8969	-8.6079
BLOCK00/SES006/SA006S26	SES275	-2.15111	-10.759	-8.6079
BLOCK00/SES006/SA006S28	SES007	-2.28933	-11.033	-8.74366
BLOCK00/SES006/SA006S28	SES105	-2.97656	-11.7202	-8.74366
BLOCK00/SES006/SA006S28	SES158	-1.70834	-10.452	-8.74366
BLOCK00/SES006/SA006S28	SES275	-2.65142	-11.3951	-8.74366
BLOCK00/SES009/SA009S12	SES083	-1.9728	-9.5359	-7.56311
BLOCK00/SES009/SA009S12	SES148	-1.07312	-8.63622	-7.56311
BLOCK00/SES009/SA009S12	SES177	-0.425879	-7.98899	-7.56311
BLOCK00/SES009/SA009S12	SES292	-0.724133	-8.28724	-7.56311
BLOCK00/SES009/SA009S15	SES007	0.0551205	-6.98357	-7.03869
BLOCK00/SES009/SA009S15	SES099	-2.45546	-9.49415	-7.03869
BLOCK00/SES009/SA009S15	SES148	-1.11063	-8.14932	-7.03869
BLOCK00/SES009/SA009S15	SES172	-0.559012	-7.5977	-7.03869
BLOCK00/SES009/SA009S24	SES146	-0.230332	-7.86482	-7.63448
BLOCK00/SES009/SA009S24	SES148	-1.76259	-9.39708	-7.63448
BLOCK00/SES009/SA009S24	SES177	-0.227797	-7.86228	-7.63448
BLOCK00/SES009/SA009S24	SES292	-0.895748	-8.53023	-7.63448
BLOCK00/SES009/SA009S26	SES083	-2.21313	-9.47919	-7.26605
BLOCK00/SES009/SA009S26	SES101	-2.18089	-9.44695	-7.26605
BLOCK00/SES009/SA009S26	SES120	-0.772343	-8.0384	-7.26605
BLOCK00/SES009/SA009S26	SES177	-1.23837	-8.50442	-7.26605
BLOCK00/SES009/SA009S29	SES083	-1.52257	-8.91023	-7.38766
BLOCK00/SES009/SA009S29	SES101	-1.25049	-8.63814	-7.38766
BLOCK00/SES009/SA009S29	SES177	-0.507314	-7.89497	-7.38766
BLOCK00/SES009/SA009S29	SES292	-1.03595	-8.42361	-7.38766
BLOCK01/SES011/SA011S10	SES019	-3.3045	-12.2294	-8.92486
BLOCK01/SES011/SA011S10	SES042	0.903695	-8.02117	-8.92486
BLOCK01/SES011/SA011S10	SES082	-0.723166	-9.64803	-8.92486
BLOCK01/SES011/SA011S10	SES206	0.000245094	-8.92462	-8.92486
BLOCK01/SES011/SA011S11	SES019	-2.82855	-11.3149	-8.48631
BLOCK01/SES011/SA011S11	SES042	0.685916	-7.8004	-8.48631
BLOCK01/SES011/SA011S11	SES082	-0.305772	-8.79208	-8.48631
BLOCK01/SES011/SA011S11	SES206	-0.554837	-9.04115	-8.48631
BLOCK01/SES011/SA011S22	SES019	-2.23781	-10.9138	-8.67595
BLOCK01/SES011/SA011S22	SES042	0.698413	-7.97754	-8.67595
BLOCK01/SES011/SA011S22	SES082	-0.966083	-9.64203	-8.67595
BLOCK01/SES011/SA011S22	SES206	-0.708598	-9.38455	-8.67595
BLOCK01/SES011/SA011S24	SES019	-2.82711	-10.6819	-7.85479
BLOCK01/SES011/SA011S24	SES042	1.08773	-6.76706	-7.85479
BLOCK01/SES011/SA011S24	SES104	-0.126871	-7.98166	-7.85479
BLOCK01/SES011/SA011S24	SES206	-0.196477	-8.05127	-7.85479
BLOCK01/SES011/SA011S27	SES082	-0.16611	-8.01917	-7.85306
BLOCK01/SES011/SA011S27	SES087	-1.41707	-9.27013	-7.85306
BLOCK01/SES011/SA011S27	SES125	-0.198492	-8.05156	-7.85306
BLOCK01/SES011/SA011S27	SES206	-0.45556	-8.30862	-7.85306
BLOCK01/SES012/SA012S11	SES007	-0.403588	-7.06689	-6.66331
BLOCK01/SES012/SA012S11	SES082	-0.277421	-6.94073	-6.66331
BLOCK01/SES012/SA012S11	SES083	-1.32221	-7.98552	-6.66331
BLOCK01/SES012/SA012S11	SES206	-0.764458	-7.42776	-6.66331
BLOCK01/SES012/SA012S14	SES082	-0.434162	-8.33839	-7.90423
BLOCK01/SES012/SA012S14	SES087	-1.17278	-9.07701	-7.90423
BLOCK01/SES012/SA012S14	SES206	-0.604414	-8.50864	-7.90423
BLOCK01/SES012/SA012S14	SES292	-0.931435	-8.83566	-7.90423
BLOCK01/SES012/SA012S24	SES082	-0.530304	-9.1681	-8.6378
BLOCK01/SES012/SA012S24	SES087	-1.16441	-9.80221	-8.6378
BLOCK01/SES012/SA012S24	SES120	-1.38925	-10.027	-8.6378
BLOCK01/SES012/SA012S24	SES206	-0.827182	-9.46498	-8.6378
BLOCK01/SES012/SA012S26	SES019	-5.72511	-14.2805	-8.55534
BLOCK01/SES012/SA012S26	SES082	-1.48117	-10.0365	-8.55534
BLOCK01/SES012/SA012S26	SES206	0.339137	-8.2162	-8.55534
BLOCK01/SES012/SA012S26	SES292	-0.513497	-9.06884	-8.55534
BLOCK01/SES012/SA012S29	SES062	-1.09267	-7.45593	-6.36326
BLOCK01/SES012/SA012S29	SES082	-0.156328	-6.51959	-6.36326
BLOCK01/SES012/SA012S29	SES083	-1.57665	-7.9399	-6.36326
BLOCK01/SES012/SA012S29	SES206	-0.262914	-6.62617	-6.36326
BLOCK01/SES013/SA013S16	SES062	-3.07417	-11.7845	-8.71034
BLOCK01/SES013/SA013S16	SES106	-1.08819	-9.79854	-8.71034
BLOCK01/SES013/SA013S16	SES206	-1.28875	-9.9991	-8.71034
BLOCK01/SES013/SA013S16	SES226	-0.824319	-9.53466	-8.71034
BLOCK01/SES013/SA013S17	SES062	-1.67265	-9.33422	-7.66157
BLOCK01/SES013/SA013S17	SES106	-1.24101	-8.90258	-7.66157
BLOCK01/SES013/SA013S17	SES206	-0.294774	-7.95634	-7.66157
BLOCK01/SES013/SA013S17	SES226	-0.454978	-8.11655	-7.66157
BLOCK01/SES013/SA013S23	SES104	-1.43493	-10.3033	-8.86841
BLOCK01/SES013/SA013S23	SES106	-0.344132	-9.21254	-8.86841
BLOCK01/SES013/SA013S23	SES206	-1.73812	-10.6065	-8.86841
BLOCK01/SES013/SA013S23	SES270	-0.372818	-9.24123	-8.86841
BLOCK01/SES013/SA013S25	SES042	-2.73571	-10.846	-8.11034
BLOCK01/SES013/SA013S25	SES104	-0.557204	-8.66754	-8.11034
BLOCK01/SES013/SA013S25	SES106	-0.0519381	-8.16227	-8.11034
BLOCK01/SES013/SA013S25	SES206	-1.64137	-9.75171	-8.11034
BLOCK01/SES013/SA013S29	SES062	-2.95876	-11.3286	-8.36985
BLOCK01/SES013/SA013S29	SES104	-1.37913	-9.74898	-8.36985
BLOCK01/SES013/SA013S29	SES106	-0.517465	-8.88732	-8.36985
BLOCK01/SES013/SA013S29	SES206	-2.06811	-10.438	-8.36985
BLOCK02/SES021/SA021S13	SES016	-2.88853	-10.4622	-7.57367
BLOCK02/SES021/SA021S13	SES029	-1.1133	-8.68697	-7.57367
BLOCK02/SES021/SA021S13	SES087	-2.35471	-9.92838	-7.57367
BLOCK02/SES021/SA021S13	SES206	-1.54423	-9.1179	-7.57367
BLOCK02/SES021/SA021S15	SES087	-0.682623	-7.97711	-7.29448
BLOCK02/SES021/SA021S15	SES125	-0.809898	-8.10438	-7.29448
BLOCK02/SES021/SA021S15	SES206	-1.19965	-8.49413	-7.29448
BLOCK02/SES021/SA021S15	SES226	-1.32515	-8.61963	-7.29448
BLOCK02/SES021/SA021S23	SES062	-2.62866	-10.9602	-8.33158
BLOCK02/SES021/SA021S23	SES087	-1.05806	-9.38964	-8.33158
BLOCK02/SES021/SA021S23	SES206	-1.55806	-9.88964	-8.33158
BLOCK02/SES021/SA021S23	SES226	-1.47852	-9.8101	-8.33158
BLOCK02/SES021/SA021S27	SES002	-0.875011	-7.6983	-6.82329
BLOCK02/SES021/SA021S27	SES016	-4.1515	-10.9748	-6.82329
BLOCK02/SES021/SA021S27	SES019	-1.98358	-8.80687	-6.82329
BLOCK02/SES021/SA021S27	SES062	-1.25174	-8.07503	-6.82329
BLOCK02/SES021/SA021S29	SES087	-1.3482	-9.22716	-7.87895
BLOCK02/SES021/SA021S29	SES125	-1.97575	-9.8547	-7.87895
BLOCK02/SES021/SA021S29	SES206	-0.458753	-8.33771	-7.87895
BLOCK02/SES021/SA021S29	SES226	-1.16715	-9.0461	-7.87895
BLOCK04/SES043/SA043S09	SES083	-0.315696	-8.36774	-8.05204
BLOCK04/SES043/SA043S09	SES101	-0.718965	-8.77101	-8.05204
BLOCK04/SES043/SA043S09	SES144	-0.362004	-8.41405	-8.05204
BLOCK04/SES043/SA043S09	SES172	-1.46153	-9.51357	-8.05204
BLOCK04/SES043/SA043S11	SES083	-0.162868	-7.12313	-6.96026
BLOCK04/SES043/SA043S11	SES101	-0.532228	-7.49249	-6.96026
BLOCK04/SES043/SA043S11	SES144	-0.029891	-6.99015	-6.96026
BLOCK04/SES043/SA043S11	SES172	-0.552258	-7.51252	-6.96026
BLOCK04/SES043/SA043S23	SES083	-0.328465	-7.92356	-7.59509
BLOCK04/SES043/SA043S23	SES144	-0.149721	-7.74481	-7.59509
BLOCK04/SES043/SA043S23	SES177	-0.588684	-8.18377	-7.59509
BLOCK04/SES043/SA043S23	SES275	-0.798399	-8.39349	-7.59509
BLOCK04/SES043/SA043S26	SES083	-0.91177	-9.53356	-8.62179
BLOCK04/SES043/SA043S26	SES101	-0.689135	-9.31092	-8.62179
BLOCK04/SES043/SA043S26	SES144	-0.105776	-8.72756	-8.62179
BLOCK04/SES043/SA043S26	SES177	-0.955794	-9.57758	-8.62179
BLOCK04/SES043/SA043S28	SES016	-1.94232	-9.39428	-7.45197
BLOCK04/SES043/SA043S28	SES083	-0.49672	-7.94869	-7.45197
BLOCK04/SES043/SA043S28	SES101	-0.797434	-8.2494	-7.45197
BLOCK04/SES043/SA043S28	SES144	-0.706875	-8.15884	-7.45197
BLOCK04/SES044/SA044S10	SES127	-2.68771	-10.8258	-8.13813
BLOCK04/SES044/SA044S10	SES144	-0.633058	-8.77119	-8.13813
BLOCK04/SES044/SA044S10	SES147	-3.45635	-11.5945	-8.13813
BLOCK04/SES044/SA044S10	SES148	-2.74809	-10.8862	-8.13813
BLOCK04/SES044/SA044S11	SES101	-0.505012	-8.03538	-7.53036
BLOCK04/SES044/SA044S11	SES144	0.0539832	-7.47638	-7.53036
BLOCK04/SES044/SA044S11	SES147	-1.84765	-9.37801	-7.53036
BLOCK04/SES044/SA044S11	SES177	-1.15413	-8.68449	-7.53036
BLOCK04/SES044/SA044S24	SES007	-1.7307	-9.53956	-7.80886
BLOCK04/SES044/SA044S24	SES101	-0.38906	-8.19792	-7.80886
BLOCK04/SES044/SA044S24	SES147	-1.5042	-9.31306	-7.80886
BLOCK04/SES044/SA044S24	SES177	-0.44802	-8.25688	-7.80886
BLOCK04/SES044/SA044S26	SES007	-1.2602	-8.44621	-7.18602
BLOCK04/SES044/SA044S26	SES016	-0.375671	-7.56169	-7.18602
BLOCK04/SES044/SA044S26	SES101	-0.379936	-7.56595	-7.18602
BLOCK04/SES044/SA044S26	SES147	-0.550937	-7.73695	-7.18602
BLOCK04/SES044/SA044S29	SES007	-2.33317	-9.40548	-7.07232
BLOCK04/SES044/SA044S29	SES101	-0.110075	-7.18239	-7.07232
BLOCK04/SES044/SA044S29	SES147	-1.05677	-8.12908	-7.07232
BLOCK04/SES044/SA044S29	SES177	-2.27291	-9.34523	-7.07232
BLOCK04/SES046/SA046S13	SES101	-0.681242	-9.16848	-8.48723
BLOCK04/SES046/SA046S13	SES144	-0.299403	-8.78664	-8.48723
BLOCK04/SES046/SA046S13	SES147	-2.11674	-10.604	-8.48723
BLOCK04/SES046/SA046S13	SES177	-1.3985	-9.88573	-8.48723
BLOCK04/SES046/SA046S15	SES048	-0.248955	-6.31748	-6.06852
BLOCK04/SES046/SA046S15	SES083	-1.28674	-7.35526	-6.06852
BLOCK04/SES046/SA046S15	SES120	-2.41982	-8.48834	-6.06852
BLOCK04/SES046/SA046S15	SES148	-0.934507	-7.00303	-6.06852
BLOCK04/SES046/SA046S22	SES101	-0.576621	-8.42766	-7.85104
BLOCK04/SES046/SA046S22	SES144	-0.15272	-8.00376	-7.85104
BLOCK04/SES046/SA046S22	SES147	-1.98753	-9.83858	-7.85104
BLOCK04/SES046/SA046S22	SES172	-0.387866	-8.23891	-7.85104
BLOCK04/SES046/SA046S25	SES083	-0.749435	-7.70478	-6.95534
BLOCK04/SES046/SA046S25	SES127	-1.5381	-8.49344	-6.95534
BLOCK04/SES046/SA046S25	SES144	-0.757396	-7.71274	-6.95534
BLOCK04/SES046/SA046S25	SES148	-1.49558	-8.45092	-6.95534
BLOCK04/SES046/SA046S28	SES007	-1.15568	-8.40244	-7.24676
BLOCK04/SES046/SA046S28	SES105	-1.28984	-8.5366	-7.24676
BLOCK04/SES046/SA046S28	SES147	-1.13377	-8.38053	-7.24676
BLOCK04/SES046/SA046S28	SES148	-1.68943	-8.93619	-7.24676
BLOCK04/SES049/SA049S16	SES104	-1.19578	-9.87857	-8.68278
BLOCK04/SES049/SA049S16	SES106	-2.58879	-11.2716	-8.68278
BLOCK04/SES049/SA049S16	SES120	-1.79004	-10.4728	-8.68278
BLOCK04/SES049/SA049S16	SES206	-1.93273	-10.6155	-8.68278
BLOCK04/SES049/SA049S18	SES099	-0.553832	-8.77491	-8.22108
BLOCK04/SES049/SA049S18	SES104	-1.6218	-9.84288	-8.22108
BLOCK04/SES049/SA049S18	SES125	-1.69723	-9.91831	-8.22108
BLOCK04/SES049/SA049S18	SES206	-2.02571	-10.2468	-8.22108
BLOCK04/SES049/SA049S25	SES087	-2.42654	-11.2415	-8.81495
BLOCK04/SES049/SA049S25	SES104	-1.24327	-10.0582	-8.81495
BLOCK04/SES049/SA049S25	SES125	-1.35052	-10.1655	-8.81495
BLOCK04/SES049/SA049S25	SES206	-1.89709	-10.712	-8.81495
BLOCK04/SES049/SA049S27	SES099	-0.446154	-8.22831	-7.78216
BLOCK04/SES049/SA049S27	SES104	-0.105567	-7.88772	-7.78216
BLOCK04/SES049/SA049S27	SES125	-1.58365	-9.36581	-7.78216
BLOCK04/SES049/SA049S27	SES206	-1.64188	-9.42404	-7.78216
BLOCK04/SES049/SA049S29	SES099	-0.553277	-8.03493	-7.48165
BLOCK04/SES049/SA049S29	SES104	-0.0445819	-7.52623	-7.48165
BLOCK04/SES049/SA049S29	SES125	-0.324665	-7.80632	-7.48165
BLOCK04/SES049/SA049S29	SES206	-1.47099	-8.95265	-7.48165
BLOCK06/SES063/SA063S09	SES068	-2.81284	-11.6833	-8.87048
BLOCK06/SES063/SA063S09	SES083	-0.792857	-9.66334	-8.87048
BLOCK06/SES063/SA063S09	SES177	-0.570217	-9.4407	-8.87048
BLOCK06/SES063/SA063S09	SES187	-0.889478	-9.75996	-8.87048
BLOCK06/SES063/SA063S10	SES068	-1.60252	-10.168	-8.56547
BLOCK06/SES063/SA063S10	SES083	-0.800098	-9.36557	-8.56547
BLOCK06/SES063/SA063S10	SES172	-0.874703	-9.44017	-8.56547
BLOCK06/SES063/SA063S10	SES187	-0.940698	-9.50617	-8.56547
BLOCK06/SES063/SA063S20	SES068	-2.96392	-11.1975	-8.23359
BLOCK06/SES063/SA063S20	SES083	-1.08256	-9.31615	-8.23359
BLOCK06/SES063/SA063S20	SES172	-1.189	-9.42259	-8.23359
BLOCK06/SES063/SA063S20	SES187	-1.01023	-9.24382	-8.23359
BLOCK06/SES063/SA063S24	SES029	-2.31514	-11.5988	-9.28368
BLOCK06/SES063/SA063S24	SES083	-0.870069	-10.1537	-9.28368
BLOCK06/SES063/SA063S24	SES177	-0.495179	-9.77886	-9.28368
BLOCK06/SES063/SA063S24	SES189	0.634498	-8.64918	-9.28368
BLOCK06/SES063/SA063S27	SES083	-0.613999	-8.8578	-8.2438
BLOCK06/SES063/SA063S27	SES172	-1.77353	-10.0173	-8.2438
BLOCK06/SES063/SA063S27	SES187	-0.878357	-9.12216	-8.2438
BLOCK06/SES063/SA063S27	SES292	-1.30068	-9.54449	-8.2438
BLOCK06/SES067/SA067S12	SES083	-0.955223	-7.86814	-6.91292
BLOCK06/SES067/SA067S12	SES172	-1.4899	-8.40282	-6.91292
BLOCK06/SES067/SA067S12	SES202	-0.697415	-7.61033	-6.91292
BLOCK06/SES067/SA067S12	SES292	-1.267	-8.17992	-6.91292
BLOCK06/SES067/SA067S14	SES085	-1.02525	-6.95891	-5.93366
BLOCK06/SES067/SA067S14	SES177	-1.12774	-7.0614	-5.93366
BLOCK06/SES067/SA067S14	SES183	0.438969	-5.49469	-5.93366
BLOCK06/SES067/SA067S14	SES202	-0.514941	-6.4486	-5.93366
BLOCK06/SES067/SA067S21	SES144	-1.0426	-8.54091	-7.49831
BLOCK06/SES067/SA067S21	SES177	-1.57566	-9.07397	-7.49831
BLOCK06/SES067/SA067S21	SES183	-1.43253	-8.93084	-7.49831
BLOCK06/SES067/SA067S21	SES189	-1.12608	-8.62438	-7.49831
BLOCK06/SES067/SA067S25	SES085	-1.99373	-8.81428	-6.82055
BLOCK06/SES067/SA067S25	SES177	-1.22211	-8.04266	-6.82055
BLOCK06/SES067/SA067S25	SES183	-0.816836	-7.63739	-6.82055
BLOCK06/SES067/SA067S25	SES202	-1.17781	-7.99836	-6.82055
BLOCK06/SES067/SA067S29	SES085	-2.66654	-10.3573	-7.69081
BLOCK06/SES067/SA067S29	SES177	-1.7207	-9.41151	-7.69081
BLOCK06/SES067/SA067S29	SES183	-1.21262	-8.90343	-7.69081
BLOCK06/SES067/SA067S29	SES202	-0.841671	-8.53248	-7.69081
BLOCK06/SES069/SA069S12	SES029	-1.89394	-9.06162	-7.16768
BLOCK06/SES069/SA069S12	SES082	-0.942502	-8.11018	-7.16768
BLOCK06/SES069/SA069S12	SES087	-1.4367	-8.60438	-7.16768
BLOCK06/SES069/SA069S12	SES206	-0.690707	-7.85839	-7.16768
BLOCK06/SES069/SA069S13	SES029	-2.35154	-9.45387	-7.10234
BLOCK06/SES069/SA069S13	SES087	-1.2405	-8.34283	-7.10234
BLOCK06/SES069/SA069S13	SES206	-1.19141	-8.29375	-7.10234
BLOCK06/SES069/SA069S13	SES226	0.0693679	-7.03297	-7.10234
BLOCK06/SES069/SA069S23	SES029	-0.848465	-7.45633	-6.60787
BLOCK06/SES069/SA069S23	SES087	-0.672001	-7.27987	-6.60787
BLOCK06/SES069/SA069S23	SES206	-1.40229	-8.01016	-6.60787
BLOCK06/SES069/SA069S23	SES226	-0.100085	-6.70795	-6.60787
BLOCK06/SES069/SA069S25	SES087	-1.25753	-8.214	-6.95647
BLOCK06/SES069/SA069S25	SES206	-2.10441	-9.06089	-6.95647
BLOCK06/SES069/SA069S25	SES226	-0.432886	-7.38936	-6.95647
BLOCK06/SES069/SA069S25	SES270	-1.44583	-8.4023	-6.95647
BLOCK06/SES069/SA069S27	SES087	-1.62031	-9.20613	-7.58581
BLOCK06/SES069/SA069S27	SES206	-0.930628	-8.51644	-7.58581
BLOCK06/SES069/SA069S27	SES226	-0.118278	-7.70409	-7.58581
BLOCK06/SES069/SA069S27	SES270	-0.994601	-8.58041	-7.58581
BLOCK08/SES081/SA081S11	SES060	-1.45814	-9.172	-7.71386
BLOCK08/SES081/SA081S11	SES062	-0.692506	-8.40637	-7.71386
BLOCK08/SES081/SA081S11	SES117	-2.16272	-9.87659	-7.71386
BLOCK08/SES081/SA081S11	SES162	-1.84829	-9.56216	-7.71386
BLOCK08/SES081/SA081S13	SES016	-0.527568	-7.33388	-6.80631
BLOCK08/SES081/SA081S13	SES060	-0.235493	-7.04181	-6.80631
BLOCK08/SES081/SA081S13	SES068	-0.471685	-7.278	-6.80631
BLOCK08/SES081/SA081S13	SES129	-1.44758	-8.25389	-6.80631
BLOCK08/SES081/SA081S24	SES060	-0.493634	-7.86338	-7.36975
BLOCK08/SES081/SA081S24	SES068	-0.633351	-8.0031	-7.36975
BLOCK08/SES081/SA081S24	SES117	-1.72636	-9.09611	-7.36975
BLOCK08/SES081/SA081S24	SES275	-0.850898	-8.22064	-7.36975
BLOCK08/SES081/SA081S27	SES007	-0.00134659	-8.22325	-8.2219
BLOCK08/SES081/SA081S27	SES060	-0.423829	-8.64573	-8.2219
BLOCK08/SES081/SA081S27	SES117	-0.909199	-9.1311	-8.2219
BLOCK08/SES081/SA081S27	SES275	-1.38956	-9.61146	-8.2219
BLOCK08/SES081/SA081S29	SES007	-0.386689	-8.81654	-8.42985
BLOCK08/SES081/SA081S29	SES060	-0.316078	-8.74592	-8.42985
BLOCK08/SES081/SA081S29	SES117	-1.03359	-9.46344	-8.42985
BLOCK08/SES081/SA081S29	SES275	-1.63167	-10.0615	-8.42985
BLOCK08/SES086/SA086S11	SES029	-2.56757	-11.5189	-8.95133
BLOCK08/SES086/SA086S11	SES082	-2.3398	-11.2911	-8.95133
BLOCK08/SES086/SA086S11	SES087	-0.725351	-9.67669	-8.95133
BLOCK08/SES086/SA086S11	SES206	-1.92315	-10.8745	-8.95133
BLOCK08/SES086/SA086S12	SES029	-2.25766	-10.4696	-8.21195
BLOCK08/SES086/SA086S12	SES082	-1.55202	-9.76397	-8.21195
BLOCK08/SES086/SA086S12	SES087	0.0507498	-8.1612	-8.21195
BLOCK08/SES086/SA086S12	SES206	-1.16292	-9.37486	-8.21195
BLOCK08/SES086/SA086S20	SES029	-1.90911	-9.77801	-7.8689
BLOCK08/SES086/SA086S20	SES082	-1.28613	-9.15503	-7.8689
BLOCK08/SES086/SA086S20	SES087	-0.198054	-8.06696	-7.8689
BLOCK08/SES086/SA086S20	SES206	-0.612375	-8.48128	-7.8689
BLOCK08/SES086/SA086S24	SES087	-0.047472	-8.96936	-8.92188
BLOCK08/SES086/SA086S24	SES104	-1.70335	-10.6252	-8.92188
BLOCK08/SES086/SA086S24	SES120	-1.02908	-9.95096	-8.92188
BLOCK08/SES086/SA086S24	SES206	-0.697085	-9.61897	-8.92188
BLOCK08/SES086/SA086S28	SES029	-2.04317	-9.47888	-7.4357
BLOCK08/SES086/SA086S28	SES082	-1.38948	-8.82518	-7.4357
BLOCK08/SES086/SA086S28	SES087	-0.180828	-7.61653	-7.4357
BLOCK08/SES086/SA086S28	SES206	-0.959934	-8.39564	-7.4357
BLOCK08/SES089/SA089S13	SES087	-1.09525	-9.52372	-8.42848
BLOCK08/SES089/SA089S13	SES206	-1.70005	-10.1285	-8.42848
BLOCK08/SES089/SA089S13	SES226	-1.24265	-9.67113	-8.42848
BLOCK08/SES089/SA089S13	SES270	-1.85155	-10.28	-8.42848
BLOCK08/SES089/SA089S14	SES062	-1.46471	-9.57117	-8.10646
BLOCK08/SES089/SA089S14	SES087	-0.0952654	-8.20172	-8.10646
BLOCK08/SES089/SA089S14	SES206	-1.53585	-9.6423	-8.10646
BLOCK08/SES089/SA089S14	SES226	-1.12725	-9.23371	-8.10646
BLOCK08/SES089/SA089S23	SES087	-1.05959	-10.8113	-9.75168
BLOCK08/SES089/SA089S23	SES206	-2.12648	-11.8782	-9.75168
BLOCK08/SES089/SA089S23	SES226	-1.13003	-10.8817	-9.75168
BLOCK08/SES089/SA089S23	SES270	-3.64856	-13.4002	-9.75168
BLOCK08/SES089/SA089S25	SES062	-0.612957	-9.13085	-8.51789
BLOCK08/SES089/SA089S25	SES087	-0.512242	-9.03014	-8.51789
BLOCK08/SES089/SA089S25	SES206	-2.29413	-10.812	-8.51789
BLOCK08/SES089/SA089S25	SES226	-0.935093	-9.45299	-8.51789
BLOCK08/SES089/SA089S28	SES062	-0.632828	-9.04043	-8.4076
BLOCK08/SES089/SA089S28	SES087	0.0759792	-8.33162	-8.4076
BLOCK08/SES089/SA089S28	SES206	-1.5516	-9.9592	-8.4076
BLOCK08/SES089/SA089S28	SES226	-0.682951	-9.09056	-8.4076
BLOCK09/SES097/SA097S11	SES099	-0.341473	-8.93644	-8.59496
BLOCK09/SES097/SA097S11	SES125	-1.65324	-10.2482	-8.59496
BLOCK09/SES097/SA097S11	SES206	-1.74464	-10.3396	-8.59496
BLOCK09/SES097/SA097S11	SES226	0.206094	-8.38887	-8.59496
BLOCK09/SES097/SA097S14	SES062	-2.46052	-10.2123	-7.75173
BLOCK09/SES097/SA097S14	SES099	-0.979681	-8.73141	-7.75173
BLOCK09/SES097/SA097S14	SES104	-1.2337	-8.98543	-7.75173
BLOCK09/SES097/SA097S14	SES206	-2.03412	-9.78585	-7.75173
BLOCK09/SES097/SA097S22	SES099	-0.22694	-8.60272	-8.37578
BLOCK09/SES097/SA097S22	SES206	-1.83836	-10.2141	-8.37578
BLOCK09/SES097/SA097S22	SES226	-0.951814	-9.3276	-8.37578
BLOCK09/SES097/SA097S22	SES270	-0.960986	-9.33677	-8.37578
BLOCK09/SES097/SA097S26	SES099	0.022357	-8.60489	-8.62725
BLOCK09/SES097/SA097S26	SES120	-1.24987	-9.87712	-8.62725
BLOCK09/SES097/SA097S26	SES206	-2.13847	-10.7657	-8.62725
BLOCK09/SES097/SA097S26	SES226	-0.38532	-9.01257	-8.62725
BLOCK09/SES097/SA097S28	SES099	-0.522631	-7.92147	-7.39884
BLOCK09/SES097/SA097S28	SES120	-1.38905	-8.78789	-7.39884
BLOCK09/SES097/SA097S28	SES206	-1.84124	-9.24008	-7.39884
BLOCK09/SES097/SA097S28	SES226	-1.01597	-8.4148	-7.39884
BLOCK09/SES098/SA098S11	SES127	-1.11027	-8.17551	-7.06523
BLOCK09/SES098/SA098S11	SES144	-0.718091	-7.78332	-7.06523
BLOCK09/SES098/SA098S11	SES147	-0.680362	-7.74559	-7.06523
BLOCK09/SES098/SA098S11	SES148	-1.91317	-8.9784	-7.06523
BLOCK09/SES098/SA098S12	SES127	-1.97679	-10.5825	-8.60572
BLOCK09/SES098/SA098S12	SES144	-1.80028	-10.406	-8.60572
BLOCK09/SES098/SA098S12	SES147	-1.45601	-10.0617	-8.60572
BLOCK09/SES098/SA098S12	SES189	-1.67633	-10.2821	-8.60572
BLOCK09/SES098/SA098S20	SES127	-2.9842	-11.2324	-8.24823
BLOCK09/SES098/SA098S20	SES147	-1.68853	-9.93675	-8.24823
BLOCK09/SES098/SA098S20	SES148	-2.59597	-10.8442	-8.24823
BLOCK09/SES098/SA098S20	SES292	-0.892904	-9.14113	-8.24823
BLOCK09/SES098/SA098S23	SES127	-1.81188	-9.53124	-7.71936
BLOCK09/SES098/SA098S23	SES147	-1.68219	-9.40155	-7.71936
BLOCK09/SES098/SA098S23	SES187	-0.772975	-8.49234	-7.71936
BLOCK09/SES098/SA098S23	SES292	-0.974449	-8.69381	-7.71936
BLOCK09/SES098/SA098S27	SES127	-2.35549	-10.1753	-7.81982
BLOCK09/SES098/SA098S27	SES147	-1.93905	-9.75887	-7.81982
BLOCK09/SES098/SA098S27	SES148	-2.82764	-10.6475	-7.81982
BLOCK09/SES098/SA098S27	SES292	-0.790603	-8.61042	-7.81982
BLOCK10/SES102/SA102S13	SES101	-0.346123	-9.33471	-8.98859
BLOCK10/SES102/SA102S13	SES105	-1.03244	-10.021	-8.98859
BLOCK10/SES102/SA102S13	SES120	-2.38579	-11.3744	-8.98859
BLOCK10/SES102/SA102S13	SES158	-2.78538	-11.774	-8.98859
BLOCK10/SES102/SA102S14	SES007	-0.00195932	-6.22857	-6.22661
BLOCK10/SES102/SA102S14	SES101	-0.734516	-6.96112	-6.22661
BLOCK10/SES102/SA102S14	SES105	-0.940648	-7.16725	-6.22661
BLOCK10/SES102/SA102S14	SES147	-2.26982	-8.49643	-6.22661
BLOCK10/SES102/SA102S22	SES007	-1.05265	-8.06327	-7.01062
BLOCK10/SES102/SA102S22	SES101	-0.671281	-7.6819	-7.01062
BLOCK10/SES102/SA102S22	SES105	-0.787096	-7.79772	-7.01062
BLOCK10/SES102/SA102S22	SES158	-2.13752	-9.14814	-7.01062
BLOCK10/SES102/SA102S25	SES007	-0.447195	-7.43804	-6.99085
BLOCK10/SES102/SA102S25	SES101	-0.420236	-7.41108	-6.99085
BLOCK10/SES102/SA102S25	SES105	-1.23125	-8.22209	-6.99085
BLOCK10/SES102/SA102S25	SES147	-2.26059	-9.25143	-6.99085
BLOCK10/SES102/SA102S27	SES007	-0.372666	-7.71042	-7.33776
BLOCK10/SES102/SA102S27	SES101	0.00358772	-7.33417	-7.33776
BLOCK10/SES102/SA102S27	SES105	-1.83795	-9.17571	-7.33776
BLOCK10/SES102/SA102S27	SES147	-2.12755	-9.46531	-7.33776
BLOCK10/SES103/SA103S14	SES105	-1.97115	-10.4169	-8.44579
BLOCK10/SES103/SA103S14	SES106	-2.00363	-10.4494	-8.44579
BLOCK10/SES103/SA103S14	SES120	-2.05506	-10.5008	-8.44579
BLOCK10/SES103/SA103S14	SES206	-1.77873	-10.2245	-8.44579
BLOCK10/SES103/SA103S15	SES099	-2.32819	-11.5034	-9.17522
BLOCK10/SES103/SA103S15	SES101	-3.82032	-12.9955	-9.17522
BLOCK10/SES103/SA103S15	SES104	-1.4165	-10.5917	-9.17522
BLOCK10/SES103/SA103S15	SES125	-2.26144	-11.4367	-9.17522
BLOCK10/SES103/SA103S24	SES104	-1.25044	-9.58877	-8.33832
BLOCK10/SES103/SA103S24	SES125	-3.00951	-11.3478	-8.33832
BLOCK10/SES103/SA103S24	SES148	-2.20028	-10.5386	-8.33832
BLOCK10/SES103/SA103S24	SES158	-1.78609	-10.1244	-8.33832
BLOCK10/SES103/SA103S26	SES104	-1.22628	-9.22174	-7.99546
BLOCK10/SES103/SA103S26	SES106	-2.31755	-10.313	-7.99546
BLOCK10/SES103/SA103S26	SES125	-1.84163	-9.83709	-7.99546
BLOCK10/SES103/SA103S26	SES148	-2.26791	-10.2634	-7.99546
BLOCK10/SES103/SA103S28	SES104	-0.881405	-9.50972	-8.62831
BLOCK10/SES103/SA103S28	SES106	-2.17385	-10.8022	-8.62831
BLOCK10/SES103/SA103S28	SES125	-2.53393	-11.1622	-8.62831
BLOCK10/SES103/SA103S28	SES206	-1.60955	-10.2379	-8.62831
BLOCK12/SES121/SA121S12	SES042	-1.62757	-10.0638	-8.43625
BLOCK12/SES121/SA121S12	SES087	-1.12868	-9.56493	-8.43625
BLOCK12/SES121/SA121S12	SES105	-0.922976	-9.35923	-8.43625
BLOCK12/SES121/SA121S12	SES206	-0.536836	-8.97309	-8.43625
BLOCK12/SES121/SA121S14	SES007	-2.15352	-12.6205	-10.467
BLOCK12/SES121/SA121S14	SES105	-2.1678	-12.6348	-10.467
BLOCK12/SES121/SA121S14	SES106	-2.47807	-12.945	-10.467
BLOCK12/SES121/SA121S14	SES206	-1.42263	-11.8896	-10.467
BLOCK12/SES121/SA121S23	SES105	-2.13936	-12.0096	-9.87026
BLOCK12/SES121/SA121S23	SES106	-3.01216	-12.8824	-9.87026
BLOCK12/SES121/SA121S23	SES120	-2.10217	-11.9724	-9.87026
BLOCK12/SES121/SA121S23	SES206	-0.501503	-10.3718	-9.87026
BLOCK12/SES121/SA121S25	SES007	-0.791907	-11.5789	-10.787
BLOCK12/SES121/SA121S25	SES105	-2.1193	-12.9062	-10.787
BLOCK12/SES121/SA121S25	SES106	-0.519524	-11.3065	-10.787
BLOCK12/SES121/SA121S25	SES206	-1.09824	-11.8852	-10.787
BLOCK12/SES121/SA121S27	SES087	0.445833	-9.66735	-10.1132
BLOCK12/SES121/SA121S27	SES105	-2.86091	-12.9741	-10.1132
BLOCK12/SES121/SA121S27	SES120	-0.0962057	-10.2094	-10.1132
BLOCK12/SES121/SA121S27	SES206	-1.10727	-11.2205	-10.1132
BLOCK12/SES124/SA124S16	SES042	-0.0340619	-6.7392	-6.70514
BLOCK12/SES124/SA124S16	SES082	-0.273965	-6.97911	-6.70514
BLOCK12/SES124/SA124S16	SES183	-1.35456	-8.05971	-6.70514
BLOCK12/SES124/SA124S16	SES206	-0.721388	-7.42653	-6.70514
BLOCK12/SES124/SA124S17	SES105	-1.45667	-9.38447	-7.9278
BLOCK12/SES124/SA124S17	SES149	-0.964321	-8.89212	-7.9278
BLOCK12/SES124/SA124S17	SES158	-2.10005	-10.0278	-7.9278
BLOCK12/SES124/SA124S17	SES275	-1.67587	-9.60367	-7.9278
BLOCK12/SES124/SA124S23	SES105	-2.05434	-8.17273	-6.1184
BLOCK12/SES124/SA124S23	SES125	0.16407	-5.95433	-6.1184
BLOCK12/SES124/SA124S23	SES129	-2.22572	-8.34411	-6.1184
BLOCK12/SES124/SA124S23	SES158	-0.990892	-7.10929	-6.1184
BLOCK12/SES124/SA124S26	SES105	-2.17306	-9.76106	-7.588
BLOCK12/SES124/SA124S26	SES125	-0.454846	-8.04285	-7.588
BLOCK12/SES124/SA124S26	SES129	-2.45036	-10.0384	-7.588
BLOCK12/SES124/SA124S26	SES158	-1.10048	-8.68849	-7.588
BLOCK12/SES124/SA124S28	SES104	-0.517085	-7.34664	-6.82955
BLOCK12/SES124/SA124S28	SES106	-1.19101	-8.02057	-6.82955
BLOCK12/SES124/SA124S28	SES125	-0.0540109	-6.88356	-6.82955
BLOCK12/SES124/SA124S28	SES275	-1.44788	-8.27743	-6.82955
BLOCK12/SES126/SA126S13	SES007	-0.549512	-8.37031	-7.8208
BLOCK12/SES126/SA126S13	SES162	-1.35566	-9.17646	-7.8208
BLOCK12/SES126/SA126S13	SES177	-0.519727	-8.34053	-7.8208
BLOCK12/SES126/SA126S13	SES180	-1.38549	-9.20629	-7.8208
BLOCK12/SES126/SA126S14	SES144	-0.71342	-7.7775	-7.06408
BLOCK12/SES126/SA126S14	SES148	-1.36159	-8.42566	-7.06408
BLOCK12/SES126/SA126S14	SES177	-0.703733	-7.76781	-7.06408
BLOCK12/SES126/SA126S14	SES180	-1.51633	-8.5804	-7.06408
BLOCK12/SES126/SA126S20	SES007	-0.883949	-7.19299	-6.30904
BLOCK12/SES126/SA126S20	SES162	-1.33433	-7.64338	-6.30904
BLOCK12/SES126/SA126S20	SES172	-1.39075	-7.6998	-6.30904
BLOCK12/SES126/SA126S20	SES180	-1.53614	-7.84518	-6.30904
BLOCK12/SES126/SA126S24	SES120	-0.0520587	-7.13058	-7.07852
BLOCK12/SES126/SA126S24	SES162	-1.03372	-8.11224	-7.07852
BLOCK12/SES126/SA126S24	SES177	-0.22581	-7.30433	-7.07852
BLOCK12/SES126/SA126S24	SES180	-0.442564	-7.52109	-7.07852
BLOCK12/SES126/SA126S26	SES120	0.233785	-7.24974	-7.48353
BLOCK12/SES126/SA126S26	SES177	-0.507001	-7.99053	-7.48353
BLOCK12/SES126/SA126S26	SES180	-0.791433	-8.27496	-7.48353
BLOCK12/SES126/SA126S26	SES202	-0.779175	-8.2627	-7.48353
BLOCK12/SES128/SA128S10	SES087	-2.5064	-10.261	-7.75464
BLOCK12/SES128/SA128S10	SES206	-0.972348	-8.72699	-7.75464
BLOCK12/SES128/SA128S10	SES226	-0.45617	-8.21081	-7.75464
BLOCK12/SES128/SA128S10	SES270	-0.713339	-8.46798	-7.75464
BLOCK12/SES128/SA128S12	SES120	-0.12259	-8.03986	-7.91727
BLOCK12/SES128/SA128S12	SES158	-0.400672	-8.31794	-7.91727
BLOCK12/SES128/SA128S12	SES206	-0.527197	-8.44446	-7.91727
BLOCK12/SES128/SA128S12	SES226	-1.42898	-9.34625	-7.91727
BLOCK12/SES128/SA128S21	SES106	-1.35902	-9.10167	-7.74265
BLOCK12/SES128/SA128S21	SES120	-1.04513	-8.78778	-7.74265
BLOCK12/SES128/SA128S21	SES206	-0.51301	-8.25566	-7.74265
BLOCK12/SES128/SA128S21	SES226	0.0763578	-7.66629	-7.74265
BLOCK12/SES128/SA128S24	SES087	-1.43064	-9.58827	-8.15764
BLOCK12/SES128/SA128S24	SES120	-0.714852	-8.87249	-8.15764
BLOCK12/SES128/SA128S24	SES206	-0.579196	-8.73683	-8.15764
BLOCK12/SES128/SA128S24	SES226	-1.5218	-9.67944	-8.15764
BLOCK12/SES128/SA128S27	SES099	-0.0109425	-7.11692	-7.10598
BLOCK12/SES128/SA128S27	SES120	-0.157402	-7.26338	-7.10598
BLOCK12/SES128/SA128S27	SES206	-0.805304	-7.91128	-7.10598
BLOCK12/SES128/SA128S27	SES226	-1.15182	-8.25779	-7.10598
BLOCK13/SES130/SA130S13	SES143	-0.472621	-9.18304	-8.71041
BLOCK13/SES130/SA130S13	SES144	0.421229	-8.28919	-8.71041
BLOCK13/SES130/SA130S13	SES146	-1.49735	-10.2078	-8.71041
BLOCK13/SES130/SA130S13	SES275	-1.99731	-10.7077	-8.71041
BLOCK13/SES130/SA130S15	SES143	-0.677303	-7.88634	-7.20904
BLOCK13/SES130/SA130S15	SES144	0.0193768	-7.18966	-7.20904
BLOCK13/SES130/SA130S15	SES146	-0.579938	-7.78898	-7.20904
BLOCK13/SES130/SA130S15	SES275	-0.846626	-8.05567	-7.20904
BLOCK13/SES130/SA130S23	SES127	-1.33219	-9.11793	-7.78574
BLOCK13/SES130/SA130S23	SES144	-0.409741	-8.19548	-7.78574
BLOCK13/SES130/SA130S23	SES146	-0.925213	-8.71095	-7.78574
BLOCK13/SES130/SA130S23	SES162	-0.960317	-8.74605	-7.78574
BLOCK13/SES130/SA130S25	SES127	-1.10991	-7.64927	-6.53936
BLOCK13/SES130/SA130S25	SES144	-0.290599	-6.82996	-6.53936
BLOCK13/SES130/SA130S25	SES146	-1.00425	-7.54361	-6.53936
BLOCK13/SES130/SA130S25	SES275	-1.23754	-7.7769	-6.53936
BLOCK13/SES130/SA130S28	SES127	-0.2976	-8.35423	-8.05663
BLOCK13/SES130/SA130S28	SES144	-0.738199	-8.79483	-8.05663
BLOCK13/SES130/SA130S28	SES146	-0.150049	-8.20668	-8.05663
BLOCK13/SES130/SA130S28	SES275	-0.451004	-8.50764	-8.05663
BLOCK13/SES131/SA131S13	SES002	-1.77001	-10.3177	-8.54772
BLOCK13/SES131/SA131S13	SES007	-1.32259	-9.87031	-8.54772
BLOCK13/SES131/SA131S13	SES099	-0.0658207	-8.61354	-8.54772
BLOCK13/SES131/SA131S13	SES105	-1.42405	-9.97177	-8.54772
BLOCK13/SES131/SA131S14	SES104	-0.922248	-7.06301	-6.14076
BLOCK13/SES131/SA131S14	SES106	-2.46085	-8.60161	-6.14076
BLOCK13/SES131/SA131S14	SES125	-1.60768	-7.74844	-6.14076
BLOCK13/SES131/SA131S14	SES148	-0.27641	-6.41717	-6.14076
BLOCK13/SES131/SA131S20	SES104	-1.24577	-9.62493	-8.37916
BLOCK13/SES131/SA131S20	SES106	-2.11299	-10.4921	-8.37916
BLOCK13/SES131/SA131S20	SES125	-1.16884	-9.548	-8.37916
BLOCK13/SES131/SA131S20	SES148	-1.75134	-10.1305	-8.37916
BLOCK13/SES131/SA131S22	SES099	-0.30858	-7.16039	-6.85181
BLOCK13/SES131/SA131S22	SES104	-0.752418	-7.60423	-6.85181
BLOCK13/SES131/SA131S22	SES125	-0.49182	-7.34363	-6.85181
BLOCK13/SES131/SA131S22	SES206	-0.616372	-7.46818	-6.85181
BLOCK13/SES131/SA131S29	SES087	-1.40132	-9.90187	-8.50055
BLOCK13/SES131/SA131S29	SES104	-2.22735	-10.7279	-8.50055
BLOCK13/SES131/SA131S29	SES125	-4.14065	-12.6412	-8.50055
BLOCK13/SES131/SA131S29	SES206	-2.09856	-10.5991	-8.50055
BLOCK13/SES132/SA132S11	SES083	-1.52268	-8.92587	-7.40319
BLOCK13/SES132/SA132S11	SES120	0.225452	-7.17774	-7.40319
BLOCK13/SES132/SA132S11	SES127	-2.11605	-9.51925	-7.40319
BLOCK13/SES132/SA132S11	SES275	-1.3186	-8.72179	-7.40319
BLOCK13/SES132/SA132S12	SES083	-1.54321	-8.743	-7.19979
BLOCK13/SES132/SA132S12	SES143	-1.93161	-9.1314	-7.19979
BLOCK13/SES132/SA132S12	SES144	-0.702698	-7.90249	-7.19979
BLOCK13/SES132/SA132S12	SES148	-1.21958	-8.41937	-7.19979
BLOCK13/SES132/SA132S22	SES062	-0.367324	-8.04683	-7.6795
BLOCK13/SES132/SA132S22	SES083	-1.4504	-9.1299	-7.6795
BLOCK13/SES132/SA132S22	SES127	-2.00208	-9.68158	-7.6795
BLOCK13/SES132/SA132S22	SES275	-0.670572	-8.35007	-7.6795
BLOCK13/SES132/SA132S24	SES007	-0.229609	-7.2773	-7.04769
BLOCK13/SES132/SA132S24	SES083	-1.36437	-8.41206	-7.04769
BLOCK13/SES132/SA132S24	SES127	-2.25297	-9.30066	-7.04769
BLOCK13/SES132/SA132S24	SES275	-1.07185	-8.11954	-7.04769
BLOCK13/SES132/SA132S27	SES083	-2.08901	-10.5399	-8.4509
BLOCK13/SES132/SA132S27	SES120	0.65961	-7.79129	-8.4509
BLOCK13/SES132/SA132S27	SES127	-3.80679	-12.2577	-8.4509
BLOCK13/SES132/SA132S27	SES275	-1.92724	-10.3781	-8.4509
BLOCK14/SES141/SA141S09	SES143	-1.27169	-7.86095	-6.58926
BLOCK14/SES141/SA141S09	SES144	-0.448977	-7.03824	-6.58926
BLOCK14/SES141/SA141S09	SES162	-1.24922	-7.83848	-6.58926
BLOCK14/SES141/SA141S09	SES180	-0.92582	-7.51508	-6.58926
BLOCK14/SES141/SA141S15	SES127	-1.80676	-9.4123	-7.60554
BLOCK14/SES141/SA141S15	SES144	-0.848442	-8.45398	-7.60554
BLOCK14/SES141/SA141S15	SES162	-1.74557	-9.35111	-7.60554
BLOCK14/SES141/SA141S15	SES180	-1.42992	-9.03546	-7.60554
BLOCK14/SES141/SA141S24	SES127	-2.09932	-9.27788	-7.17856
BLOCK14/SES141/SA141S24	SES144	-1.39856	-8.57712	-7.17856
BLOCK14/SES141/SA141S24	SES162	-1.86476	-9.04332	-7.17856
BLOCK14/SES141/SA141S24	SES183	-1.56981	-8.74837	-7.17856
BLOCK14/SES141/SA141S26	SES142	-0.260217	-8.33371	-8.0735
BLOCK14/SES141/SA141S26	SES144	-1.22467	-9.29817	-8.0735
BLOCK14/SES141/SA141S26	SES172	-1.12013	-9.19363	-8.0735
BLOCK14/SES141/SA141S26	SES180	-1.27057	-9.34406	-8.0735
BLOCK14/SES141/SA141S29	SES127	-0.842882	-7.86319	-7.02031
BLOCK14/SES141/SA141S29	SES142	0.0112863	-7.00902	-7.02031
BLOCK14/SES141/SA141S29	SES144	-0.622789	-7.6431	-7.02031
BLOCK14/SES141/SA141S29	SES180	-0.572546	-7.59285	-7.02031
BLOCK15/SES157/SA157S08	SES083	-1.42247	-8.60324	-7.18077
BLOCK15/SES157/SA157S08	SES127	-1.20028	-8.38105	-7.18077
BLOCK15/SES157/SA157S08	SES148	-0.480351	-7.66112	-7.18077
BLOCK15/SES157/SA157S08	SES292	-1.62159	-8.80236	-7.18077
BLOCK15/SES157/SA157S11	SES083	-1.21802	-8.95549	-7.73747
BLOCK15/SES157/SA157S11	SES127	-1.06421	-8.80168	-7.73747
BLOCK15/SES157/SA157S11	SES148	-1.71035	-9.44783	-7.73747
BLOCK15/SES157/SA157S11	SES292	-2.05697	-9.79445	-7.73747
BLOCK15/SES157/SA157S21	SES127	-0.308991	-7.07903	-6.77004
BLOCK15/SES157/SA157S21	SES148	0.0353785	-6.73466	-6.77004
BLOCK15/SES157/SA157S21	SES158	-3.45419	-10.2242	-6.77004
BLOCK15/SES157/SA157S21	SES292	-1.28812	-8.05816	-6.77004
BLOCK15/SES157/SA157S24	SES127	-0.650425	-8.64904	-7.99861
BLOCK15/SES157/SA157S24	SES148	-0.832054	-8.83066	-7.99861
BLOCK15/SES157/SA157S24	SES183	-0.951812	-8.95042	-7.99861
BLOCK15/SES157/SA157S24	SES292	-1.92087	-9.91948	-7.99861
BLOCK15/SES157/SA157S26	SES007	-0.762758	-8.03459	-7.27184
BLOCK15/SES157/SA157S26	SES127	-0.571229	-7.84307	-7.27184
BLOCK15/SES157/SA157S26	SES147	-1.02802	-8.29986	-7.27184
BLOCK15/SES157/SA157S26	SES148	-1.21456	-8.48639	-7.27184
BLOCK16/SES161/SA161S10	SES007	-0.974717	-8.51972	-7.54501
BLOCK16/SES161/SA161S10	SES105	-0.918032	-8.46304	-7.54501
BLOCK16/SES161/SA161S10	SES158	-1.44399	-8.989	-7.54501
BLOCK16/SES161/SA161S10	SES275	-0.72394	-8.26895	-7.54501
BLOCK16/SES161/SA161S12	SES007	-2	-11.1442	-9.14423
BLOCK16/SES161/SA161S12	SES105	-2.07071	-11.2149	-9.14423
BLOCK16/SES161/SA161S12	SES158	-1.05823	-10.2025	-9.14423
BLOCK16/SES161/SA161S12	SES275	-3.43915	-12.5834	-9.14423
BLOCK16/SES161/SA161S20	SES007	-0.491696	-9.59819	-9.10649
BLOCK16/SES161/SA161S20	SES105	-2.01617	-11.1227	-9.10649
BLOCK16/SES161/SA161S20	SES158	-0.0970058	-9.2035	-9.10649
BLOCK16/SES161/SA161S20	SES275	-2.01487	-11.1214	-9.10649
BLOCK16/SES161/SA161S23	SES007	-2.54484	-11.3029	-8.75802
BLOCK16/SES161/SA161S23	SES105	-1.10755	-9.86557	-8.75802
BLOCK16/SES161/SA161S23	SES148	-2.50496	-11.263	-8.75802
BLOCK16/SES161/SA161S23	SES158	-3.25905	-12.0171	-8.75802
BLOCK16/SES161/SA161S28	SES007	-1.12498	-9.41521	-8.29023
BLOCK16/SES161/SA161S28	SES105	-2.20898	-10.4992	-8.29023
BLOCK16/SES161/SA161S28	SES158	-0.0795135	-8.36975	-8.29023
BLOCK16/SES161/SA161S28	SES206	-0.684434	-8.97467	-8.29023
BLOCK16/SES164/SA164S11	SES104	-1.49096	-9.2547	-7.76375
BLOCK16/SES164/SA164S11	SES125	-0.414153	-8.1779	-7.76375
BLOCK16/SES164/SA164S11	SES158	-1.55356	-9.31731	-7.76375
BLOCK16/SES164/SA164S11	SES206	-2.55829	-10.322	-7.76375
BLOCK16/SES164/SA164S13	SES099	-1.43252	-9.77338	-8.34086
BLOCK16/SES164/SA164S13	SES104	-1.40908	-9.74994	-8.34086
BLOCK16/SES164/SA164S13	SES125	-1.13476	-9.47562	-8.34086
BLOCK16/SES164/SA164S13	SES206	-1.57595	-9.91681	-8.34086
BLOCK16/SES164/SA164S24	SES002	0.425752	-7.40727	-7.83303
BLOCK16/SES164/SA164S24	SES099	-0.366052	-8.19908	-7.83303
BLOCK16/SES164/SA164S24	SES125	-0.557975	-8.391	-7.83303
BLOCK16/SES164/SA164S24	SES226	0.562474	-7.27055	-7.83303
BLOCK16/SES164/SA164S27	SES087	-3.04791	-11.4534	-8.40549
BLOCK16/SES164/SA164S27	SES125	-0.679989	-9.08547	-8.40549
BLOCK16/SES164/SA164S27	SES206	-2.02932	-10.4348	-8.40549
BLOCK16/SES164/SA164S27	SES226	-0.0404654	-8.44595	-8.40549
BLOCK16/SES164/SA164S29	SES002	-0.00721169	-8.24528	-8.23806
BLOCK16/SES164/SA164S29	SES019	-1.21533	-9.4534	-8.23806
BLOCK16/SES164/SA164S29	SES125	-0.413976	-8.65204	-8.23806
BLOCK16/SES164/SA164S29	SES226	0.224648	-8.01342	-8.23806
BLOCK16/SES169/SA169S13	SES117	-1.63423	-9.33589	-7.70165
BLOCK16/SES169/SA169S13	SES144	-0.739584	-8.44124	-7.70165
BLOCK16/SES169/SA169S13	SES146	-0.521292	-8.22294	-7.70165
BLOCK16/SES169/SA169S13	SES162	-1.21505	-8.9167	-7.70165
BLOCK16/SES169/SA169S14	SES144	-0.857086	-7.14881	-6.29172
BLOCK16/SES169/SA169S14	SES148	-0.668172	-6.95989	-6.29172
BLOCK16/SES169/SA169S14	SES177	-0.368487	-6.66021	-6.29172
BLOCK16/SES169/SA169S14	SES180	-0.946689	-7.23841	-6.29172
BLOCK16/SES169/SA169S24	SES117	-1.06271	-9.27617	-8.21346
BLOCK16/SES169/SA169S24	SES144	-0.606686	-8.82014	-8.21346
BLOCK16/SES169/SA169S24	SES146	-1.01184	-9.2253	-8.21346
BLOCK16/SES169/SA169S24	SES162	-1.12242	-9.33587	-8.21346
BLOCK16/SES169/SA169S27	SES127	-0.896503	-8.4516	-7.5551
BLOCK16/SES169/SA169S27	SES129	-0.480333	-8.03543	-7.5551
BLOCK16/SES169/SA169S27	SES144	-0.681956	-8.23706	-7.5551
BLOCK16/SES169/SA169S27	SES146	-0.371456	-7.92656	-7.5551
BLOCK16/SES169/SA169S29	SES144	-0.409374	-6.96864	-6.55927
BLOCK16/SES169/SA169S29	SES162	-0.316675	-6.87594	-6.55927
BLOCK16/SES169/SA169S29	SES177	-1.07731	-7.63658	-6.55927
BLOCK16/SES169/SA169S29	SES180	-1.0825	-7.64177	-6.55927
BLOCK17/SES171/SA171S12	SES083	-1.55987	-10.0317	-8.47182
BLOCK17/SES171/SA171S12	SES148	-2.22485	-10.6967	-8.47182
BLOCK17/SES171/SA171S12	SES172	-1.60334	-10.0752	-8.47182
BLOCK17/SES171/SA171S12	SES292	-2.44839	-10.9202	-8.47182
BLOCK17/SES171/SA171S15	SES148	-1.47892	-9.30103	-7.82211
BLOCK17/SES171/SA171S15	SES177	-1.1599	-8.982	-7.82211
BLOCK17/SES171/SA171S15	SES180	-2.74705	-10.5692	-7.82211
BLOCK17/SES171/SA171S15	SES292	-1.65289	-9.475	-7.82211
BLOCK17/SES171/SA171S22	SES007	-0.834999	-7.28946	-6.45446
BLOCK17/SES171/SA171S22	SES148	-0.526403	-6.98087	-6.45446
BLOCK17/SES171/SA171S22	SES177	-0.169888	-6.62435	-6.45446
BLOCK17/SES171/SA171S22	SES180	-1.85318	-8.30764	-6.45446
BLOCK17/SES171/SA171S25	SES101	-1.52662	-9.46576	-7.93914
BLOCK17/SES171/SA171S25	SES120	-3.06477	-11.0039	-7.93914
BLOCK17/SES171/SA171S25	SES177	-1.48373	-9.42287	-7.93914
BLOCK17/SES171/SA171S25	SES180	-2.05632	-9.99545	-7.93914
BLOCK17/SES171/SA171S27	SES177	-1.35685	-9.27206	-7.9152
BLOCK17/SES171/SA171S27	SES180	-2.82679	-10.742	-7.9152
BLOCK17/SES171/SA171S27	SES189	-0.717945	-8.63315	-7.9152
BLOCK17/SES171/SA171S27	SES292	-2.72735	-10.6426	-7.9152
BLOCK17/SES173/SA173S13	SES162	-2.39351	-9.74639	-7.35288
BLOCK17/SES173/SA173S13	SES177	-1.07679	-8.42967	-7.35288
BLOCK17/SES173/SA173S13	SES180	-1.83727	-9.19015	-7.35288
BLOCK17/SES173/SA173S13	SES292	-0.284046	-7.63693	-7.35288
BLOCK17/SES173/SA173S14	SES007	-0.845419	-8.19075	-7.34533
BLOCK17/SES173/SA173S14	SES162	-2.52482	-9.87015	-7.34533
BLOCK17/SES173/SA173S14	SES177	-1.47846	-8.82379	-7.34533
BLOCK17/SES173/SA173S14	SES180	-2.02819	-9.37351	-7.34533
BLOCK17/SES173/SA173S24	SES144	-1.78762	-9.66156	-7.87393
BLOCK17/SES173/SA173S24	SES162	-2.22525	-10.0992	-7.87393
BLOCK17/SES173/SA173S24	SES177	-0.604631	-8.47856	-7.87393
BLOCK17/SES173/SA173S24	SES180	-2.20621	-10.0801	-7.87393
BLOCK17/SES173/SA173S27	SES162	-3.64058	-11.087	-7.44639
BLOCK17/SES173/SA173S27	SES177	-1.38039	-8.82679	-7.44639
BLOCK17/SES173/SA173S27	SES180	-1.81644	-9.26283	-7.44639
BLOCK17/SES173/SA173S27	SES292	-0.442824	-7.88922	-7.44639
BLOCK17/SES173/SA173S29	SES162	-1.75566	-9.73504	-7.97938
BLOCK17/SES173/SA173S29	SES175	-0.82952	-8.8089	-7.97938
BLOCK17/SES173/SA173S29	SES177	-0.481417	-8.46079	-7.97938
BLOCK17/SES173/SA173S29	SES292	-0.967551	-8.94693	-7.97938
BLOCK18/SES182/SA182S10	SES144	-1.06134	-8.12321	-7.06187
BLOCK18/SES182/SA182S10	SES177	-0.970119	-8.03199	-7.06187
BLOCK18/SES182/SA182S10	SES180	-2.58659	-9.64846	-7.06187
BLOCK18/SES182/SA182S10	SES275	-1.25727	-8.31914	-7.06187
BLOCK18/SES182/SA182S12	SES144	-0.760035	-7.60907	-6.84904
BLOCK18/SES182/SA182S12	SES177	-0.944073	-7.79311	-6.84904
BLOCK18/SES182/SA182S12	SES180	-2.40945	-9.25849	-6.84904
BLOCK18/SES182/SA182S12	SES275	-1.06562	-7.91466	-6.84904
BLOCK18/SES182/SA182S21	SES117	-1.96838	-10.2727	-8.30435
BLOCK18/SES182/SA182S21	SES144	-1.02159	-9.32594	-8.30435
BLOCK18/SES182/SA182S21	SES162	-1.42117	-9.72553	-8.30435
BLOCK18/SES182/SA182S21	SES180	-2.64293	-10.9473	-8.30435
BLOCK18/SES182/SA182S23	SES117	-2.30907	-10.5927	-8.28363
BLOCK18/SES182/SA182S23	SES144	-2.04367	-10.3273	-8.28363
BLOCK18/SES182/SA182S23	SES180	-4.377	-12.6606	-8.28363
BLOCK18/SES182/SA182S23	SES275	-2.33521	-10.6188	-8.28363
BLOCK18/SES182/SA182S25	SES007	-0.116878	-8.07555	-7.95867
BLOCK18/SES182/SA182S25	SES162	-0.909114	-8.86778	-7.95867
BLOCK18/SES182/SA182S25	SES177	-0.811378	-8.77005	-7.95867
BLOCK18/SES182/SA182S25	SES180	-2.2615	-10.2202	-7.95867
BLOCK18/SES184/SA184S12	SES177	-1.25332	-8.38926	-7.13595
BLOCK18/SES184/SA184S12	SES180	-0.423894	-7.55984	-7.13595
BLOCK18/SES184/SA184S12	SES189	-1.92609	-9.06204	-7.13595
BLOCK18/SES184/SA184S12	SES292	-0.472604	-7.60855	-7.13595
BLOCK18/SES184/SA184S13	SES101	-1.01293	-8.59464	-7.58172
BLOCK18/SES184/SA184S13	SES177	-0.741429	-8.32314	-7.58172
BLOCK18/SES184/SA184S13	SES180	-0.988702	-8.57042	-7.58172
BLOCK18/SES184/SA184S13	SES292	-1.08898	-8.6707	-7.58172
BLOCK18/SES184/SA184S22	SES177	-1.44765	-9.14307	-7.69542
BLOCK18/SES184/SA184S22	SES180	-0.20368	-7.8991	-7.69542
BLOCK18/SES184/SA184S22	SES189	-1.09974	-8.79516	-7.69542
BLOCK18/SES184/SA184S22	SES292	-0.809381	-8.5048	-7.69542
BLOCK18/SES184/SA184S25	SES101	-0.60587	-8.05384	-7.44797
BLOCK18/SES184/SA184S25	SES177	-1.28506	-8.73303	-7.44797
BLOCK18/SES184/SA184S25	SES180	-0.0105577	-7.45853	-7.44797
BLOCK18/SES184/SA184S25	SES292	-0.540592	-7.98856	-7.44797
BLOCK18/SES184/SA184S27	SES083	-0.925769	-8.42903	-7.50326
BLOCK18/SES184/SA184S27	SES177	-0.70081	-8.20407	-7.50326
BLOCK18/SES184/SA184S27	SES202	-1.16044	-8.66371	-7.50326
BLOCK18/SES184/SA184S27	SES292	-0.740043	-8.24331	-7.50326
BLOCK20/SES204/SA204S12	SES062	-0.757898	-7.70372	-6.94582
BLOCK20/SES204/SA204S12	SES083	-2.11039	-9.05621	-6.94582
BLOCK20/SES204/SA204S12	SES206	-0.793685	-7.7395	-6.94582
BLOCK20/SES204/SA204S12	SES226	-1.27436	-8.22018	-6.94582
BLOCK20/SES204/SA204S14	SES068	-0.585517	-6.73191	-6.14639
BLOCK20/SES204/SA204S14	SES087	-0.249667	-6.39606	-6.14639
BLOCK20/SES204/SA204S14	SES206	-0.948712	-7.0951	-6.14639
BLOCK20/SES204/SA204S14	SES226	-1.45851	-7.6049	-6.14639
BLOCK20/SES204/SA204S22	SES068	-0.614594	-7.55325	-6.93865
BLOCK20/SES204/SA204S22	SES082	-0.937921	-7.87657	-6.93865
BLOCK20/SES204/SA204S22	SES083	-2.62505	-9.5637	-6.93865
BLOCK20/SES204/SA204S22	SES206	-0.368413	-7.30707	-6.93865
BLOCK20/SES204/SA204S25	SES062	-1.17562	-7.75003	-6.5744
BLOCK20/SES204/SA204S25	SES083	-2.2187	-8.7931	-6.5744
BLOCK20/SES204/SA204S25	SES206	-0.307847	-6.88225	-6.5744
BLOCK20/SES204/SA204S25	SES226	-1.39338	-7.96779	-6.5744
BLOCK20/SES204/SA204S27	SES068	-0.692676	-8.34535	-7.65267
BLOCK20/SES204/SA204S27	SES082	-1.91843	-9.5711	-7.65267
BLOCK20/SES204/SA204S27	SES087	-0.00923491	-7.6619	-7.65267
BLOCK20/SES204/SA204S27	SES206	-1.68036	-9.33302	-7.65267
BLOCK20/SES207/SA207S10	SES127	-2.19724	-9.29933	-7.10209
BLOCK20/SES207/SA207S10	SES183	-1.51669	-8.61878	-7.10209
BLOCK20/SES207/SA207S10	SES189	-0.787854	-7.88994	-7.10209
BLOCK20/SES207/SA207S10	SES292	-1.80017	-8.90226	-7.10209
BLOCK20/SES207/SA207S11	SES127	-2.03155	-9.97619	-7.94464
BLOCK20/SES207/SA207S11	SES183	-1.77263	-9.71727	-7.94464
BLOCK20/SES207/SA207S11	SES187	-0.810855	-8.7555	-7.94464
BLOCK20/SES207/SA207S11	SES292	-0.878347	-8.82299	-7.94464
BLOCK20/SES207/SA207S25	SES068	-0.867731	-9.10909	-8.24135
BLOCK20/SES207/SA207S25	SES083	-1.67401	-9.91536	-8.24135
BLOCK20/SES207/SA207S25	SES127	-0.611068	-8.85242	-8.24135
BLOCK20/SES207/SA207S25	SES187	-0.658279	-8.89963	-8.24135
BLOCK20/SES207/SA207S27	SES127	-1.57865	-9.51921	-7.94056
BLOCK20/SES207/SA207S27	SES183	-1.60966	-9.55022	-7.94056
BLOCK20/SES207/SA207S27	SES187	-0.749562	-8.69012	-7.94056
BLOCK20/SES207/SA207S27	SES292	-1.83556	-9.77611	-7.94056
BLOCK20/SES207/SA207S29	SES083	-2.56896	-10.0488	-7.47981
BLOCK20/SES207/SA207S29	SES085	-1.26746	-8.74727	-7.47981
BLOCK20/SES207/SA207S29	SES172	-0.530532	-8.01034	-7.47981
BLOCK20/SES207/SA207S29	SES189	-2.41782	-9.89763	-7.47981
BLOCK22/SES221/SA221S12	SES068	-0.198275	-6.83665	-6.63837
BLOCK22/SES221/SA221S12	SES143	-1.35778	-7.99615	-6.63837
BLOCK22/SES221/SA221S12	SES175	-0.709353	-7.34773	-6.63837
BLOCK22/SES221/SA221S12	SES202	-0.752961	-7.39133	-6.63837
BLOCK22/SES221/SA221S15	SES085	-0.279784	-7.29211	-7.01232
BLOCK22/SES221/SA221S15	SES143	-1.17595	-8.18827	-7.01232
BLOCK22/SES221/SA221S15	SES175	-0.674344	-7.68667	-7.01232
BLOCK22/SES221/SA221S15	SES187	-0.945588	-7.95791	-7.01232
BLOCK22/SES221/SA221S23	SES068	0.325005	-6.59983	-6.92483
BLOCK22/SES221/SA221S23	SES143	-1.63842	-8.56325	-6.92483
BLOCK22/SES221/SA221S23	SES175	-0.964495	-7.88933	-6.92483
BLOCK22/SES221/SA221S23	SES189	-1.73177	-8.6566	-6.92483
BLOCK22/SES221/SA221S27	SES085	0.453232	-7.09246	-7.54569
BLOCK22/SES221/SA221S27	SES143	-1.15215	-8.69784	-7.54569
BLOCK22/SES221/SA221S27	SES175	-0.845191	-8.39088	-7.54569
BLOCK22/SES221/SA221S27	SES189	-1.22093	-8.76662	-7.54569
BLOCK22/SES221/SA221S29	SES085	0.366349	-6.65861	-7.02496
BLOCK22/SES221/SA221S29	SES143	-0.982568	-8.00753	-7.02496
BLOCK22/SES221/SA221S29	SES175	-0.315628	-7.34059	-7.02496
BLOCK22/SES221/SA221S29	SES187	-0.729905	-7.75486	-7.02496
BLOCK22/SES223/SA223S11	SES143	-1.22597	-8.68732	-7.46135
BLOCK22/SES223/SA223S11	SES144	-2.17244	-9.6338	-7.46135
BLOCK22/SES223/SA223S11	SES175	-0.613481	-8.07483	-7.46135
BLOCK22/SES223/SA223S11	SES187	-1.45724	-8.91859	-7.46135
BLOCK22/SES223/SA223S13	SES068	-0.175044	-7.72824	-7.5532
BLOCK22/SES223/SA223S13	SES143	-1.20237	-8.75557	-7.5532
BLOCK22/SES223/SA223S13	SES146	-1.14311	-8.69631	-7.5532
BLOCK22/SES223/SA223S13	SES202	-0.974457	-8.52766	-7.5532
BLOCK22/SES223/SA223S22	SES143	-0.585641	-7.71773	-7.13209
BLOCK22/SES223/SA223S22	SES144	-2.11102	-9.24311	-7.13209
BLOCK22/SES223/SA223S22	SES175	-0.585206	-7.71729	-7.13209
BLOCK22/SES223/SA223S22	SES187	-1.10637	-8.23846	-7.13209
BLOCK22/SES223/SA223S25	SES068	-0.559061	-7.99839	-7.43933
BLOCK22/SES223/SA223S25	SES143	-1.36066	-8.79999	-7.43933
BLOCK22/SES223/SA223S25	SES175	-0.701809	-8.14114	-7.43933
BLOCK22/SES223/SA223S25	SES187	-1.22464	-8.66397	-7.43933
BLOCK22/SES223/SA223S27	SES143	-0.841303	-8.68715	-7.84585
BLOCK22/SES223/SA223S27	SES146	-1.55771	-9.40356	-7.84585
BLOCK22/SES223/SA223S27	SES187	-1.00848	-8.85432	-7.84585
BLOCK22/SES223/SA223S27	SES292	-0.562657	-8.4085	-7.84585
BLOCK27/SES273/SA273S12	SES099	-0.217679	-7.5664	-7.34873
BLOCK27/SES273/SA273S12	SES104	0.285134	-7.06359	-7.34873
BLOCK27/SES273/SA273S12	SES125	-0.506994	-7.85572	-7.34873
BLOCK27/SES273/SA273S12	SES206	0.00707436	-7.34165	-7.34873
BLOCK27/SES273/SA273S13	SES099	-0.641615	-7.44665	-6.80503
BLOCK27/SES273/SA273S13	SES104	-0.298608	-7.10364	-6.80503
BLOCK27/SES273/SA273S13	SES206	-1.39241	-8.19745	-6.80503
BLOCK27/SES273/SA273S13	SES292	-1.21295	-8.01798	-6.80503
BLOCK27/SES273/SA273S21	SES099	-0.306809	-7.99357	-7.68676
BLOCK27/SES273/SA273S21	SES148	-1.82848	-9.51525	-7.68676
BLOCK27/SES273/SA273S21	SES149	-1.98959	-9.67635	-7.68676
BLOCK27/SES273/SA273S21	SES177	-2.10425	-9.79101	-7.68676
BLOCK27/SES273/SA273S25	SES104	0.114611	-8.06765	-8.18226
BLOCK27/SES273/SA273S25	SES125	-0.837441	-9.0197	-8.18226
BLOCK27/SES273/SA273S25	SES158	0.385511	-7.79675	-8.18226
BLOCK27/SES273/SA273S25	SES206	-0.0237598	-8.20602	-8.18226
BLOCK27/SES273/SA273S27	SES099	-0.43871	-6.76541	-6.3267
BLOCK27/SES273/SA273S27	SES104	-0.510639	-6.83734	-6.3267
BLOCK27/SES273/SA273S27	SES149	-1.23626	-7.56296	-6.3267
BLOCK27/SES273/SA273S27	SES275	-1.3301	-7.6568	-6.3267
BLOCK27/SES274/SA274S10	SES105	-1.70157	-8.17414	-6.47257
BLOCK27/SES274/SA274S10	SES125	-1.6079	-8.08047	-6.47257
BLOCK27/SES274/SA274S10	SES129	-0.183111	-6.65568	-6.47257
BLOCK27/SES274/SA274S10	SES158	-3.90102	-10.3736	-6.47257
BLOCK27/SES274/SA274S11	SES105	-1.00579	-7.46225	-6.45646
BLOCK27/SES274/SA274S11	SES149	-0.706124	-7.16258	-6.45646
BLOCK27/SES274/SA274S11	SES158	-1.49192	-7.94838	-6.45646
BLOCK27/SES274/SA274S11	SES275	-0.576175	-7.03263	-6.45646
BLOCK27/SES274/SA274S21	SES105	-1.1936	-7.99435	-6.80074
BLOCK27/SES274/SA274S21	SES129	-0.177856	-6.9786	-6.80074
BLOCK27/SES274/SA274S21	SES149	-1.71929	-8.52004	-6.80074
BLOCK27/SES274/SA274S21	SES158	-3.32736	-10.1281	-6.80074
BLOCK27/SES274/SA274S24	SES105	-1.58631	-9.12838	-7.54208
BLOCK27/SES274/SA274S24	SES129	-0.136244	-7.67832	-7.54208
BLOCK27/SES274/SA274S24	SES149	-2.5722	-10.1143	-7.54208
BLOCK27/SES274/SA274S24	SES158	-4.71578	-12.2579	-7.54208
BLOCK27/SES274/SA274S29	SES105	-1.33667	-8.34495	-7.00829
BLOCK27/SES274/SA274S29	SES106	-1.9949	-9.00319	-7.00829
BLOCK27/SES274/SA274S29	SES120	-0.746099	-7.75438	-7.00829
BLOCK27/SES274/SA274S29	SES275	-0.877672	-7.88596	-7.00829
BLOCK27/SES276/SA276S16	SES148	-0.518538	-7.44328	-6.92474
BLOCK27/SES276/SA276S16	SES172	0.032917	-6.89182	-6.92474
BLOCK27/SES276/SA276S16	SES180	-0.906143	-7.83088	-6.92474
BLOCK27/SES276/SA276S16	SES292	-0.800391	-7.72513	-6.92474
BLOCK27/SES276/SA276S17	SES101	-1.02587	-8.2272	-7.20133
BLOCK27/SES276/SA276S17	SES177	-1.42971	-8.63104	-7.20133
BLOCK27/SES276/SA276S17	SES180	-1.61645	-8.81779	-7.20133
BLOCK27/SES276/SA276S17	SES292	-1.10132	-8.30266	-7.20133
BLOCK27/SES276/SA276S24	SES101	-0.522111	-7.09359	-6.57148
BLOCK27/SES276/SA276S24	SES177	-0.887829	-7.45931	-6.57148
BLOCK27/SES276/SA276S24	SES180	-1.0966	-7.66808	-6.57148
BLOCK27/SES276/SA276S24	SES292	-1.30737	-7.87885	-6.57148
BLOCK27/SES276/SA276S26	SES101	-0.98527	-7.54825	-6.56298
BLOCK27/SES276/SA276S26	SES177	-0.873174	-7.43615	-6.56298
BLOCK27/SES276/SA276S26	SES180	-0.884039	-7.44702	-6.56298
BLOCK27/SES276/SA276S26	SES292	-0.352633	-6.91561	-6.56298
BLOCK27/SES276/SA276S28	SES101	-0.222382	-6.99845	-6.77607
BLOCK27/SES276/SA276S28	SES177	-1.04988	-7.82595	-6.77607
BLOCK27/SES276/SA276S28	SES180	-0.341718	-7.11779	-6.77607
BLOCK27/SES276/SA276S28	SES292	-0.56692	-7.34299	-6.77607
BLOCK27/SES277/SA277S12	SES101	-0.41567	-8.63786	-8.22219
BLOCK27/SES277/SA277S12	SES177	-2.24056	-10.4627	-8.22219
BLOCK27/SES277/SA277S12	SES180	-1.84575	-10.0679	-8.22219
BLOCK27/SES277/SA277S12	SES292	-1.48587	-9.70807	-8.22219
BLOCK27/SES277/SA277S14	SES177	-1.14477	-9.54136	-8.39658
BLOCK27/SES277/SA277S14	SES180	-2.23863	-10.6352	-8.39658
BLOCK27/SES277/SA277S14	SES189	-0.235361	-8.63194	-8.39658
BLOCK27/SES277/SA277S14	SES292	-2.29457	-10.6912	-8.39658
BLOCK27/SES277/SA277S21	SES177	-0.575787	-9.02537	-8.44959
BLOCK27/SES277/SA277S21	SES180	-1.09842	-9.54801	-8.44959
BLOCK27/SES277/SA277S21	SES189	-0.0176773	-8.46726	-8.44959
BLOCK27/SES277/SA277S21	SES292	-2.75949	-11.2091	-8.44959
BLOCK27/SES277/SA277S24	SES144	-0.821674	-9.38518	-8.5635
BLOCK27/SES277/SA277S24	SES177	-1.32014	-9.88365	-8.5635
BLOCK27/SES277/SA277S24	SES180	-2.58302	-11.1465	-8.5635
BLOCK27/SES277/SA277S24	SES189	-0.0806351	-8.64414	-8.5635
BLOCK27/SES277/SA277S29	SES177	-1.07334	-7.24417	-6.17084
BLOCK27/SES277/SA277S29	SES180	-1.04746	-7.21829	-6.17084
BLOCK27/SES277/SA277S29	SES202	-0.66045	-6.83128	-6.17084
BLOCK27/SES277/SA277S29	SES292	-1.42356	-7.5944	-6.17084
BLOCK27/SES279/SA279S09	SES120	-1.00534	-7.4633	-6.45796
BLOCK27/SES279/SA279S09	SES146	-1.46569	-7.92365	-6.45796
BLOCK27/SES279/SA279S09	SES206	-0.716338	-7.1743	-6.45796
BLOCK27/SES279/SA279S09	SES226	-1.42374	-7.8817	-6.45796
BLOCK27/SES279/SA279S10	SES099	-1.13939	-8.26528	-7.12589
BLOCK27/SES279/SA279S10	SES206	-1.72644	-8.85233	-7.12589
BLOCK27/SES279/SA279S10	SES226	-2.31147	-9.43736	-7.12589
BLOCK27/SES279/SA279S10	SES292	-0.407602	-7.53349	-7.12589
BLOCK27/SES279/SA279S20	SES099	-1.30758	-8.57576	-7.26818
BLOCK27/SES279/SA279S20	SES206	-0.733751	-8.00193	-7.26818
BLOCK27/SES279/SA279S20	SES226	-2.4794	-9.74758	-7.26818
BLOCK27/SES279/SA279S20	SES292	-0.406061	-7.67424	-7.26818
BLOCK27/SES279/SA279S26	SES099	-0.763868	-8.82489	-8.06102
BLOCK27/SES279/SA279S26	SES206	-0.83731	-8.89833	-8.06102
BLOCK27/SES279/SA279S26	SES226	-1.75565	-9.81667	-8.06102
BLOCK27/SES279/SA279S26	SES292	0.133691	-7.92733	-8.06102
BLOCK27/SES279/SA279S28	SES099	-0.615299	-6.85578	-6.24048
BLOCK27/SES279/SA279S28	SES120	-1.0575	-7.29798	-6.24048
BLOCK27/SES279/SA279S28	SES177	-2.33585	-8.57633	-6.24048
BLOCK27/SES279/SA279S28	SES206	-1.30371	-7.54419	-6.24048
BLOCK29/SES290/SA290S12	SES162	-0.266651	-5.96593	-5.69928
BLOCK29/SES290/SA290S12	SES177	-0.333091	-6.03237	-5.69928
BLOCK29/SES290/SA290S12	SES180	-0.799208	-6.49848	-5.69928
BLOCK29/SES290/SA290S12	SES292	-1.11189	-6.81117	-5.69928
BLOCK29/SES290/SA290S13	SES007	-0.231043	-6.50761	-6.27657
BLOCK29/SES290/SA290S13	SES162	-1.14126	-7.41783	-6.27657
BLOCK29/SES290/SA290S13	SES177	-1.14731	-7.42388	-6.27657
BLOCK29/SES290/SA290S13	SES180	-0.616196	-6.89277	-6.27657
BLOCK29/SES290/SA290S22	SES177	-0.546655	-7.01048	-6.46382
BLOCK29/SES290/SA290S22	SES180	-0.632692	-7.09652	-6.46382
BLOCK29/SES290/SA290S22	SES202	-0.464638	-6.92846	-6.46382
BLOCK29/SES290/SA290S22	SES292	-0.745544	-7.20937	-6.46382
BLOCK29/SES290/SA290S25	SES162	-0.633219	-7.08622	-6.45301
BLOCK29/SES290/SA290S25	SES177	-0.646457	-7.09946	-6.45301
BLOCK29/SES290/SA290S25	SES180	-0.893588	-7.34659	-6.45301
BLOCK29/SES290/SA290S25	SES292	-0.389234	-6.84224	-6.45301
BLOCK29/SES290/SA290S29	SES177	-0.334182	-6.68919	-6.35501
BLOCK29/SES290/SA290S29	SES180	0.0882807	-6.26673	-6.35501
BLOCK29/SES290/SA290S29	SES275	-0.628509	-6.98352	-6.35501
BLOCK29/SES290/SA290S29	SES292	-0.300665	-6.65568	-6.35501
BLOCK29/SES291/SA291S11	SES105	-1.82947	-9.58783	-7.75836
BLOCK29/SES291/SA291S11	SES125	-1.49711	-9.25546	-7.75836
BLOCK29/SES291/SA291S11	SES158	-0.487752	-8.24611	-7.75836
BLOCK29/SES291/SA291S11	SES275	-1.31672	-9.07508	-7.75836
BLOCK29/SES291/SA291S12	SES158	0.420959	-6.89277	-7.31373
BLOCK29/SES291/SA291S12	SES226	-0.94538	-8.25911	-7.31373
BLOCK29/SES291/SA291S12	SES270	-0.872961	-8.18669	-7.31373
BLOCK29/SES291/SA291S12	SES275	-2.50459	-9.81832	-7.31373
BLOCK29/SES291/SA291S22	SES082	-0.885576	-8.32111	-7.43553
BLOCK29/SES291/SA291S22	SES158	-0.29557	-7.7311	-7.43553
BLOCK29/SES291/SA291S22	SES259	-0.906344	-8.34188	-7.43553
BLOCK29/SES291/SA291S22	SES275	-2.12566	-9.5612	-7.43553
BLOCK29/SES291/SA291S24	SES104	0.0191622	-6.94623	-6.9654
BLOCK29/SES291/SA291S24	SES125	-0.648721	-7.61412	-6.9654
BLOCK29/SES291/SA291S24	SES158	-0.224826	-7.19022	-6.9654
BLOCK29/SES291/SA291S24	SES275	-1.64924	-8.61464	-6.9654
BLOCK29/SES291/SA291S27	SES158	0.0356584	-6.8374	-6.87306
BLOCK29/SES291/SA291S27	SES172	-2.44658	-9.31964	-6.87306
BLOCK29/SES291/SA291S27	SES275	-1.93911	-8.81217	-6.87306
BLOCK29/SES291/SA291S27	SES292	-0.757846	-7.6309	-6.87306
Threshold search:
THR	-5.72511902659	9	0(0)	1(1000)
THR	-5.6348530363241	8.991	0(0)	0.999(999)
THR	-5.5445870460582	8.991	0(0)	0.999(999)
THR	-5.4543210557923	8.991	0(0)	0.999(999)
THR	-5.3640550655264	8.991	0(0)	0.999(999)
THR	-5.2737890752605	8.991	0(0)	0.999(999)
THR	-5.1835230849946	8.991	0(0)	0.999(999)
THR	-5.0932570947287	8.991	0(0)	0.999(999)
THR	-5.0029911044628	8.991	0(0)	0.999(999)
THR	-4.9127251141969	8.991	0(0)	0.999(999)
THR	-4.822459123931	8.991	0(0)	0.999(999)
THR	-4.7321931336651	8.991	0(0)	0.999(999)
THR	-4.6419271433992	8.982	0(0)	0.998(998)
THR	-4.5516611531333	8.982	0(0)	0.998(998)
THR	-4.4613951628674	8.982	0(0)	0.998(998)
THR	-4.3711291726015	8.973	0(0)	0.997(997)
THR	-4.2808631823356	8.973	0(0)	0.997(997)
THR	-4.1905971920697	8.973	0(0)	0.997(997)
THR	-4.1003312018038	8.955	0(0)	0.995(995)
THR	-4.0100652115379	8.946	0(0)	0.994(994)
THR	-3.919799221272	8.946	0(0)	0.994(994)
THR	-3.8295332310061	8.937	0(0)	0.993(993)
THR	-3.7392672407402	8.91	0(0)	0.99(990)
THR	-3.6490012504743	8.91	0(0)	0.99(990)
THR	-3.5587352602084	8.883	0(0)	0.987(987)
THR	-3.4684692699425	8.883	0(0)	0.987(987)
THR	-3.3782032796766	8.856	0(0)	0.984(984)
THR	-3.2879372894107	8.838	0(0)	0.982(982)
THR	-3.1976712991448	8.829	0(0)	0.981(981)
THR	-3.1074053088789	8.82	0(0)	0.98(980)
THR	-3.017139318613	8.793	0(0)	0.977(977)
THR	-2.9268733283471	8.739	0(0)	0.971(971)
THR	-2.8366073380812	8.721	0(0)	0.969(969)
THR	-2.7463413478153	8.64	0(0)	0.96(960)
THR	-2.6560753575494	8.595	0(0)	0.955(955)
THR	-2.5658093672835	8.487	0(0)	0.943(943)
THR	-2.4755433770176	8.406	0(0)	0.934(934)
THR	-2.3852773867517	8.289	0(0)	0.921(921)
THR	-2.2950113964858	8.172	0(0)	0.908(908)
THR	-2.2047454062199	7.974	0(0)	0.886(886)
THR	-2.114479415954	7.776	0(0)	0.864(864)
THR	-2.0242134256881	7.542	0(0)	0.838(838)
THR	-1.9339474354222	7.353	0(0)	0.817(817)
THR	-1.8436814451563	7.191	0(0)	0.799(799)
THR	-1.7534154548904	6.957	0(0)	0.773(773)
THR	-1.6631494646245	6.736	0.004(1)	0.748(748)
THR	-1.5728834743586	6.493	0.004(1)	0.721(721)
THR	-1.4826174840927	6.214	0.004(1)	0.69(690)
THR	-1.3923514938268	5.809	0.004(1)	0.645(645)
THR	-1.3020855035609	5.485	0.004(1)	0.609(609)
THR	-1.211819513295	5.071	0.004(1)	0.563(563)
THR	-1.1215535230291	4.693	0.004(1)	0.521(521)
THR	-1.0312875327632	4.288	0.004(1)	0.476(476)
THR	-0.941021542497301	3.874	0.004(1)	0.43(430)
THR	-0.850755552231401	3.478	0.004(1)	0.386(386)
THR	-0.760489561965501	3.1	0.004(1)	0.344(344)
THR	-0.670223571699601	2.573	0.008(2)	0.285(285)
THR	-0.579957581433701	2.276	0.008(2)	0.252(252)
THR	-0.489691591167801	1.794	0.012(3)	0.198(198)
THR	-0.399425600901901	1.482	0.024(6)	0.162(162)
THR	-0.309159610636001	1.224	0.036(9)	0.132(132)
THR	-0.218893620370101	0.92	0.056(14)	0.096(96)
THR	-0.128627630104201	0.766	0.1(25)	0.074(74)
THR	-0.0383616398383006	0.609	0.132(33)	0.053(53)
THR	0.0519043504275994	0.451	0.172(43)	0.031(31)
THR	0.142170340693499	0.423	0.216(54)	0.023(23)
THR	0.232436330959399	0.443	0.272(68)	0.019(19)
THR	0.322702321225299	0.473	0.32(80)	0.017(17)
THR	0.412968311491199	0.497	0.38(95)	0.013(13)
THR	0.503234301757099	0.527	0.464(116)	0.007(7)
THR	0.593500292022999	0.622	0.568(142)	0.006(6)
THR	0.683766282288899	0.66	0.624(156)	0.004(4)
THR	0.774032272554799	0.694	0.676(169)	0.002(2)
THR	0.864298262820699	0.782	0.764(191)	0.002(2)
THR	0.954564253086599	0.845	0.836(209)	0.001(1)
THR	1.0448302433525	0.885	0.876(219)	0.001(1)
THR	1.1350962336184	0.904	0.904(226)	0(0)
THR	1.2253622238843	0.924	0.924(231)	0(0)
THR	1.3156282141502	0.936	0.936(234)	0(0)
THR	1.4058942044161	0.944	0.944(236)	0(0)
THR	1.496160194682	0.956	0.956(239)	0(0)
THR	1.5864261849479	0.964	0.964(241)	0(0)
THR	1.6766921752138	0.968	0.968(242)	0(0)
THR	1.7669581654797	0.976	0.976(244)	0(0)
THR	1.8572241557456	0.988	0.988(247)	0(0)
THR	1.9474901460115	0.992	0.992(248)	0(0)
THR	2.0377561362774	0.992	0.992(248)	0(0)
THR	2.1280221265433	0.992	0.992(248)	0(0)
THR	2.2182881168092	0.992	0.992(248)	0(0)
THR	2.3085541070751	0.992	0.992(248)	0(0)
THR	2.398820097341	0.992	0.992(248)	0(0)
THR	2.4890860876069	0.992	0.992(248)	0(0)
THR	2.5793520778728	0.992	0.992(248)	0(0)
THR	2.6696180681387	0.992	0.992(248)	0(0)
THR	2.7598840584046	0.992	0.992(248)	0(0)
THR	2.8501500486705	0.996	0.996(249)	0(0)
THR	2.9404160389364	0.996	0.996(249)	0(0)
THR	3.0306820292023	0.996	0.996(249)	0(0)
THR	3.1209480194682	0.996	0.996(249)	0(0)
THR	3.2112140097341	0.996	0.996(249)	0(0)
THR	3.30148	0.996	0.996(249)	0(0)
THR	3.3917459902659	1	1(250)	0(0)


==============================================
THR: 0.142170340693499
Missed:     54/250=0.2160
FalseAlarm: 23/1000=0.0230
----------------------------------------------
==> CostDetection: 42.3
==============================================
