BLOCK00/SES002/SA002S12	SES002	1.1901	16.6763	15.4862
BLOCK00/SES002/SA002S13	SES002	1.87131	16.9739	15.1026
BLOCK00/SES002/SA002S23	SES002	1.03223	16.6395	15.6073
BLOCK00/SES002/SA002S26	SES002	1.34528	17.8473	16.502
BLOCK00/SES002/SA002S28	SES002	0.768041	15.4377	14.6696
BLOCK00/SES007/SA007S14	SES007	1.66348	18.3234	16.6599
BLOCK00/SES007/SA007S15	SES007	0.541903	16.0944	15.5525
BLOCK00/SES007/SA007S24	SES007	1.11435	16.2181	15.1037
BLOCK00/SES007/SA007S27	SES007	1.03224	15.6029	14.5707
BLOCK00/SES007/SA007S29	SES007	0.59816	16.4814	15.8832
BLOCK00/SES008/SA008S11	SES008	1.29959	16.6875	15.3879
BLOCK00/SES008/SA008S12	SES008	0.168031	15.2297	15.0616
BLOCK00/SES008/SA008S19	SES008	1.8927	18.2441	16.3514
BLOCK00/SES008/SA008S22	SES008	0.315321	15.1432	14.8279
BLOCK00/SES008/SA008S29	SES008	1.59115	17.6266	16.0354
BLOCK01/SES014/SA014S10	SES014	2.2616	17.5862	15.3246
BLOCK01/SES014/SA014S12	SES014	2.8491	20.0863	17.2372
BLOCK01/SES014/SA014S24	SES014	1.45007	17.9615	16.5114
BLOCK01/SES014/SA014S26	SES014	2.16504	20.5552	18.3901
BLOCK01/SES014/SA014S28	SES014	3.81222	21.3619	17.5497
BLOCK01/SES016/SA016S12	SES016	1.49019	15.0359	13.5457
BLOCK01/SES016/SA016S13	SES016	1.81569	17.156	15.3403
BLOCK01/SES016/SA016S22	SES016	1.56706	16.7982	15.2311
BLOCK01/SES016/SA016S25	SES016	2.03585	18.9362	16.9004
BLOCK01/SES016/SA016S27	SES016	1.8752	19.1072	17.232
BLOCK01/SES019/SA019S13	SES019	2.8771	15.9172	13.0401
BLOCK01/SES019/SA019S14	SES019	2.48164	16.3756	13.894
BLOCK01/SES019/SA019S22	SES019	2.70271	16.1866	13.4839
BLOCK01/SES019/SA019S25	SES019	2.95158	16.8422	13.8906
BLOCK01/SES019/SA019S29	SES019	3.21186	16.834	13.6221
BLOCK02/SES029/SA029S11	SES029	1.1263	16.7993	15.673
BLOCK02/SES029/SA029S12	SES029	0.384436	16.865	16.4805
BLOCK02/SES029/SA029S20	SES029	1.02855	16.4542	15.4257
BLOCK02/SES029/SA029S25	SES029	0.979311	17.5423	16.563
BLOCK02/SES029/SA029S28	SES029	0.100151	16.1674	16.0672
BLOCK04/SES042/SA042S12	SES042	1.95272	17.7135	15.7607
BLOCK04/SES042/SA042S15	SES042	2.27457	17.9715	15.697
BLOCK04/SES042/SA042S22	SES042	3.13314	20.6889	17.5557
BLOCK04/SES042/SA042S25	SES042	1.55125	16.4388	14.8875
BLOCK04/SES042/SA042S27	SES042	1.54882	18.135	16.5862
BLOCK04/SES048/SA048S11	SES048	1.70257	17.5715	15.869
BLOCK04/SES048/SA048S12	SES048	0.747765	17.1559	16.4081
BLOCK04/SES048/SA048S20	SES048	0.530186	17.1494	16.6192
BLOCK04/SES048/SA048S23	SES048	1.31715	16.1075	14.7903
BLOCK04/SES048/SA048S27	SES048	0.744417	18.2307	17.4863
BLOCK06/SES060/SA060S11	SES060	1.33807	17.6561	16.318
BLOCK06/SES060/SA060S12	SES060	-0.301139	15.1035	15.4047
BLOCK06/SES060/SA060S22	SES060	-0.412692	13.8504	14.2631
BLOCK06/SES060/SA060S24	SES060	1.01901	17.3606	16.3416
BLOCK06/SES060/SA060S28	SES060	1.26429	19.7599	18.4956
BLOCK06/SES062/SA062S10	SES062	0.880835	17.2122	16.3314
BLOCK06/SES062/SA062S11	SES062	1.72931	17.5034	15.7741
BLOCK06/SES062/SA062S21	SES062	2.16412	20.3024	18.1383
BLOCK06/SES062/SA062S26	SES062	1.21002	18.4443	17.2343
BLOCK06/SES062/SA062S29	SES062	1.58797	19.4897	17.9017
BLOCK06/SES068/SA068S14	SES068	0.183765	16.7579	16.5742
BLOCK06/SES068/SA068S15	SES068	1.27063	18.7739	17.5033
BLOCK06/SES068/SA068S23	SES068	0.36122	15.9171	15.5559
BLOCK06/SES068/SA068S27	SES068	1.87603	19.2838	17.4077
BLOCK06/SES068/SA068S29	SES068	0.516983	16.8798	16.3628
BLOCK08/SES082/SA082S12	SES082	-0.104809	14.6804	14.7852
BLOCK08/SES082/SA082S14	SES082	0.248652	14.7721	14.5235
BLOCK08/SES082/SA082S21	SES082	-0.149164	14.8961	15.0453
BLOCK08/SES082/SA082S24	SES082	0.542559	16.99	16.4474
BLOCK08/SES082/SA082S28	SES082	0.236279	15.4455	15.2093
BLOCK08/SES083/SA083S14	SES083	-0.384314	15.7139	16.0982
BLOCK08/SES083/SA083S15	SES083	0.531647	17.2244	16.6928
BLOCK08/SES083/SA083S24	SES083	0.35792	16.4467	16.0888
BLOCK08/SES083/SA083S26	SES083	0.575805	16.2206	15.6448
BLOCK08/SES083/SA083S29	SES083	-0.0702114	17.0195	17.0897
BLOCK08/SES085/SA085S10	SES085	0.0280094	16.5809	16.5529
BLOCK08/SES085/SA085S13	SES085	-0.40694	15.5264	15.9333
BLOCK08/SES085/SA085S22	SES085	-0.0179062	17.6849	17.7028
BLOCK08/SES085/SA085S26	SES085	0.709141	17.4773	16.7682
BLOCK08/SES085/SA085S28	SES085	1.21004	17.3432	16.1331
BLOCK08/SES087/SA087S15	SES087	1.45749	16.6169	15.1594
BLOCK08/SES087/SA087S16	SES087	1.10268	16.2358	15.1331
BLOCK08/SES087/SA087S24	SES087	1.92806	17.3139	15.3858
BLOCK08/SES087/SA087S26	SES087	1.0725	17.3755	16.303
BLOCK08/SES087/SA087S29	SES087	1.82361	16.6954	14.8718
BLOCK09/SES099/SA099S15	SES099	1.59578	16.3452	14.7494
BLOCK09/SES099/SA099S16	SES099	1.24505	16.2587	15.0137
BLOCK09/SES099/SA099S24	SES099	1.71476	16.7887	15.0739
BLOCK09/SES099/SA099S26	SES099	1.5691	16.6896	15.1205
BLOCK09/SES099/SA099S29	SES099	1.7709	17.415	15.644
BLOCK10/SES101/SA101S11	SES101	-0.0946627	15.9221	16.0167
BLOCK10/SES101/SA101S13	SES101	1.30303	18.221	16.918
BLOCK10/SES101/SA101S22	SES101	0.985033	16.4705	15.4854
BLOCK10/SES101/SA101S24	SES101	0.745153	16.133	15.3879
BLOCK10/SES101/SA101S28	SES101	-0.0388994	15.3334	15.3723
BLOCK10/SES104/SA104S11	SES104	2.0768	19.438	17.3612
BLOCK10/SES104/SA104S12	SES104	1.77746	17.3975	15.6201
BLOCK10/SES104/SA104S21	SES104	1.44486	16.8539	15.4091
BLOCK10/SES104/SA104S24	SES104	0.490296	16.129	15.6387
BLOCK10/SES104/SA104S28	SES104	1.32275	17.7147	16.3919
BLOCK10/SES105/SA105S12	SES105	1.07676	15.0457	13.9689
BLOCK10/SES105/SA105S13	SES105	1.18382	15.457	14.2732
BLOCK10/SES105/SA105S22	SES105	0.297935	13.8896	13.5917
BLOCK10/SES105/SA105S26	SES105	1.32666	15.379	14.0524
BLOCK10/SES105/SA105S29	SES105	1.52579	16.6198	15.0941
BLOCK10/SES106/SA106S09	SES106	0.839931	14.75	13.9101
BLOCK10/SES106/SA106S11	SES106	1.57231	17.0786	15.5063
BLOCK10/SES106/SA106S22	SES106	2.97063	17.5527	14.5821
BLOCK10/SES106/SA106S27	SES106	1.74225	16.1827	14.4404
BLOCK10/SES106/SA106S29	SES106	0.893687	15.3467	14.453
BLOCK11/SES117/SA117S12	SES117	0.733354	15.8265	15.0931
BLOCK11/SES117/SA117S13	SES117	0.257575	16.1666	15.909
BLOCK11/SES117/SA117S23	SES117	1.86707	15.111	13.2439
BLOCK11/SES117/SA117S25	SES117	0.751679	14.9601	14.2084
BLOCK11/SES117/SA117S28	SES117	0.868063	14.6067	13.7386
BLOCK12/SES120/SA120S08	SES120	0.929591	13.6991	12.7695
BLOCK12/SES120/SA120S11	SES120	0.45515	12.3275	11.8724
BLOCK12/SES120/SA120S22	SES120	0.181602	15.639	15.4574
BLOCK12/SES120/SA120S24	SES120	1.09495	14.8981	13.8031
BLOCK12/SES120/SA120S28	SES120	-0.0456953	12.1025	12.1482
BLOCK12/SES125/SA125S13	SES125	1.94728	17.0022	15.0549
BLOCK12/SES125/SA125S14	SES125	0.93073	15.7284	14.7977
BLOCK12/SES125/SA125S25	SES125	1.87901	17.6153	15.7363
BLOCK12/SES125/SA125S27	SES125	1.87507	18.5028	16.6277
BLOCK12/SES125/SA125S29	SES125	2.07524	17.2437	15.1684
BLOCK12/SES127/SA127S11	SES127	0.994009	16.0203	15.0263
BLOCK12/SES127/SA127S12	SES127	-0.0340405	16.2715	16.3055
BLOCK12/SES127/SA127S23	SES127	0.564774	16.4311	15.8663
BLOCK12/SES127/SA127S25	SES127	-0.230431	14.8212	15.0516
BLOCK12/SES127/SA127S27	SES127	1.02405	16.9544	15.9304
BLOCK12/SES129/SA129S11	SES129	1.54924	18.0478	16.4985
BLOCK12/SES129/SA129S12	SES129	1.43094	17.751	16.3201
BLOCK12/SES129/SA129S22	SES129	0.974495	16.2905	15.316
BLOCK12/SES129/SA129S27	SES129	1.72995	17.5427	15.8128
BLOCK12/SES129/SA129S29	SES129	1.25258	17.5718	16.3192
BLOCK14/SES142/SA142S11	SES142	2.25008	16.3561	14.106
BLOCK14/SES142/SA142S12	SES142	1.16436	15.333	14.1687
BLOCK14/SES142/SA142S24	SES142	1.70066	16.3094	14.6088
BLOCK14/SES142/SA142S27	SES142	1.90343	16.8318	14.9284
BLOCK14/SES142/SA142S29	SES142	2.52198	16.1186	13.5966
BLOCK14/SES143/SA143S12	SES143	1.13439	15.5726	14.4382
BLOCK14/SES143/SA143S13	SES143	0.891002	15.2929	14.4019
BLOCK14/SES143/SA143S23	SES143	1.23752	15.3706	14.1331
BLOCK14/SES143/SA143S25	SES143	1.13483	15.9838	14.849
BLOCK14/SES143/SA143S28	SES143	1.18325	15.6583	14.4751
BLOCK14/SES144/SA144S09	SES144	0.904132	16.5417	15.6376
BLOCK14/SES144/SA144S11	SES144	1.21586	16.009	14.7931
BLOCK14/SES144/SA144S21	SES144	0.3138	15.2699	14.9561
BLOCK14/SES144/SA144S25	SES144	0.0700626	14.3526	14.2825
BLOCK14/SES144/SA144S29	SES144	0.117282	15.9248	15.8075
BLOCK14/SES146/SA146S14	SES146	0.550197	14.8783	14.3281
BLOCK14/SES146/SA146S15	SES146	0.665196	14.9373	14.2721
BLOCK14/SES146/SA146S24	SES146	0.974186	15.4298	14.4556
BLOCK14/SES146/SA146S26	SES146	0.993319	15.5582	14.5649
BLOCK14/SES146/SA146S29	SES146	0.304296	14.1089	13.8046
BLOCK14/SES147/SA147S11	SES147	1.27868	15.5921	14.3134
BLOCK14/SES147/SA147S13	SES147	2.0321	16.5639	14.5318
BLOCK14/SES147/SA147S23	SES147	0.197797	15.2763	15.0785
BLOCK14/SES147/SA147S26	SES147	0.966711	15.5654	14.5987
BLOCK14/SES147/SA147S28	SES147	1.71769	15.8749	14.1572
BLOCK14/SES148/SA148S10	SES148	1.33049	15.5627	14.2322
BLOCK14/SES148/SA148S12	SES148	1.15681	14.5392	13.3824
BLOCK14/SES148/SA148S22	SES148	1.78708	17.174	15.3869
BLOCK14/SES148/SA148S26	SES148	-0.0951986	15.9454	16.0406
BLOCK14/SES148/SA148S29	SES148	0.510049	15.2305	14.7204
BLOCK14/SES149/SA149S13	SES149	-0.326822	15.4741	15.8009
BLOCK14/SES149/SA149S14	SES149	0.509745	16.8744	16.3647
BLOCK14/SES149/SA149S24	SES149	1.08897	17.3593	16.2703
BLOCK14/SES149/SA149S26	SES149	1.93099	18.6143	16.6833
BLOCK14/SES149/SA149S28	SES149	2.14265	19.8672	17.7245
BLOCK15/SES158/SA158S13	SES158	1.70488	15.2425	13.5377
BLOCK15/SES158/SA158S14	SES158	2.76445	16.0415	13.2771
BLOCK15/SES158/SA158S23	SES158	1.46778	15.6992	14.2314
BLOCK15/SES158/SA158S26	SES158	2.46516	15.3962	12.9311
BLOCK15/SES158/SA158S28	SES158	1.0501	15.0246	13.9745
BLOCK16/SES162/SA162S10	SES162	0.650866	13.987	13.3362
BLOCK16/SES162/SA162S11	SES162	0.505624	16.2308	15.7252
BLOCK16/SES162/SA162S21	SES162	1.61902	16.7522	15.1331
BLOCK16/SES162/SA162S24	SES162	1.05195	16.001	14.949
BLOCK16/SES162/SA162S27	SES162	1.11274	15.4696	14.3568
BLOCK16/SES167/SA167S14	SES167	0.649284	17.6387	16.9894
BLOCK16/SES167/SA167S15	SES167	0.857011	16.4396	15.5826
BLOCK16/SES167/SA167S21	SES167	1.90435	17.4212	15.5169
BLOCK16/SES167/SA167S25	SES167	2.43301	16.7533	14.3203
BLOCK16/SES167/SA167S29	SES167	2.34875	18.6342	16.2854
BLOCK17/SES172/SA172S12	SES172	1.01782	17.0729	16.0551
BLOCK17/SES172/SA172S13	SES172	1.29807	16.3412	15.0432
BLOCK17/SES172/SA172S23	SES172	1.23996	17.8698	16.6298
BLOCK17/SES172/SA172S27	SES172	1.08981	16.961	15.8712
BLOCK17/SES172/SA172S29	SES172	1.86979	17.5565	15.6867
BLOCK17/SES175/SA175S11	SES175	0.568065	16.248	15.6799
BLOCK17/SES175/SA175S13	SES175	0.917247	16.4349	15.5177
BLOCK17/SES175/SA175S23	SES175	1.18837	16.536	15.3476
BLOCK17/SES175/SA175S25	SES175	0.202502	14.1493	13.9468
BLOCK17/SES175/SA175S28	SES175	0.80142	16.9835	16.1821
BLOCK17/SES177/SA177S15	SES177	0.368075	16.2474	15.8794
BLOCK17/SES177/SA177S17	SES177	-0.0293932	15.9144	15.9438
BLOCK17/SES177/SA177S23	SES177	-0.62217	14.9045	15.5266
BLOCK17/SES177/SA177S26	SES177	0.328892	17.9185	17.5896
BLOCK17/SES177/SA177S28	SES177	0.566254	16.567	16.0007
BLOCK18/SES180/SA180S13	SES180	-0.0427408	15.4424	15.4852
BLOCK18/SES180/SA180S15	SES180	0.708927	15.947	15.2381
BLOCK18/SES180/SA180S24	SES180	0.588444	17.3874	16.799
BLOCK18/SES180/SA180S26	SES180	0.829447	16.7882	15.9588
BLOCK18/SES180/SA180S29	SES180	1.18464	16.3619	15.1772
BLOCK18/SES183/SA183S13	SES183	1.35141	15.1159	13.7645
BLOCK18/SES183/SA183S14	SES183	-0.0843821	14.2527	14.3371
BLOCK18/SES183/SA183S24	SES183	1.52312	14.4046	12.8815
BLOCK18/SES183/SA183S27	SES183	0.993874	14.7781	13.7842
BLOCK18/SES183/SA183S29	SES183	0.592412	15.7908	15.1984
BLOCK18/SES187/SA187S13	SES187	0.644741	16.1543	15.5095
BLOCK18/SES187/SA187S14	SES187	0.693926	15.3832	14.6893
BLOCK18/SES187/SA187S24	SES187	2.15017	15.4048	13.2547
BLOCK18/SES187/SA187S27	SES187	1.67079	16.0419	14.3711
BLOCK18/SES187/SA187S29	SES187	1.11531	16.5469	15.4316
BLOCK18/SES189/SA189S10	SES189	1.79461	15.2383	13.4437
BLOCK18/SES189/SA189S13	SES189	2.07448	14.9012	12.8267
BLOCK18/SES189/SA189S24	SES189	2.25488	14.9884	12.7336
BLOCK18/SES189/SA189S26	SES189	1.47046	15.8519	14.3815
BLOCK18/SES189/SA189S29	SES189	2.45273	15.9824	13.5296
BLOCK20/SES202/SA202S12	SES202	1.1332	13.0233	11.8901
BLOCK20/SES202/SA202S14	SES202	2.27436	15.8608	13.5864
BLOCK20/SES202/SA202S24	SES202	1.09276	15.445	14.3522
BLOCK20/SES202/SA202S27	SES202	1.50668	17.517	16.0103
BLOCK20/SES202/SA202S29	SES202	2.10501	17.1063	15.0013
BLOCK20/SES206/SA206S15	SES206	-0.19476	15.9867	16.1815
BLOCK20/SES206/SA206S17	SES206	1.65434	18.2972	16.6428
BLOCK20/SES206/SA206S24	SES206	1.96972	18.6094	16.6396
BLOCK20/SES206/SA206S27	SES206	1.83142	17.3006	15.4691
BLOCK20/SES206/SA206S29	SES206	1.35958	18.5639	17.2044
BLOCK22/SES226/SA226S12	SES226	1.17139	16.2672	15.0958
BLOCK22/SES226/SA226S13	SES226	-1.02624	13.733	14.7592
BLOCK22/SES226/SA226S20	SES226	0.970584	15.7382	14.7677
BLOCK22/SES226/SA226S23	SES226	1.3759	16.7264	15.3505
BLOCK22/SES226/SA226S28	SES226	1.6885	16.9867	15.2982
BLOCK25/SES259/SA259S13	SES259	3.93081	18.6498	14.719
BLOCK25/SES259/SA259S14	SES259	2.12685	17.0353	14.9084
BLOCK25/SES259/SA259S22	SES259	1.98689	16.7662	14.7793
BLOCK25/SES259/SA259S24	SES259	2.40447	18.7582	16.3537
BLOCK25/SES259/SA259S28	SES259	2.14818	17.5241	15.3759
BLOCK27/SES270/SA270S14	SES270	2.24946	15.2652	13.0157
BLOCK27/SES270/SA270S16	SES270	1.03246	15.3841	14.3516
BLOCK27/SES270/SA270S22	SES270	2.0112	16.1533	14.1421
BLOCK27/SES270/SA270S26	SES270	0.949886	14.0652	13.1153
BLOCK27/SES270/SA270S28	SES270	1.52421	16.1396	14.6154
BLOCK27/SES275/SA275S17	SES275	1.57967	16.2386	14.659
BLOCK27/SES275/SA275S18	SES275	0.603852	16.0309	15.427
BLOCK27/SES275/SA275S24	SES275	0.890031	14.7189	13.8289
BLOCK27/SES275/SA275S26	SES275	1.044	16.1041	15.0601
BLOCK27/SES275/SA275S28	SES275	0.298387	15.6833	15.3849
BLOCK29/SES292/SA292S10	SES292	0.472973	15.6621	15.1891
BLOCK29/SES292/SA292S12	SES292	0.21091	15.6623	15.4514
BLOCK29/SES292/SA292S22	SES292	0.383461	16.4671	16.0836
BLOCK29/SES292/SA292S24	SES292	0.282736	15.913	15.6302
BLOCK29/SES292/SA292S27	SES292	0.0593052	16.3758	16.3165
BLOCK00/SES001/SA001S14	SES062	-3.32818	10.2764	13.6046
BLOCK00/SES001/SA001S14	SES082	-3.44279	10.1618	13.6046
BLOCK00/SES001/SA001S14	SES106	-3.29225	10.3123	13.6046
BLOCK00/SES001/SA001S14	SES206	-2.65867	10.9459	13.6046
BLOCK00/SES001/SA001S15	SES062	-3.61051	11.8424	15.453
BLOCK00/SES001/SA001S15	SES104	-4.40782	11.0451	15.453
BLOCK00/SES001/SA001S15	SES106	-3.12021	12.3327	15.453
BLOCK00/SES001/SA001S15	SES206	-2.84958	12.6034	15.453
BLOCK00/SES001/SA001S24	SES062	-4.07408	9.49996	13.574
BLOCK00/SES001/SA001S24	SES082	-3.53061	10.0434	13.574
BLOCK00/SES001/SA001S24	SES087	-2.92658	10.6475	13.574
BLOCK00/SES001/SA001S24	SES206	-2.70084	10.8732	13.574
BLOCK00/SES001/SA001S27	SES062	-2.82783	12.7293	15.5571
BLOCK00/SES001/SA001S27	SES082	-2.57365	12.9834	15.5571
BLOCK00/SES001/SA001S27	SES087	-2.59359	12.9635	15.5571
BLOCK00/SES001/SA001S27	SES206	-2.63153	12.9256	15.5571
BLOCK00/SES001/SA001S29	SES062	-4.46097	9.55517	14.0161
BLOCK00/SES001/SA001S29	SES082	-2.354	11.6621	14.0161
BLOCK00/SES001/SA001S29	SES158	-2.3343	11.6818	14.0161
BLOCK00/SES001/SA001S29	SES206	-3.63136	10.3848	14.0161
BLOCK00/SES003/SA003S11	SES002	-1.93171	13.3737	15.3054
BLOCK00/SES003/SA003S11	SES019	-2.59648	12.7089	15.3054
BLOCK00/SES003/SA003S11	SES082	-1.8281	13.4773	15.3054
BLOCK00/SES003/SA003S11	SES125	-2.88249	12.4229	15.3054
BLOCK00/SES003/SA003S15	SES016	-3.17656	13.0311	16.2076
BLOCK00/SES003/SA003S15	SES019	-2.94722	13.2604	16.2076
BLOCK00/SES003/SA003S15	SES062	-2.2112	13.9964	16.2076
BLOCK00/SES003/SA003S15	SES206	-2.68711	13.5205	16.2076
BLOCK00/SES003/SA003S22	SES002	-3.48718	12.0506	15.5378
BLOCK00/SES003/SA003S22	SES062	-2.47907	13.0587	15.5378
BLOCK00/SES003/SA003S22	SES082	-3.2348	12.303	15.5378
BLOCK00/SES003/SA003S22	SES087	-2.74515	12.7926	15.5378
BLOCK00/SES003/SA003S25	SES062	-4.22867	10.8204	15.049
BLOCK00/SES003/SA003S25	SES082	-2.32417	12.7249	15.049
BLOCK00/SES003/SA003S25	SES087	-2.62273	12.4263	15.049
BLOCK00/SES003/SA003S25	SES206	-2.98448	12.0646	15.049
BLOCK00/SES003/SA003S29	SES002	-2.43236	12.1867	14.6191
BLOCK00/SES003/SA003S29	SES062	-4.23718	10.3819	14.6191
BLOCK00/SES003/SA003S29	SES082	-2.20779	12.4113	14.6191
BLOCK00/SES003/SA003S29	SES087	-3.00844	11.6107	14.6191
BLOCK00/SES004/SA004S12	SES083	-2.87007	11.5837	14.4538
BLOCK00/SES004/SA004S12	SES148	-2.90783	11.546	14.4538
BLOCK00/SES004/SA004S12	SES172	-1.74986	12.704	14.4538
BLOCK00/SES004/SA004S12	SES292	-2.32234	12.1315	14.4538
BLOCK00/SES004/SA004S17	SES083	-2.97672	11.4301	14.4068
BLOCK00/SES004/SA004S17	SES162	-2.1056	12.3012	14.4068
BLOCK00/SES004/SA004S17	SES172	-2.02272	12.3841	14.4068
BLOCK00/SES004/SA004S17	SES292	-2.49718	11.9096	14.4068
BLOCK00/SES004/SA004S24	SES083	-3.16133	11.6051	14.7664
BLOCK00/SES004/SA004S24	SES148	-3.1489	11.6175	14.7664
BLOCK00/SES004/SA004S24	SES172	-1.59497	13.1714	14.7664
BLOCK00/SES004/SA004S24	SES292	-1.93327	12.8331	14.7664
BLOCK00/SES004/SA004S26	SES083	-2.99881	11.7149	14.7137
BLOCK00/SES004/SA004S26	SES127	-3.08147	11.6322	14.7137
BLOCK00/SES004/SA004S26	SES148	-4.54159	10.1721	14.7137
BLOCK00/SES004/SA004S26	SES292	-3.21047	11.5032	14.7137
BLOCK00/SES004/SA004S28	SES083	-2.35025	13.9503	16.3006
BLOCK00/SES004/SA004S28	SES127	-1.84227	14.4583	16.3006
BLOCK00/SES004/SA004S28	SES187	-1.70882	14.5918	16.3006
BLOCK00/SES004/SA004S28	SES292	-2.66933	13.6312	16.3006
BLOCK00/SES006/SA006S10	SES014	-5.00053	6.82489	11.8254
BLOCK00/SES006/SA006S10	SES158	-3.65677	8.16865	11.8254
BLOCK00/SES006/SA006S10	SES226	-5.88323	5.94219	11.8254
BLOCK00/SES006/SA006S10	SES270	-1.9169	9.90852	11.8254
BLOCK00/SES006/SA006S11	SES158	-3.20854	8.89827	12.1068
BLOCK00/SES006/SA006S11	SES226	-4.44682	7.65999	12.1068
BLOCK00/SES006/SA006S11	SES270	-2.48444	9.62237	12.1068
BLOCK00/SES006/SA006S11	SES275	-3.79405	8.31276	12.1068
BLOCK00/SES006/SA006S23	SES062	-4.04991	10.0175	14.0674
BLOCK00/SES006/SA006S23	SES105	-4.16735	9.90006	14.0674
BLOCK00/SES006/SA006S23	SES158	-2.86662	11.2008	14.0674
BLOCK00/SES006/SA006S23	SES275	-3.25882	10.8086	14.0674
BLOCK00/SES006/SA006S26	SES104	-5.62812	7.84932	13.4774
BLOCK00/SES006/SA006S26	SES158	-2.82042	10.657	13.4774
BLOCK00/SES006/SA006S26	SES270	-1.60449	11.873	13.4774
BLOCK00/SES006/SA006S26	SES275	-3.89834	9.5791	13.4774
BLOCK00/SES006/SA006S28	SES007	-4.12586	7.99096	12.1168
BLOCK00/SES006/SA006S28	SES105	-4.2522	7.86462	12.1168
BLOCK00/SES006/SA006S28	SES158	-2.3531	9.76371	12.1168
BLOCK00/SES006/SA006S28	SES275	-3.8857	8.23111	12.1168
BLOCK00/SES009/SA009S12	SES083	-4.12378	11.9974	16.1212
BLOCK00/SES009/SA009S12	SES148	-3.48312	12.6381	16.1212
BLOCK00/SES009/SA009S12	SES177	-1.90635	14.2148	16.1212
BLOCK00/SES009/SA009S12	SES292	-2.94301	13.1782	16.1212
BLOCK00/SES009/SA009S15	SES007	-0.83682	15.7925	16.6293
BLOCK00/SES009/SA009S15	SES099	-4.88614	11.7432	16.6293
BLOCK00/SES009/SA009S15	SES148	-3.14369	13.4856	16.6293
BLOCK00/SES009/SA009S15	SES172	-2.28311	14.3462	16.6293
BLOCK00/SES009/SA009S24	SES146	-1.77371	14.7995	16.5732
BLOCK00/SES009/SA009S24	SES148	-3.385	13.1882	16.5732
BLOCK00/SES009/SA009S24	SES177	-1.16932	15.4039	16.5732
BLOCK00/SES009/SA009S24	SES292	-2.28553	14.2877	16.5732
BLOCK00/SES009/SA009S26	SES083	-3.46861	12.1274	15.596
BLOCK00/SES009/SA009S26	SES101	-3.36556	12.2305	15.596
BLOCK00/SES009/SA009S26	SES120	-2.43265	13.1634	15.596
BLOCK00/SES009/SA009S26	SES177	-1.60299	13.993	15.596
BLOCK00/SES009/SA009S29	SES083	-2.99608	13.54	16.5361
BLOCK00/SES009/SA009S29	SES101	-2.87738	13.6587	16.5361
BLOCK00/SES009/SA009S29	SES177	-1.7138	14.8223	16.5361
BLOCK00/SES009/SA009S29	SES292	-1.98731	14.5488	16.5361
BLOCK01/SES011/SA011S10	SES019	-2.86897	12.8075	15.6765
BLOCK01/SES011/SA011S10	SES042	-1.44026	14.2362	15.6765
BLOCK01/SES011/SA011S10	SES082	-3.46903	12.2074	15.6765
BLOCK01/SES011/SA011S10	SES206	-2.80612	12.8704	15.6765
BLOCK01/SES011/SA011S11	SES019	-2.79316	11.4664	14.2595
BLOCK01/SES011/SA011S11	SES042	-2.06915	12.1904	14.2595
BLOCK01/SES011/SA011S11	SES082	-3.31377	10.9458	14.2595
BLOCK01/SES011/SA011S11	SES206	-3.40549	10.854	14.2595
BLOCK01/SES011/SA011S22	SES019	-1.81592	12.5469	14.3629
BLOCK01/SES011/SA011S22	SES042	-0.921387	13.4415	14.3629
BLOCK01/SES011/SA011S22	SES082	-2.81302	11.5498	14.3629
BLOCK01/SES011/SA011S22	SES206	-3.45573	10.9071	14.3629
BLOCK01/SES011/SA011S24	SES019	-3.27247	12.0432	15.3157
BLOCK01/SES011/SA011S24	SES042	-0.83326	14.4824	15.3157
BLOCK01/SES011/SA011S24	SES104	-3.07129	12.2444	15.3157
BLOCK01/SES011/SA011S24	SES206	-2.46729	12.8484	15.3157
BLOCK01/SES011/SA011S27	SES082	-1.23108	13.4357	14.6668
BLOCK01/SES011/SA011S27	SES087	-3.13769	11.5291	14.6668
BLOCK01/SES011/SA011S27	SES125	-2.21879	12.448	14.6668
BLOCK01/SES011/SA011S27	SES206	-2.08396	12.5828	14.6668
BLOCK01/SES012/SA012S11	SES007	-1.72588	15.5336	17.2595
BLOCK01/SES012/SA012S11	SES082	-3.04011	14.2194	17.2595
BLOCK01/SES012/SA012S11	SES083	-2.52963	14.7299	17.2595
BLOCK01/SES012/SA012S11	SES206	-2.56596	14.6936	17.2595
BLOCK01/SES012/SA012S14	SES082	-1.03937	15.406	16.4453
BLOCK01/SES012/SA012S14	SES087	-3.15771	13.2876	16.4453
BLOCK01/SES012/SA012S14	SES206	-1.90929	14.536	16.4453
BLOCK01/SES012/SA012S14	SES292	-2.23258	14.2127	16.4453
BLOCK01/SES012/SA012S24	SES082	-1.13383	14.4741	15.6079
BLOCK01/SES012/SA012S24	SES087	-3.13228	12.4756	15.6079
BLOCK01/SES012/SA012S24	SES120	-2.99226	12.6157	15.6079
BLOCK01/SES012/SA012S24	SES206	-1.85281	13.7551	15.6079
BLOCK01/SES012/SA012S26	SES019	-4.99707	12.0911	17.0882
BLOCK01/SES012/SA012S26	SES082	-2.97519	14.113	17.0882
BLOCK01/SES012/SA012S26	SES206	-1.53804	15.5502	17.0882
BLOCK01/SES012/SA012S26	SES292	-1.83625	15.2519	17.0882
BLOCK01/SES012/SA012S29	SES062	-2.11039	14.6049	16.7153
BLOCK01/SES012/SA012S29	SES082	-1.49932	15.216	16.7153
BLOCK01/SES012/SA012S29	SES083	-3.50065	13.2146	16.7153
BLOCK01/SES012/SA012S29	SES206	-1.52742	15.1878	16.7153
BLOCK01/SES013/SA013S16	SES062	-4.38034	10.4718	14.8522
BLOCK01/SES013/SA013S16	SES106	-2.99171	11.8604	14.8522
BLOCK01/SES013/SA013S16	SES206	-2.71078	12.1414	14.8522
BLOCK01/SES013/SA013S16	SES226	-1.78926	13.0629	14.8522
BLOCK01/SES013/SA013S17	SES062	-3.38483	13.2877	16.6726
BLOCK01/SES013/SA013S17	SES106	-3.81742	12.8551	16.6726
BLOCK01/SES013/SA013S17	SES206	-1.38233	15.2902	16.6726
BLOCK01/SES013/SA013S17	SES226	-1.77347	14.8991	16.6726
BLOCK01/SES013/SA013S23	SES104	-3.31228	12.34	15.6523
BLOCK01/SES013/SA013S23	SES106	-2.40916	13.2431	15.6523
BLOCK01/SES013/SA013S23	SES206	-2.21782	13.4345	15.6523
BLOCK01/SES013/SA013S23	SES270	-2.04451	13.6078	15.6523
BLOCK01/SES013/SA013S25	SES042	-3.02886	13.7424	16.7712
BLOCK01/SES013/SA013S25	SES104	-2.4676	14.3036	16.7712
BLOCK01/SES013/SA013S25	SES106	-2.12533	14.6459	16.7712
BLOCK01/SES013/SA013S25	SES206	-2.06917	14.7021	16.7712
BLOCK01/SES013/SA013S29	SES062	-4.92298	11.1119	16.0349
BLOCK01/SES013/SA013S29	SES104	-4.21887	11.8161	16.0349
BLOCK01/SES013/SA013S29	SES106	-2.86287	13.1721	16.0349
BLOCK01/SES013/SA013S29	SES206	-2.90236	13.1326	16.0349
BLOCK02/SES021/SA021S13	SES016	-4.79823	12.356	17.1543
BLOCK02/SES021/SA021S13	SES029	-2.72202	14.4323	17.1543
BLOCK02/SES021/SA021S13	SES087	-3.33526	13.819	17.1543
BLOCK02/SES021/SA021S13	SES206	-2.48167	14.6726	17.1543
BLOCK02/SES021/SA021S15	SES087	-2.19942	15.8325	18.0319
BLOCK02/SES021/SA021S15	SES125	-1.41356	16.6183	18.0319
BLOCK02/SES021/SA021S15	SES206	-2.02974	16.0021	18.0319
BLOCK02/SES021/SA021S15	SES226	-2.77542	15.2565	18.0319
BLOCK02/SES021/SA021S23	SES062	-4.12243	11.1606	15.2831
BLOCK02/SES021/SA021S23	SES087	-2.28897	12.9941	15.2831
BLOCK02/SES021/SA021S23	SES206	-3.14135	12.1417	15.2831
BLOCK02/SES021/SA021S23	SES226	-2.73184	12.5512	15.2831
BLOCK02/SES021/SA021S27	SES002	-2.10103	14.9336	17.0346
BLOCK02/SES021/SA021S27	SES016	-6.266	10.7686	17.0346
BLOCK02/SES021/SA021S27	SES019	-3.06508	13.9695	17.0346
BLOCK02/SES021/SA021S27	SES062	-2.59009	14.4445	17.0346
BLOCK02/SES021/SA021S29	SES087	-2.62826	14.6197	17.2479
BLOCK02/SES021/SA021S29	SES125	-1.34219	15.9058	17.2479
BLOCK02/SES021/SA021S29	SES206	-1.54298	15.705	17.2479
BLOCK02/SES021/SA021S29	SES226	-3.33285	13.9151	17.2479
BLOCK04/SES043/SA043S09	SES083	-2.17079	11.9618	14.1326
BLOCK04/SES043/SA043S09	SES101	-2.48603	11.6466	14.1326
BLOCK04/SES043/SA043S09	SES144	-1.34264	12.79	14.1326
BLOCK04/SES043/SA043S09	SES172	-2.33034	11.8023	14.1326
BLOCK04/SES043/SA043S11	SES083	-1.67517	14.2672	15.9424
BLOCK04/SES043/SA043S11	SES101	-2.09832	13.8441	15.9424
BLOCK04/SES043/SA043S11	SES144	-0.941283	15.0011	15.9424
BLOCK04/SES043/SA043S11	SES172	-2.00387	13.9385	15.9424
BLOCK04/SES043/SA043S23	SES083	-1.98531	13.22	15.2053
BLOCK04/SES043/SA043S23	SES144	-0.942895	14.2624	15.2053
BLOCK04/SES043/SA043S23	SES177	-1.62561	13.5797	15.2053
BLOCK04/SES043/SA043S23	SES275	-1.75066	13.4546	15.2053
BLOCK04/SES043/SA043S26	SES083	-2.78242	11.7918	14.5742
BLOCK04/SES043/SA043S26	SES101	-2.86407	11.7101	14.5742
BLOCK04/SES043/SA043S26	SES144	-0.93735	13.6369	14.5742
BLOCK04/SES043/SA043S26	SES177	-2.63263	11.9416	14.5742
BLOCK04/SES043/SA043S28	SES016	-3.16492	12.84	16.0049
BLOCK04/SES043/SA043S28	SES083	-1.77339	14.2316	16.0049
BLOCK04/SES043/SA043S28	SES101	-1.74139	14.2636	16.0049
BLOCK04/SES043/SA043S28	SES144	-1.68323	14.3217	16.0049
BLOCK04/SES044/SA044S10	SES127	-4.85291	7.10427	11.9572
BLOCK04/SES044/SA044S10	SES144	-0.988159	10.969	11.9572
BLOCK04/SES044/SA044S10	SES147	-3.30067	8.65652	11.9572
BLOCK04/SES044/SA044S10	SES148	-3.39344	8.56374	11.9572
BLOCK04/SES044/SA044S11	SES101	-2.15254	11.1952	13.3477
BLOCK04/SES044/SA044S11	SES144	-0.46678	12.8809	13.3477
BLOCK04/SES044/SA044S11	SES147	-3.07638	10.2713	13.3477
BLOCK04/SES044/SA044S11	SES177	-3.03142	10.3163	13.3477
BLOCK04/SES044/SA044S24	SES007	-3.58407	10.864	14.4481
BLOCK04/SES044/SA044S24	SES101	-2.3707	12.0774	14.4481
BLOCK04/SES044/SA044S24	SES147	-3.16188	11.2862	14.4481
BLOCK04/SES044/SA044S24	SES177	-2.67118	11.7769	14.4481
BLOCK04/SES044/SA044S26	SES007	-2.55197	12.1573	14.7093
BLOCK04/SES044/SA044S26	SES016	-2.43687	12.2724	14.7093
BLOCK04/SES044/SA044S26	SES101	-2.10072	12.6086	14.7093
BLOCK04/SES044/SA044S26	SES147	-2.17726	12.532	14.7093
BLOCK04/SES044/SA044S29	SES007	-2.99749	11.4356	14.4331
BLOCK04/SES044/SA044S29	SES101	-1.15283	13.2802	14.4331
BLOCK04/SES044/SA044S29	SES147	-2.79652	11.6366	14.4331
BLOCK04/SES044/SA044S29	SES177	-3.12014	11.3129	14.4331
BLOCK04/SES046/SA046S13	SES101	-2.42488	11.9616	14.3865
BLOCK04/SES046/SA046S13	SES144	-1.98907	12.3975	14.3865
BLOCK04/SES046/SA046S13	SES147	-3.23355	11.153	14.3865
BLOCK04/SES046/SA046S13	SES177	-2.93733	11.4492	14.3865
BLOCK04/SES046/SA046S15	SES048	-1.21514	14.7432	15.9584
BLOCK04/SES046/SA046S15	SES083	-1.71955	14.2388	15.9584
BLOCK04/SES046/SA046S15	SES120	-3.95958	11.9988	15.9584
BLOCK04/SES046/SA046S15	SES148	-2.30963	13.6487	15.9584
BLOCK04/SES046/SA046S22	SES101	-2.32488	12.2429	14.5678
BLOCK04/SES046/SA046S22	SES144	-1.705	12.8628	14.5678
BLOCK04/SES046/SA046S22	SES147	-3.21885	11.3489	14.5678
BLOCK04/SES046/SA046S22	SES172	-2.01519	12.5526	14.5678
BLOCK04/SES046/SA046S25	SES083	-2.63167	11.4136	14.0453
BLOCK04/SES046/SA046S25	SES127	-2.44607	11.5992	14.0453
BLOCK04/SES046/SA046S25	SES144	-2.42655	11.6188	14.0453
BLOCK04/SES046/SA046S25	SES148	-2.58943	11.4559	14.0453
BLOCK04/SES046/SA046S28	SES007	-3.20923	11.106	14.3152
BLOCK04/SES046/SA046S28	SES105	-3.03032	11.2849	14.3152
BLOCK04/SES046/SA046S28	SES147	-2.89094	11.4242	14.3152
BLOCK04/SES046/SA046S28	SES148	-1.86707	12.4481	14.3152
BLOCK04/SES049/SA049S16	SES104	-3.94773	10.5612	14.5089
BLOCK04/SES049/SA049S16	SES106	-2.90259	11.6063	14.5089
BLOCK04/SES049/SA049S16	SES120	-3.14048	11.3684	14.5089
BLOCK04/SES049/SA049S16	SES206	-2.23706	12.2719	14.5089
BLOCK04/SES049/SA049S18	SES099	-1.91405	11.8209	13.735
BLOCK04/SES049/SA049S18	SES104	-3.61258	10.1224	13.735
BLOCK04/SES049/SA049S18	SES125	-3.41094	10.324	13.735
BLOCK04/SES049/SA049S18	SES206	-2.54969	11.1853	13.735
BLOCK04/SES049/SA049S25	SES087	-2.81385	12.2772	15.0911
BLOCK04/SES049/SA049S25	SES104	-2.40923	12.6818	15.0911
BLOCK04/SES049/SA049S25	SES125	-2.40267	12.6884	15.0911
BLOCK04/SES049/SA049S25	SES206	-1.199	13.8921	15.0911
BLOCK04/SES049/SA049S27	SES099	-1.37653	13.11	14.4865
BLOCK04/SES049/SA049S27	SES104	-1.97562	12.5109	14.4865
BLOCK04/SES049/SA049S27	SES125	-2.46346	12.023	14.4865
BLOCK04/SES049/SA049S27	SES206	-2.16509	12.3214	14.4865
BLOCK04/SES049/SA049S29	SES099	-1.34429	14.8026	16.1469
BLOCK04/SES049/SA049S29	SES104	-2.02762	14.1192	16.1469
BLOCK04/SES049/SA049S29	SES125	-1.92944	14.2174	16.1469
BLOCK04/SES049/SA049S29	SES206	-1.23596	14.9109	16.1469
BLOCK06/SES063/SA063S09	SES068	-2.33729	14.022	16.3593
BLOCK06/SES063/SA063S09	SES083	-1.63555	14.7238	16.3593
BLOCK06/SES063/SA063S09	SES177	-1.8559	14.5034	16.3593
BLOCK06/SES063/SA063S09	SES187	-2.07079	14.2885	16.3593
BLOCK06/SES063/SA063S10	SES068	-2.74689	12.9545	15.7014
BLOCK06/SES063/SA063S10	SES083	-2.08887	13.6126	15.7014
BLOCK06/SES063/SA063S10	SES172	-2.30114	13.4003	15.7014
BLOCK06/SES063/SA063S10	SES187	-2.43128	13.2701	15.7014
BLOCK06/SES063/SA063S20	SES068	-3.61594	11.7814	15.3973
BLOCK06/SES063/SA063S20	SES083	-2.61428	12.783	15.3973
BLOCK06/SES063/SA063S20	SES172	-2.16164	13.2356	15.3973
BLOCK06/SES063/SA063S20	SES187	-1.83834	13.559	15.3973
BLOCK06/SES063/SA063S24	SES029	-4.54318	11.5071	16.0503
BLOCK06/SES063/SA063S24	SES083	-1.69524	14.3551	16.0503
BLOCK06/SES063/SA063S24	SES177	-1.95577	14.0945	16.0503
BLOCK06/SES063/SA063S24	SES189	-1.75752	14.2928	16.0503
BLOCK06/SES063/SA063S27	SES083	-1.81742	13.5147	15.3322
BLOCK06/SES063/SA063S27	SES172	-2.34975	12.9824	15.3322
BLOCK06/SES063/SA063S27	SES187	-2.28243	13.0497	15.3322
BLOCK06/SES063/SA063S27	SES292	-2.71129	12.6209	15.3322
BLOCK06/SES067/SA067S12	SES083	-3.02587	12.9606	15.9865
BLOCK06/SES067/SA067S12	SES172	-2.50125	13.4853	15.9865
BLOCK06/SES067/SA067S12	SES202	-1.60475	14.3818	15.9865
BLOCK06/SES067/SA067S12	SES292	-2.42821	13.5583	15.9865
BLOCK06/SES067/SA067S14	SES085	-2.26445	14.5925	16.8569
BLOCK06/SES067/SA067S14	SES177	-1.95603	14.9009	16.8569
BLOCK06/SES067/SA067S14	SES183	-0.957042	15.8999	16.8569
BLOCK06/SES067/SA067S14	SES202	-1.35311	15.5038	16.8569
BLOCK06/SES067/SA067S21	SES144	-1.70007	13.8031	15.5031
BLOCK06/SES067/SA067S21	SES177	-1.96018	13.543	15.5031
BLOCK06/SES067/SA067S21	SES183	-0.855402	14.6477	15.5031
BLOCK06/SES067/SA067S21	SES189	-1.22167	14.2815	15.5031
BLOCK06/SES067/SA067S25	SES085	-1.68675	14.2534	15.9401
BLOCK06/SES067/SA067S25	SES177	-2.22643	13.7137	15.9401
BLOCK06/SES067/SA067S25	SES183	-1.56709	14.373	15.9401
BLOCK06/SES067/SA067S25	SES202	-1.89084	14.0493	15.9401
BLOCK06/SES067/SA067S29	SES085	-2.20359	14.0616	16.2652
BLOCK06/SES067/SA067S29	SES177	-2.81464	13.4506	16.2652
BLOCK06/SES067/SA067S29	SES183	-1.24386	15.0213	16.2652
BLOCK06/SES067/SA067S29	SES202	-1.68127	14.5839	16.2652
BLOCK06/SES069/SA069S12	SES029	-3.61986	12.9399	16.5598
BLOCK06/SES069/SA069S12	SES082	-1.08238	15.4774	16.5598
BLOCK06/SES069/SA069S12	SES087	-2.13611	14.4237	16.5598
BLOCK06/SES069/SA069S12	SES206	-1.57228	14.9875	16.5598
BLOCK06/SES069/SA069S13	SES029	-4.09832	12.3434	16.4418
BLOCK06/SES069/SA069S13	SES087	-1.98987	14.4519	16.4418
BLOCK06/SES069/SA069S13	SES206	-2.08471	14.357	16.4418
BLOCK06/SES069/SA069S13	SES226	-1.17263	15.2691	16.4418
BLOCK06/SES069/SA069S23	SES029	-1.19091	16.7428	17.9337
BLOCK06/SES069/SA069S23	SES087	-1.46082	16.4729	17.9337
BLOCK06/SES069/SA069S23	SES206	-1.88262	16.0511	17.9337
BLOCK06/SES069/SA069S23	SES226	-0.540697	17.393	17.9337
BLOCK06/SES069/SA069S25	SES087	-1.99978	14.9612	16.961
BLOCK06/SES069/SA069S25	SES206	-3.34146	13.6195	16.961
BLOCK06/SES069/SA069S25	SES226	-1.66957	15.2914	16.961
BLOCK06/SES069/SA069S25	SES270	-2.22745	14.7335	16.961
BLOCK06/SES069/SA069S27	SES087	-3.02289	13.9772	17.0001
BLOCK06/SES069/SA069S27	SES206	-1.95699	15.0431	17.0001
BLOCK06/SES069/SA069S27	SES226	-0.787321	16.2128	17.0001
BLOCK06/SES069/SA069S27	SES270	-2.09842	14.9017	17.0001
BLOCK08/SES081/SA081S11	SES060	-3.56097	11.2518	14.8127
BLOCK08/SES081/SA081S11	SES062	-3.37164	11.4411	14.8127
BLOCK08/SES081/SA081S11	SES117	-3.78341	11.0293	14.8127
BLOCK08/SES081/SA081S11	SES162	-3.21012	11.6026	14.8127
BLOCK08/SES081/SA081S13	SES016	-2.27014	14.1296	16.3997
BLOCK08/SES081/SA081S13	SES060	-1.12021	15.2795	16.3997
BLOCK08/SES081/SA081S13	SES068	-1.70374	14.6959	16.3997
BLOCK08/SES081/SA081S13	SES129	-2.91453	13.4852	16.3997
BLOCK08/SES081/SA081S24	SES060	-1.79206	13.6468	15.4388
BLOCK08/SES081/SA081S24	SES068	-2.00442	13.4344	15.4388
BLOCK08/SES081/SA081S24	SES117	-2.93331	12.5055	15.4388
BLOCK08/SES081/SA081S24	SES275	-2.66924	12.7696	15.4388
BLOCK08/SES081/SA081S27	SES007	-2.1015	12.2983	14.3998
BLOCK08/SES081/SA081S27	SES060	-3.17012	11.2297	14.3998
BLOCK08/SES081/SA081S27	SES117	-1.75671	12.6431	14.3998
BLOCK08/SES081/SA081S27	SES275	-2.44823	11.9515	14.3998
BLOCK08/SES081/SA081S29	SES007	-2.05444	14.018	16.0724
BLOCK08/SES081/SA081S29	SES060	-2.67695	13.3954	16.0724
BLOCK08/SES081/SA081S29	SES117	-2.66931	13.4031	16.0724
BLOCK08/SES081/SA081S29	SES275	-2.72639	13.346	16.0724
BLOCK08/SES086/SA086S11	SES029	-5.69837	8.20678	13.9051
BLOCK08/SES086/SA086S11	SES082	-3.22112	10.684	13.9051
BLOCK08/SES086/SA086S11	SES087	-1.84142	12.0637	13.9051
BLOCK08/SES086/SA086S11	SES206	-3.2122	10.6929	13.9051
BLOCK08/SES086/SA086S12	SES029	-3.6316	11.6373	15.2689
BLOCK08/SES086/SA086S12	SES082	-3.00967	12.2592	15.2689
BLOCK08/SES086/SA086S12	SES087	-0.37998	14.8889	15.2689
BLOCK08/SES086/SA086S12	SES206	-2.29754	12.9713	15.2689
BLOCK08/SES086/SA086S20	SES029	-4.5544	11.939	16.4934
BLOCK08/SES086/SA086S20	SES082	-3.57275	12.9206	16.4934
BLOCK08/SES086/SA086S20	SES087	-0.937016	15.5564	16.4934
BLOCK08/SES086/SA086S20	SES206	-1.97512	14.5183	16.4934
BLOCK08/SES086/SA086S24	SES087	-0.873485	14.2454	15.1189
BLOCK08/SES086/SA086S24	SES104	-3.02839	12.0905	15.1189
BLOCK08/SES086/SA086S24	SES120	-2.80955	12.3093	15.1189
BLOCK08/SES086/SA086S24	SES206	-0.920191	14.1987	15.1189
BLOCK08/SES086/SA086S28	SES029	-3.64746	12.0471	15.6945
BLOCK08/SES086/SA086S28	SES082	-2.62802	13.0665	15.6945
BLOCK08/SES086/SA086S28	SES087	-1.30824	14.3863	15.6945
BLOCK08/SES086/SA086S28	SES206	-1.41123	14.2833	15.6945
BLOCK08/SES089/SA089S13	SES087	-2.50461	12.3003	14.8049
BLOCK08/SES089/SA089S13	SES206	-2.98426	11.8206	14.8049
BLOCK08/SES089/SA089S13	SES226	-2.22492	12.5799	14.8049
BLOCK08/SES089/SA089S13	SES270	-3.77271	11.0322	14.8049
BLOCK08/SES089/SA089S14	SES062	-3.618	11.6757	15.2937
BLOCK08/SES089/SA089S14	SES087	-1.63618	13.6575	15.2937
BLOCK08/SES089/SA089S14	SES206	-2.54124	12.7524	15.2937
BLOCK08/SES089/SA089S14	SES226	-2.67899	12.6147	15.2937
BLOCK08/SES089/SA089S23	SES087	-2.89064	10.6906	13.5812
BLOCK08/SES089/SA089S23	SES206	-3.27824	10.303	13.5812
BLOCK08/SES089/SA089S23	SES226	-2.79414	10.7871	13.5812
BLOCK08/SES089/SA089S23	SES270	-3.40891	10.1723	13.5812
BLOCK08/SES089/SA089S25	SES062	-3.70329	11.5581	15.2614
BLOCK08/SES089/SA089S25	SES087	-1.78382	13.4776	15.2614
BLOCK08/SES089/SA089S25	SES206	-3.85293	11.4085	15.2614
BLOCK08/SES089/SA089S25	SES226	-1.89768	13.3637	15.2614
BLOCK08/SES089/SA089S28	SES062	-2.56278	12.739	15.3018
BLOCK08/SES089/SA089S28	SES087	-1.07523	14.2266	15.3018
BLOCK08/SES089/SA089S28	SES206	-2.32441	12.9774	15.3018
BLOCK08/SES089/SA089S28	SES226	-1.96978	13.332	15.3018
BLOCK09/SES097/SA097S11	SES099	-0.6869	14.1812	14.8681
BLOCK09/SES097/SA097S11	SES125	-3.17652	11.6916	14.8681
BLOCK09/SES097/SA097S11	SES206	-1.94515	12.923	14.8681
BLOCK09/SES097/SA097S11	SES226	-1.57594	13.2922	14.8681
BLOCK09/SES097/SA097S14	SES062	-2.28209	12.1205	14.4026
BLOCK09/SES097/SA097S14	SES099	-1.36108	13.0415	14.4026
BLOCK09/SES097/SA097S14	SES104	-3.01012	11.3924	14.4026
BLOCK09/SES097/SA097S14	SES206	-2.74351	11.659	14.4026
BLOCK09/SES097/SA097S22	SES099	0.0565529	14.9817	14.9252
BLOCK09/SES097/SA097S22	SES206	-2.38825	12.5369	14.9252
BLOCK09/SES097/SA097S22	SES226	-2.54613	12.3791	14.9252
BLOCK09/SES097/SA097S22	SES270	-1.05535	13.8698	14.9252
BLOCK09/SES097/SA097S26	SES099	-0.895432	14.7957	15.6912
BLOCK09/SES097/SA097S26	SES120	-3.15045	12.5407	15.6912
BLOCK09/SES097/SA097S26	SES206	-2.96926	12.7219	15.6912
BLOCK09/SES097/SA097S26	SES226	-3.81787	11.8733	15.6912
BLOCK09/SES097/SA097S28	SES099	-1.06554	13.7417	14.8073
BLOCK09/SES097/SA097S28	SES120	-2.1605	12.6468	14.8073
BLOCK09/SES097/SA097S28	SES206	-3.29817	11.5091	14.8073
BLOCK09/SES097/SA097S28	SES226	-3.99425	10.813	14.8073
BLOCK09/SES098/SA098S11	SES127	-3.64121	10.6	14.2412
BLOCK09/SES098/SA098S11	SES144	-2.72474	11.5165	14.2412
BLOCK09/SES098/SA098S11	SES147	-1.71695	12.5243	14.2412
BLOCK09/SES098/SA098S11	SES148	-4.15448	10.0867	14.2412
BLOCK09/SES098/SA098S12	SES127	-4.48249	8.60396	13.0864
BLOCK09/SES098/SA098S12	SES144	-3.49444	9.59201	13.0864
BLOCK09/SES098/SA098S12	SES147	-2.07813	11.0083	13.0864
BLOCK09/SES098/SA098S12	SES189	-2.1986	10.8879	13.0864
BLOCK09/SES098/SA098S20	SES127	-4.01694	10.2366	14.2535
BLOCK09/SES098/SA098S20	SES147	-2.04274	12.2108	14.2535
BLOCK09/SES098/SA098S20	SES148	-4.05954	10.194	14.2535
BLOCK09/SES098/SA098S20	SES292	-2.64796	11.6056	14.2535
BLOCK09/SES098/SA098S23	SES127	-3.05099	11.8779	14.9289
BLOCK09/SES098/SA098S23	SES147	-1.80869	13.1202	14.9289
BLOCK09/SES098/SA098S23	SES187	-1.93397	12.9949	14.9289
BLOCK09/SES098/SA098S23	SES292	-2.02865	12.9003	14.9289
BLOCK09/SES098/SA098S27	SES127	-4.37245	9.44707	13.8195
BLOCK09/SES098/SA098S27	SES147	-3.91174	9.90777	13.8195
BLOCK09/SES098/SA098S27	SES148	-4.53523	9.28429	13.8195
BLOCK09/SES098/SA098S27	SES292	-2.55451	11.265	13.8195
BLOCK10/SES102/SA102S13	SES101	-2.04975	11.5159	13.5656
BLOCK10/SES102/SA102S13	SES105	-2.08665	11.479	13.5656
BLOCK10/SES102/SA102S13	SES120	-2.97333	10.5923	13.5656
BLOCK10/SES102/SA102S13	SES158	-4.24382	9.32181	13.5656
BLOCK10/SES102/SA102S14	SES007	-1.27478	14.7797	16.0545
BLOCK10/SES102/SA102S14	SES101	-1.44119	14.6133	16.0545
BLOCK10/SES102/SA102S14	SES105	-0.862869	15.1916	16.0545
BLOCK10/SES102/SA102S14	SES147	-3.99065	12.0639	16.0545
BLOCK10/SES102/SA102S22	SES007	-2.38927	12.8759	15.2652
BLOCK10/SES102/SA102S22	SES101	-1.15115	14.114	15.2652
BLOCK10/SES102/SA102S22	SES105	-0.953647	14.3115	15.2652
BLOCK10/SES102/SA102S22	SES158	-3.21476	12.0504	15.2652
BLOCK10/SES102/SA102S25	SES007	-1.17282	14.6043	15.7771
BLOCK10/SES102/SA102S25	SES101	-0.795989	14.9811	15.7771
BLOCK10/SES102/SA102S25	SES105	-1.53021	14.2469	15.7771
BLOCK10/SES102/SA102S25	SES147	-3.90819	11.8689	15.7771
BLOCK10/SES102/SA102S27	SES007	-1.90231	13.2122	15.1145
BLOCK10/SES102/SA102S27	SES101	-0.92998	14.1845	15.1145
BLOCK10/SES102/SA102S27	SES105	-1.66676	13.4477	15.1145
BLOCK10/SES102/SA102S27	SES147	-2.99181	12.1227	15.1145
BLOCK10/SES103/SA103S14	SES105	-3.15078	10.1545	13.3052
BLOCK10/SES103/SA103S14	SES106	-2.52634	10.7789	13.3052
BLOCK10/SES103/SA103S14	SES120	-3.04128	10.264	13.3052
BLOCK10/SES103/SA103S14	SES206	-3.76	9.54523	13.3052
BLOCK10/SES103/SA103S15	SES099	-2.64137	9.60015	12.2415
BLOCK10/SES103/SA103S15	SES101	-6.13116	6.11036	12.2415
BLOCK10/SES103/SA103S15	SES104	-3.42759	8.81393	12.2415
BLOCK10/SES103/SA103S15	SES125	-2.38267	9.85885	12.2415
BLOCK10/SES103/SA103S24	SES104	-2.85756	12.0673	14.9249
BLOCK10/SES103/SA103S24	SES125	-2.61976	12.3051	14.9249
BLOCK10/SES103/SA103S24	SES148	-4.13207	10.7928	14.9249
BLOCK10/SES103/SA103S24	SES158	-2.56491	12.36	14.9249
BLOCK10/SES103/SA103S26	SES104	-3.68679	9.16045	12.8472
BLOCK10/SES103/SA103S26	SES106	-2.16196	10.6853	12.8472
BLOCK10/SES103/SA103S26	SES125	-2.89322	9.95401	12.8472
BLOCK10/SES103/SA103S26	SES148	-5.47403	7.37321	12.8472
BLOCK10/SES103/SA103S28	SES104	-4.16484	8.31609	12.4809
BLOCK10/SES103/SA103S28	SES106	-2.42688	10.054	12.4809
BLOCK10/SES103/SA103S28	SES125	-4.06645	8.41448	12.4809
BLOCK10/SES103/SA103S28	SES206	-4.82712	7.65381	12.4809
BLOCK12/SES121/SA121S12	SES042	-3.8774	7.30213	11.1795
BLOCK12/SES121/SA121S12	SES087	-3.29967	7.87986	11.1795
BLOCK12/SES121/SA121S12	SES105	-1.91838	9.26115	11.1795
BLOCK12/SES121/SA121S12	SES206	-3.12826	8.05127	11.1795
BLOCK12/SES121/SA121S14	SES007	-3.59811	7.82342	11.4215
BLOCK12/SES121/SA121S14	SES105	-3.00766	8.41387	11.4215
BLOCK12/SES121/SA121S14	SES106	-3.30345	8.11808	11.4215
BLOCK12/SES121/SA121S14	SES206	-3.7214	7.70013	11.4215
BLOCK12/SES121/SA121S23	SES105	-2.68142	8.95721	11.6386
BLOCK12/SES121/SA121S23	SES106	-1.82465	9.81398	11.6386
BLOCK12/SES121/SA121S23	SES120	-2.30338	9.33525	11.6386
BLOCK12/SES121/SA121S23	SES206	-2.34212	9.29651	11.6386
BLOCK12/SES121/SA121S25	SES007	-2.81528	6.62662	9.4419
BLOCK12/SES121/SA121S25	SES105	-2.94922	6.49268	9.4419
BLOCK12/SES121/SA121S25	SES106	-2.93786	6.50404	9.4419
BLOCK12/SES121/SA121S25	SES206	-4.23102	5.21088	9.4419
BLOCK12/SES121/SA121S27	SES087	-1.99446	9.65676	11.6512
BLOCK12/SES121/SA121S27	SES105	-4.03715	7.61407	11.6512
BLOCK12/SES121/SA121S27	SES120	-0.894857	10.7564	11.6512
BLOCK12/SES121/SA121S27	SES206	-2.6567	8.99452	11.6512
BLOCK12/SES124/SA124S16	SES042	-1.78232	12.1235	13.9058
BLOCK12/SES124/SA124S16	SES082	-2.60179	11.304	13.9058
BLOCK12/SES124/SA124S16	SES183	-3.17638	10.7294	13.9058
BLOCK12/SES124/SA124S16	SES206	-2.72643	11.1794	13.9058
BLOCK12/SES124/SA124S17	SES105	-3.32191	8.88385	12.2058
BLOCK12/SES124/SA124S17	SES149	-4.76206	7.4437	12.2058
BLOCK12/SES124/SA124S17	SES158	-4.1759	8.02986	12.2058
BLOCK12/SES124/SA124S17	SES275	-2.32764	9.87812	12.2058
BLOCK12/SES124/SA124S23	SES105	-3.50292	12.31	15.8129
BLOCK12/SES124/SA124S23	SES125	-0.819921	14.993	15.8129
BLOCK12/SES124/SA124S23	SES129	-3.81546	11.9975	15.8129
BLOCK12/SES124/SA124S23	SES158	-1.75777	14.0552	15.8129
BLOCK12/SES124/SA124S26	SES105	-4.49436	10.6727	15.167
BLOCK12/SES124/SA124S26	SES125	-2.33461	12.8324	15.167
BLOCK12/SES124/SA124S26	SES129	-4.2249	10.9421	15.167
BLOCK12/SES124/SA124S26	SES158	-2.50943	12.6576	15.167
BLOCK12/SES124/SA124S28	SES104	-2.0645	12.6957	14.7602
BLOCK12/SES124/SA124S28	SES106	-2.03738	12.7228	14.7602
BLOCK12/SES124/SA124S28	SES125	-0.802049	13.9581	14.7602
BLOCK12/SES124/SA124S28	SES275	-3.2886	11.4716	14.7602
BLOCK12/SES126/SA126S13	SES007	-2.21963	12.0804	14.3
BLOCK12/SES126/SA126S13	SES162	-2.64542	11.6546	14.3
BLOCK12/SES126/SA126S13	SES177	-2.16303	12.137	14.3
BLOCK12/SES126/SA126S13	SES180	-2.49917	11.8008	14.3
BLOCK12/SES126/SA126S14	SES144	-1.87316	13.8595	15.7327
BLOCK12/SES126/SA126S14	SES148	-2.66093	13.0717	15.7327
BLOCK12/SES126/SA126S14	SES177	-1.41207	14.3206	15.7327
BLOCK12/SES126/SA126S14	SES180	-2.97756	12.7551	15.7327
BLOCK12/SES126/SA126S20	SES007	-1.95565	12.6687	14.6243
BLOCK12/SES126/SA126S20	SES162	-2.35779	12.2665	14.6243
BLOCK12/SES126/SA126S20	SES172	-2.60795	12.0164	14.6243
BLOCK12/SES126/SA126S20	SES180	-2.67944	11.9449	14.6243
BLOCK12/SES126/SA126S24	SES120	-1.19639	14.6871	15.8835
BLOCK12/SES126/SA126S24	SES162	-2.40536	13.4781	15.8835
BLOCK12/SES126/SA126S24	SES177	-1.53218	14.3513	15.8835
BLOCK12/SES126/SA126S24	SES180	-1.90405	13.9794	15.8835
BLOCK12/SES126/SA126S26	SES120	-1.15486	13.9456	15.1004
BLOCK12/SES126/SA126S26	SES177	-1.87861	13.2218	15.1004
BLOCK12/SES126/SA126S26	SES180	-2.42462	12.6758	15.1004
BLOCK12/SES126/SA126S26	SES202	-2.70391	12.3965	15.1004
BLOCK12/SES128/SA128S10	SES087	-3.70426	11.8289	15.5332
BLOCK12/SES128/SA128S10	SES206	-2.51668	13.0165	15.5332
BLOCK12/SES128/SA128S10	SES226	-1.71795	13.8152	15.5332
BLOCK12/SES128/SA128S10	SES270	-2.10143	13.4318	15.5332
BLOCK12/SES128/SA128S12	SES120	-2.21912	12.6285	14.8476
BLOCK12/SES128/SA128S12	SES158	-3.20919	11.6384	14.8476
BLOCK12/SES128/SA128S12	SES206	-2.76497	12.0827	14.8476
BLOCK12/SES128/SA128S12	SES226	-3.28079	11.5668	14.8476
BLOCK12/SES128/SA128S21	SES106	-4.09378	10.1422	14.236
BLOCK12/SES128/SA128S21	SES120	-3.34681	10.8892	14.236
BLOCK12/SES128/SA128S21	SES206	-2.60721	11.6288	14.236
BLOCK12/SES128/SA128S21	SES226	-2.21659	12.0194	14.236
BLOCK12/SES128/SA128S24	SES087	-2.87919	11.6871	14.5663
BLOCK12/SES128/SA128S24	SES120	-1.92053	12.6457	14.5663
BLOCK12/SES128/SA128S24	SES206	-2.00678	12.5595	14.5663
BLOCK12/SES128/SA128S24	SES226	-3.00056	11.5657	14.5663
BLOCK12/SES128/SA128S27	SES099	-1.82339	14.1248	15.9482
BLOCK12/SES128/SA128S27	SES120	-2.26428	13.6839	15.9482
BLOCK12/SES128/SA128S27	SES206	-2.51921	13.429	15.9482
BLOCK12/SES128/SA128S27	SES226	-2.56717	13.381	15.9482
BLOCK13/SES130/SA130S13	SES143	-2.13995	12.4661	14.6061
BLOCK13/SES130/SA130S13	SES144	-1.43434	13.1717	14.6061
BLOCK13/SES130/SA130S13	SES146	-2.15658	12.4495	14.6061
BLOCK13/SES130/SA130S13	SES275	-3.45047	11.1556	14.6061
BLOCK13/SES130/SA130S15	SES143	-2.65049	13.4311	16.0816
BLOCK13/SES130/SA130S15	SES144	-1.23595	14.8457	16.0816
BLOCK13/SES130/SA130S15	SES146	-1.77364	14.308	16.0816
BLOCK13/SES130/SA130S15	SES275	-2.46462	13.617	16.0816
BLOCK13/SES130/SA130S23	SES127	-3.52542	10.806	14.3314
BLOCK13/SES130/SA130S23	SES144	-2.37071	11.9607	14.3314
BLOCK13/SES130/SA130S23	SES146	-2.08741	12.244	14.3314
BLOCK13/SES130/SA130S23	SES162	-1.82081	12.5106	14.3314
BLOCK13/SES130/SA130S25	SES127	-1.85617	14.2649	16.121
BLOCK13/SES130/SA130S25	SES144	-1.40371	14.7173	16.121
BLOCK13/SES130/SA130S25	SES146	-1.63525	14.4858	16.121
BLOCK13/SES130/SA130S25	SES275	-1.47976	14.6413	16.121
BLOCK13/SES130/SA130S28	SES127	-2.34316	12.616	14.9592
BLOCK13/SES130/SA130S28	SES144	-1.78108	13.1781	14.9592
BLOCK13/SES130/SA130S28	SES146	-1.70671	13.2525	14.9592
BLOCK13/SES130/SA130S28	SES275	-1.29389	13.6653	14.9592
BLOCK13/SES131/SA131S13	SES002	-3.32637	8.71767	12.044
BLOCK13/SES131/SA131S13	SES007	-3.83946	8.20458	12.044
BLOCK13/SES131/SA131S13	SES099	-2.85015	9.19389	12.044
BLOCK13/SES131/SA131S13	SES105	-3.23708	8.80696	12.044
BLOCK13/SES131/SA131S14	SES104	-1.35587	12.1596	13.5154
BLOCK13/SES131/SA131S14	SES106	-2.22268	11.2928	13.5154
BLOCK13/SES131/SA131S14	SES125	-1.99932	11.5161	13.5154
BLOCK13/SES131/SA131S14	SES148	-2.04571	11.4697	13.5154
BLOCK13/SES131/SA131S20	SES104	-4.37606	7.47655	11.8526
BLOCK13/SES131/SA131S20	SES106	-2.73125	9.12137	11.8526
BLOCK13/SES131/SA131S20	SES125	-4.25544	7.59717	11.8526
BLOCK13/SES131/SA131S20	SES148	-3.30469	8.54792	11.8526
BLOCK13/SES131/SA131S22	SES099	-3.10382	10.5833	13.6871
BLOCK13/SES131/SA131S22	SES104	-3.27363	10.4135	13.6871
BLOCK13/SES131/SA131S22	SES125	-3.25684	10.4303	13.6871
BLOCK13/SES131/SA131S22	SES206	-3.26779	10.4193	13.6871
BLOCK13/SES131/SA131S29	SES087	-3.35895	9.03211	12.3911
BLOCK13/SES131/SA131S29	SES104	-4.29628	8.09479	12.3911
BLOCK13/SES131/SA131S29	SES125	-4.20432	8.18675	12.3911
BLOCK13/SES131/SA131S29	SES206	-3.83316	8.5579	12.3911
BLOCK13/SES132/SA132S11	SES083	-3.54142	12.2415	15.7829
BLOCK13/SES132/SA132S11	SES120	-1.22437	14.5585	15.7829
BLOCK13/SES132/SA132S11	SES127	-2.69535	13.0875	15.7829
BLOCK13/SES132/SA132S11	SES275	-2.18881	13.5941	15.7829
BLOCK13/SES132/SA132S12	SES083	-3.47176	12.1646	15.6364
BLOCK13/SES132/SA132S12	SES143	-2.12243	13.514	15.6364
BLOCK13/SES132/SA132S12	SES144	-1.92392	13.7125	15.6364
BLOCK13/SES132/SA132S12	SES148	-1.58163	14.0548	15.6364
BLOCK13/SES132/SA132S22	SES062	-1.43249	14.2872	15.7197
BLOCK13/SES132/SA132S22	SES083	-2.49899	13.2207	15.7197
BLOCK13/SES132/SA132S22	SES127	-2.05063	13.669	15.7197
BLOCK13/SES132/SA132S22	SES275	-1.59055	14.1291	15.7197
BLOCK13/SES132/SA132S24	SES007	-1.5046	15.0762	16.5808
BLOCK13/SES132/SA132S24	SES083	-3.20016	13.3807	16.5808
BLOCK13/SES132/SA132S24	SES127	-3.02974	13.5511	16.5808
BLOCK13/SES132/SA132S24	SES275	-1.58806	14.9928	16.5808
BLOCK13/SES132/SA132S27	SES083	-3.36999	11.7497	15.1196
BLOCK13/SES132/SA132S27	SES120	-0.888446	14.2312	15.1196
BLOCK13/SES132/SA132S27	SES127	-2.88606	12.2336	15.1196
BLOCK13/SES132/SA132S27	SES275	-2.51595	12.6037	15.1196
BLOCK14/SES141/SA141S09	SES143	-1.89511	13.4861	15.3812
BLOCK14/SES141/SA141S09	SES144	-1.44743	13.9338	15.3812
BLOCK14/SES141/SA141S09	SES162	-2.35895	13.0223	15.3812
BLOCK14/SES141/SA141S09	SES180	-2.12372	13.2575	15.3812
BLOCK14/SES141/SA141S15	SES127	-2.56234	12.2186	14.7809
BLOCK14/SES141/SA141S15	SES144	-2.39532	12.3856	14.7809
BLOCK14/SES141/SA141S15	SES162	-2.39417	12.3868	14.7809
BLOCK14/SES141/SA141S15	SES180	-1.91626	12.8647	14.7809
BLOCK14/SES141/SA141S24	SES127	-2.17086	13.2268	15.3976
BLOCK14/SES141/SA141S24	SES144	-2.50943	12.8882	15.3976
BLOCK14/SES141/SA141S24	SES162	-2.59524	12.8024	15.3976
BLOCK14/SES141/SA141S24	SES183	-2.46973	12.9279	15.3976
BLOCK14/SES141/SA141S26	SES142	-1.67879	13.5421	15.2209
BLOCK14/SES141/SA141S26	SES144	-2.42406	12.7968	15.2209
BLOCK14/SES141/SA141S26	SES172	-1.79348	13.4274	15.2209
BLOCK14/SES141/SA141S26	SES180	-2.07298	13.1479	15.2209
BLOCK14/SES141/SA141S29	SES127	-1.53195	14.0671	15.599
BLOCK14/SES141/SA141S29	SES142	-1.19931	14.3997	15.599
BLOCK14/SES141/SA141S29	SES144	-1.95099	13.648	15.599
BLOCK14/SES141/SA141S29	SES180	-2.00293	13.5961	15.599
BLOCK15/SES157/SA157S08	SES083	-3.59268	11.5702	15.1628
BLOCK15/SES157/SA157S08	SES127	-2.35012	12.8127	15.1628
BLOCK15/SES157/SA157S08	SES148	-2.32708	12.8358	15.1628
BLOCK15/SES157/SA157S08	SES292	-3.16177	12.0011	15.1628
BLOCK15/SES157/SA157S11	SES083	-3.30147	12.1237	15.4252
BLOCK15/SES157/SA157S11	SES127	-2.55305	12.8721	15.4252
BLOCK15/SES157/SA157S11	SES148	-2.55213	12.873	15.4252
BLOCK15/SES157/SA157S11	SES292	-2.83325	12.5919	15.4252
BLOCK15/SES157/SA157S21	SES127	-2.031	13.6617	15.6927
BLOCK15/SES157/SA157S21	SES148	-0.937341	14.7554	15.6927
BLOCK15/SES157/SA157S21	SES158	-5.40132	10.2914	15.6927
BLOCK15/SES157/SA157S21	SES292	-2.36483	13.3279	15.6927
BLOCK15/SES157/SA157S24	SES127	-2.13968	13.7427	15.8823
BLOCK15/SES157/SA157S24	SES148	-2.25476	13.6276	15.8823
BLOCK15/SES157/SA157S24	SES183	-2.28536	13.597	15.8823
BLOCK15/SES157/SA157S24	SES292	-3.0442	12.8381	15.8823
BLOCK15/SES157/SA157S26	SES007	-1.69562	14.0081	15.7037
BLOCK15/SES157/SA157S26	SES127	-2.67271	13.031	15.7037
BLOCK15/SES157/SA157S26	SES147	-2.67211	13.0316	15.7037
BLOCK15/SES157/SA157S26	SES148	-1.84845	13.8553	15.7037
BLOCK16/SES161/SA161S10	SES007	-2.67069	10.5625	13.2331
BLOCK16/SES161/SA161S10	SES105	-2.43682	10.7963	13.2331
BLOCK16/SES161/SA161S10	SES158	-2.50307	10.7301	13.2331
BLOCK16/SES161/SA161S10	SES275	-2.12036	11.1128	13.2331
BLOCK16/SES161/SA161S12	SES007	-3.1219	10.1145	13.2364
BLOCK16/SES161/SA161S12	SES105	-3.69589	9.54053	13.2364
BLOCK16/SES161/SA161S12	SES158	-2.38181	10.8546	13.2364
BLOCK16/SES161/SA161S12	SES275	-2.09195	11.1445	13.2364
BLOCK16/SES161/SA161S20	SES007	-2.74261	9.6066	12.3492
BLOCK16/SES161/SA161S20	SES105	-3.37704	8.97217	12.3492
BLOCK16/SES161/SA161S20	SES158	-2.66469	9.68452	12.3492
BLOCK16/SES161/SA161S20	SES275	-2.88517	9.46404	12.3492
BLOCK16/SES161/SA161S23	SES007	-3.64406	10.1009	13.745
BLOCK16/SES161/SA161S23	SES105	-2.68502	11.06	13.745
BLOCK16/SES161/SA161S23	SES148	-3.21046	10.5345	13.745
BLOCK16/SES161/SA161S23	SES158	-3.38521	10.3598	13.745
BLOCK16/SES161/SA161S28	SES007	-3.6142	10.5901	14.2043
BLOCK16/SES161/SA161S28	SES105	-3.45886	10.7455	14.2043
BLOCK16/SES161/SA161S28	SES158	-2.47589	11.7285	14.2043
BLOCK16/SES161/SA161S28	SES206	-3.17479	11.0296	14.2043
BLOCK16/SES164/SA164S11	SES104	-2.44577	12.9273	15.3731
BLOCK16/SES164/SA164S11	SES125	-2.0921	13.281	15.3731
BLOCK16/SES164/SA164S11	SES158	-1.42145	13.9516	15.3731
BLOCK16/SES164/SA164S11	SES206	-2.77345	12.5996	15.3731
BLOCK16/SES164/SA164S13	SES099	-2.32747	12.0414	14.3688
BLOCK16/SES164/SA164S13	SES104	-3.29881	11.07	14.3688
BLOCK16/SES164/SA164S13	SES125	-3.76265	10.6062	14.3688
BLOCK16/SES164/SA164S13	SES206	-3.35398	11.0148	14.3688
BLOCK16/SES164/SA164S24	SES002	-1.46776	13.2492	14.717
BLOCK16/SES164/SA164S24	SES099	-2.3111	12.4059	14.717
BLOCK16/SES164/SA164S24	SES125	-2.86511	11.8519	14.717
BLOCK16/SES164/SA164S24	SES226	-1.29286	13.4241	14.717
BLOCK16/SES164/SA164S27	SES087	-2.71274	11.5155	14.2283
BLOCK16/SES164/SA164S27	SES125	-2.75088	11.4774	14.2283
BLOCK16/SES164/SA164S27	SES206	-3.00471	11.2236	14.2283
BLOCK16/SES164/SA164S27	SES226	-2.43318	11.7951	14.2283
BLOCK16/SES164/SA164S29	SES002	-1.06997	12.9803	14.0503
BLOCK16/SES164/SA164S29	SES019	-1.93248	12.1178	14.0503
BLOCK16/SES164/SA164S29	SES125	-2.36185	11.6884	14.0503
BLOCK16/SES164/SA164S29	SES226	-3.0794	10.9709	14.0503
BLOCK16/SES169/SA169S13	SES117	-2.15501	12.628	14.783
BLOCK16/SES169/SA169S13	SES144	-2.15016	12.6329	14.783
BLOCK16/SES169/SA169S13	SES146	-2.21298	12.5701	14.783
BLOCK16/SES169/SA169S13	SES162	-1.71734	13.0657	14.783
BLOCK16/SES169/SA169S14	SES144	-2.54038	13.214	15.7543
BLOCK16/SES169/SA169S14	SES148	-2.01236	13.742	15.7543
BLOCK16/SES169/SA169S14	SES177	-1.74418	14.0102	15.7543
BLOCK16/SES169/SA169S14	SES180	-3.04628	12.7081	15.7543
BLOCK16/SES169/SA169S24	SES117	-2.25888	11.7321	13.991
BLOCK16/SES169/SA169S24	SES144	-1.6945	12.2965	13.991
BLOCK16/SES169/SA169S24	SES146	-1.34917	12.6418	13.991
BLOCK16/SES169/SA169S24	SES162	-1.54773	12.4433	13.991
BLOCK16/SES169/SA169S27	SES127	-2.06876	12.3497	14.4185
BLOCK16/SES169/SA169S27	SES129	-1.5546	12.8639	14.4185
BLOCK16/SES169/SA169S27	SES144	-2.51818	11.9003	14.4185
BLOCK16/SES169/SA169S27	SES146	-1.23726	13.1812	14.4185
BLOCK16/SES169/SA169S29	SES144	-1.48851	13.8229	15.3114
BLOCK16/SES169/SA169S29	SES162	-1.01271	14.2987	15.3114
BLOCK16/SES169/SA169S29	SES177	-2.60639	12.705	15.3114
BLOCK16/SES169/SA169S29	SES180	-1.86641	13.445	15.3114
BLOCK17/SES171/SA171S12	SES083	-2.63583	11.7973	14.4332
BLOCK17/SES171/SA171S12	SES148	-2.73505	11.6981	14.4332
BLOCK17/SES171/SA171S12	SES172	-2.4514	11.9818	14.4332
BLOCK17/SES171/SA171S12	SES292	-3.60927	10.8239	14.4332
BLOCK17/SES171/SA171S15	SES148	-2.41915	11.2103	13.6295
BLOCK17/SES171/SA171S15	SES177	-1.49281	12.1367	13.6295
BLOCK17/SES171/SA171S15	SES180	-3.43002	10.1995	13.6295
BLOCK17/SES171/SA171S15	SES292	-2.6857	10.9438	13.6295
BLOCK17/SES171/SA171S22	SES007	-2.3183	13.3184	15.6367
BLOCK17/SES171/SA171S22	SES148	-2.05561	13.5811	15.6367
BLOCK17/SES171/SA171S22	SES177	-1.04329	14.5934	15.6367
BLOCK17/SES171/SA171S22	SES180	-3.35151	12.2852	15.6367
BLOCK17/SES171/SA171S25	SES101	-2.96965	11.117	14.0867
BLOCK17/SES171/SA171S25	SES120	-3.79051	10.2961	14.0867
BLOCK17/SES171/SA171S25	SES177	-1.80072	12.2859	14.0867
BLOCK17/SES171/SA171S25	SES180	-3.2964	10.7903	14.0867
BLOCK17/SES171/SA171S27	SES177	-1.85898	12.6799	14.5389
BLOCK17/SES171/SA171S27	SES180	-3.24135	11.2975	14.5389
BLOCK17/SES171/SA171S27	SES189	-1.85323	12.6857	14.5389
BLOCK17/SES171/SA171S27	SES292	-2.89618	11.6427	14.5389
BLOCK17/SES173/SA173S13	SES162	-4.64377	9.85565	14.4994
BLOCK17/SES173/SA173S13	SES177	-2.44359	12.0558	14.4994
BLOCK17/SES173/SA173S13	SES180	-3.46483	11.0346	14.4994
BLOCK17/SES173/SA173S13	SES292	-1.51735	12.9821	14.4994
BLOCK17/SES173/SA173S14	SES007	-2.39489	11.0724	13.4673
BLOCK17/SES173/SA173S14	SES162	-4.09167	9.37565	13.4673
BLOCK17/SES173/SA173S14	SES177	-1.91552	11.5518	13.4673
BLOCK17/SES173/SA173S14	SES180	-4.20504	9.26228	13.4673
BLOCK17/SES173/SA173S24	SES144	-3.19198	10.3486	13.5405
BLOCK17/SES173/SA173S24	SES162	-3.42972	10.1108	13.5405
BLOCK17/SES173/SA173S24	SES177	-2.19113	11.3494	13.5405
BLOCK17/SES173/SA173S24	SES180	-3.99079	9.54975	13.5405
BLOCK17/SES173/SA173S27	SES162	-4.74294	9.61329	14.3562
BLOCK17/SES173/SA173S27	SES177	-2.44786	11.9084	14.3562
BLOCK17/SES173/SA173S27	SES180	-2.39251	11.9637	14.3562
BLOCK17/SES173/SA173S27	SES292	-1.44796	12.9083	14.3562
BLOCK17/SES173/SA173S29	SES162	-3.16164	11.2074	14.369
BLOCK17/SES173/SA173S29	SES175	-2.28471	12.0843	14.369
BLOCK17/SES173/SA173S29	SES177	-1.8258	12.5432	14.369
BLOCK17/SES173/SA173S29	SES292	-2.57448	11.7946	14.369
BLOCK18/SES182/SA182S10	SES144	-1.95093	12.5172	14.4681
BLOCK18/SES182/SA182S10	SES177	-1.75532	12.7128	14.4681
BLOCK18/SES182/SA182S10	SES180	-3.54585	10.9223	14.4681
BLOCK18/SES182/SA182S10	SES275	-1.75998	12.7082	14.4681
BLOCK18/SES182/SA182S12	SES144	-1.32136	13.2967	14.6181
BLOCK18/SES182/SA182S12	SES177	-1.75297	12.8651	14.6181
BLOCK18/SES182/SA182S12	SES180	-2.24583	12.3723	14.6181
BLOCK18/SES182/SA182S12	SES275	-1.02445	13.5936	14.6181
BLOCK18/SES182/SA182S21	SES117	-2.13616	11.8705	14.0067
BLOCK18/SES182/SA182S21	SES144	-2.00656	12.0001	14.0067
BLOCK18/SES182/SA182S21	SES162	-1.78519	12.2215	14.0067
BLOCK18/SES182/SA182S21	SES180	-3.50421	10.5024	14.0067
BLOCK18/SES182/SA182S23	SES117	-1.94735	12.6525	14.5998
BLOCK18/SES182/SA182S23	SES144	-1.82514	12.7747	14.5998
BLOCK18/SES182/SA182S23	SES180	-2.92602	11.6738	14.5998
BLOCK18/SES182/SA182S23	SES275	-1.27758	13.3222	14.5998
BLOCK18/SES182/SA182S25	SES007	-0.640965	13.9034	14.5444
BLOCK18/SES182/SA182S25	SES162	-1.27881	13.2656	14.5444
BLOCK18/SES182/SA182S25	SES177	-1.47299	13.0714	14.5444
BLOCK18/SES182/SA182S25	SES180	-2.87682	11.6676	14.5444
BLOCK18/SES184/SA184S12	SES177	-2.54629	12.7337	15.28
BLOCK18/SES184/SA184S12	SES180	-1.87064	13.4093	15.28
BLOCK18/SES184/SA184S12	SES189	-3.45466	11.8253	15.28
BLOCK18/SES184/SA184S12	SES292	-2.09571	13.1843	15.28
BLOCK18/SES184/SA184S13	SES101	-3.02589	11.8841	14.91
BLOCK18/SES184/SA184S13	SES177	-2.21973	12.6903	14.91
BLOCK18/SES184/SA184S13	SES180	-2.26386	12.6462	14.91
BLOCK18/SES184/SA184S13	SES292	-2.92834	11.9817	14.91
BLOCK18/SES184/SA184S22	SES177	-1.87596	14.567	16.443
BLOCK18/SES184/SA184S22	SES180	-2.28675	14.1562	16.443
BLOCK18/SES184/SA184S22	SES189	-3.45683	12.9861	16.443
BLOCK18/SES184/SA184S22	SES292	-2.9068	13.5362	16.443
BLOCK18/SES184/SA184S25	SES101	-2.08919	14.6967	16.7858
BLOCK18/SES184/SA184S25	SES177	-2.70827	14.0776	16.7858
BLOCK18/SES184/SA184S25	SES180	-2.05197	14.7339	16.7858
BLOCK18/SES184/SA184S25	SES292	-2.13205	14.6538	16.7858
BLOCK18/SES184/SA184S27	SES083	-2.28751	12.0897	14.3772
BLOCK18/SES184/SA184S27	SES177	-1.92368	12.4536	14.3772
BLOCK18/SES184/SA184S27	SES202	-2.0711	12.3061	14.3772
BLOCK18/SES184/SA184S27	SES292	-2.35365	12.0236	14.3772
BLOCK20/SES204/SA204S12	SES062	-1.65252	14.5529	16.2054
BLOCK20/SES204/SA204S12	SES083	-3.65892	12.5465	16.2054
BLOCK20/SES204/SA204S12	SES206	-2.43906	13.7664	16.2054
BLOCK20/SES204/SA204S12	SES226	-3.68378	12.5216	16.2054
BLOCK20/SES204/SA204S14	SES068	-2.32507	15.1768	17.5019
BLOCK20/SES204/SA204S14	SES087	-1.00833	16.4936	17.5019
BLOCK20/SES204/SA204S14	SES206	-2.79023	14.7117	17.5019
BLOCK20/SES204/SA204S14	SES226	-3.7974	13.7045	17.5019
BLOCK20/SES204/SA204S22	SES068	-2.32204	14.1751	16.4972
BLOCK20/SES204/SA204S22	SES082	-3.96155	12.5356	16.4972
BLOCK20/SES204/SA204S22	SES083	-4.39918	12.098	16.4972
BLOCK20/SES204/SA204S22	SES206	-3.35846	13.1387	16.4972
BLOCK20/SES204/SA204S25	SES062	-2.90297	13.6235	16.5265
BLOCK20/SES204/SA204S25	SES083	-3.79277	12.7337	16.5265
BLOCK20/SES204/SA204S25	SES206	-2.26254	14.264	16.5265
BLOCK20/SES204/SA204S25	SES226	-3.68283	12.8437	16.5265
BLOCK20/SES204/SA204S27	SES068	-2.65557	13.2168	15.8724
BLOCK20/SES204/SA204S27	SES082	-4.142	11.7304	15.8724
BLOCK20/SES204/SA204S27	SES087	-2.30756	13.5648	15.8724
BLOCK20/SES204/SA204S27	SES206	-3.16042	12.7119	15.8724
BLOCK20/SES207/SA207S10	SES127	-2.56725	11.7442	14.3114
BLOCK20/SES207/SA207S10	SES183	-2.50634	11.8051	14.3114
BLOCK20/SES207/SA207S10	SES189	-2.47293	11.8385	14.3114
BLOCK20/SES207/SA207S10	SES292	-2.28891	12.0225	14.3114
BLOCK20/SES207/SA207S11	SES127	-3.14658	10.5439	13.6904
BLOCK20/SES207/SA207S11	SES183	-2.22913	11.4613	13.6904
BLOCK20/SES207/SA207S11	SES187	-2.56574	11.1247	13.6904
BLOCK20/SES207/SA207S11	SES292	-2.11083	11.5796	13.6904
BLOCK20/SES207/SA207S25	SES068	-2.46837	11.8503	14.3187
BLOCK20/SES207/SA207S25	SES083	-3.17357	11.1451	14.3187
BLOCK20/SES207/SA207S25	SES127	-1.7789	12.5398	14.3187
BLOCK20/SES207/SA207S25	SES187	-2.2525	12.0662	14.3187
BLOCK20/SES207/SA207S27	SES127	-3.00113	10.1599	13.161
BLOCK20/SES207/SA207S27	SES183	-2.02425	11.1368	13.161
BLOCK20/SES207/SA207S27	SES187	-2.64347	10.5176	13.161
BLOCK20/SES207/SA207S27	SES292	-3.08132	10.0797	13.161
BLOCK20/SES207/SA207S29	SES083	-3.27631	11.8056	15.0819
BLOCK20/SES207/SA207S29	SES085	-2.0401	13.0418	15.0819
BLOCK20/SES207/SA207S29	SES172	-2.03607	13.0458	15.0819
BLOCK20/SES207/SA207S29	SES189	-2.96334	12.1186	15.0819
BLOCK22/SES221/SA221S12	SES068	-1.4305	14.494	15.9245
BLOCK22/SES221/SA221S12	SES143	-1.91166	14.0129	15.9245
BLOCK22/SES221/SA221S12	SES175	-1.1948	14.7297	15.9245
BLOCK22/SES221/SA221S12	SES202	-1.97135	13.9532	15.9245
BLOCK22/SES221/SA221S15	SES085	-1.79675	12.6883	14.4851
BLOCK22/SES221/SA221S15	SES143	-3.02191	11.4632	14.4851
BLOCK22/SES221/SA221S15	SES175	-1.94356	12.5415	14.4851
BLOCK22/SES221/SA221S15	SES187	-2.69229	11.7928	14.4851
BLOCK22/SES221/SA221S23	SES068	-2.00427	13.2679	15.2721
BLOCK22/SES221/SA221S23	SES143	-2.51553	12.7566	15.2721
BLOCK22/SES221/SA221S23	SES175	-0.768807	14.5033	15.2721
BLOCK22/SES221/SA221S23	SES189	-1.16457	14.1076	15.2721
BLOCK22/SES221/SA221S27	SES085	-0.946422	14.6951	15.6415
BLOCK22/SES221/SA221S27	SES143	-1.71398	13.9275	15.6415
BLOCK22/SES221/SA221S27	SES175	-0.947285	14.6942	15.6415
BLOCK22/SES221/SA221S27	SES189	-0.713705	14.9278	15.6415
BLOCK22/SES221/SA221S29	SES085	-1.22559	13.1509	14.3765
BLOCK22/SES221/SA221S29	SES143	-1.78806	12.5884	14.3765
BLOCK22/SES221/SA221S29	SES175	-1.20964	13.1668	14.3765
BLOCK22/SES221/SA221S29	SES187	-2.44645	11.93	14.3765
BLOCK22/SES223/SA223S11	SES143	-1.79495	11.2774	13.0723
BLOCK22/SES223/SA223S11	SES144	-4.21955	8.85278	13.0723
BLOCK22/SES223/SA223S11	SES175	-1.29211	11.7802	13.0723
BLOCK22/SES223/SA223S11	SES187	-3.51556	9.55678	13.0723
BLOCK22/SES223/SA223S13	SES068	-2.31549	10.5334	12.8489
BLOCK22/SES223/SA223S13	SES143	-2.85675	9.99213	12.8489
BLOCK22/SES223/SA223S13	SES146	-2.82144	10.0274	12.8489
BLOCK22/SES223/SA223S13	SES202	-3.42488	9.424	12.8489
BLOCK22/SES223/SA223S22	SES143	-1.59305	12.3102	13.9032
BLOCK22/SES223/SA223S22	SES144	-3.3299	10.5733	13.9032
BLOCK22/SES223/SA223S22	SES175	-1.4965	12.4067	13.9032
BLOCK22/SES223/SA223S22	SES187	-2.08386	11.8193	13.9032
BLOCK22/SES223/SA223S25	SES068	-2.09524	12.7473	14.8425
BLOCK22/SES223/SA223S25	SES143	-2.56937	12.2732	14.8425
BLOCK22/SES223/SA223S25	SES175	-1.90615	12.9364	14.8425
BLOCK22/SES223/SA223S25	SES187	-3.1883	11.6542	14.8425
BLOCK22/SES223/SA223S27	SES143	-1.81556	11.3494	13.165
BLOCK22/SES223/SA223S27	SES146	-2.73933	10.4256	13.165
BLOCK22/SES223/SA223S27	SES187	-2.68046	10.4845	13.165
BLOCK22/SES223/SA223S27	SES292	-1.63354	11.5314	13.165
BLOCK27/SES273/SA273S12	SES099	-1.38855	16.1559	17.5444
BLOCK27/SES273/SA273S12	SES104	-2.22191	15.3225	17.5444
BLOCK27/SES273/SA273S12	SES125	-2.25119	15.2932	17.5444
BLOCK27/SES273/SA273S12	SES206	-1.48225	16.0622	17.5444
BLOCK27/SES273/SA273S13	SES099	-1.30945	16.2654	17.5749
BLOCK27/SES273/SA273S13	SES104	-2.14055	15.4343	17.5749
BLOCK27/SES273/SA273S13	SES206	-1.78589	15.789	17.5749
BLOCK27/SES273/SA273S13	SES292	-2.2601	15.3148	17.5749
BLOCK27/SES273/SA273S21	SES099	-0.747953	16.4684	17.2163
BLOCK27/SES273/SA273S21	SES148	-3.24989	13.9664	17.2163
BLOCK27/SES273/SA273S21	SES149	-2.72618	14.4902	17.2163
BLOCK27/SES273/SA273S21	SES177	-2.67855	14.5378	17.2163
BLOCK27/SES273/SA273S25	SES104	-2.07449	14.561	16.6355
BLOCK27/SES273/SA273S25	SES125	-2.15261	14.4829	16.6355
BLOCK27/SES273/SA273S25	SES158	-1.30266	15.3328	16.6355
BLOCK27/SES273/SA273S25	SES206	-0.80473	15.8308	16.6355
BLOCK27/SES273/SA273S27	SES099	-1.00729	15.4771	16.4844
BLOCK27/SES273/SA273S27	SES104	-2.18044	14.304	16.4844
BLOCK27/SES273/SA273S27	SES149	-1.49491	14.9895	16.4844
BLOCK27/SES273/SA273S27	SES275	-2.46633	14.0181	16.4844
BLOCK27/SES274/SA274S10	SES105	-2.43585	13.3457	15.7816
BLOCK27/SES274/SA274S10	SES125	-3.6884	12.0932	15.7816
BLOCK27/SES274/SA274S10	SES129	-1.34278	14.4388	15.7816
BLOCK27/SES274/SA274S10	SES158	-4.16226	11.6193	15.7816
BLOCK27/SES274/SA274S11	SES105	-2.17049	13.9336	16.1041
BLOCK27/SES274/SA274S11	SES149	-2.88373	13.2204	16.1041
BLOCK27/SES274/SA274S11	SES158	-3.41035	12.6937	16.1041
BLOCK27/SES274/SA274S11	SES275	-0.999418	15.1047	16.1041
BLOCK27/SES274/SA274S21	SES105	-3.01473	12.8926	15.9073
BLOCK27/SES274/SA274S21	SES129	-1.35585	14.5515	15.9073
BLOCK27/SES274/SA274S21	SES149	-2.51229	13.395	15.9073
BLOCK27/SES274/SA274S21	SES158	-5.39642	10.5109	15.9073
BLOCK27/SES274/SA274S24	SES105	-1.90873	15.0297	16.9385
BLOCK27/SES274/SA274S24	SES129	-1.37519	15.5633	16.9385
BLOCK27/SES274/SA274S24	SES149	-2.8708	14.0677	16.9385
BLOCK27/SES274/SA274S24	SES158	-5.62922	11.3092	16.9385
BLOCK27/SES274/SA274S29	SES105	-2.42995	13.127	15.557
BLOCK27/SES274/SA274S29	SES106	-4.59947	10.9575	15.557
BLOCK27/SES274/SA274S29	SES120	-2.26217	13.2948	15.557
BLOCK27/SES274/SA274S29	SES275	-1.91419	13.6428	15.557
BLOCK27/SES276/SA276S16	SES148	-2.85942	12.3639	15.2233
BLOCK27/SES276/SA276S16	SES172	-2.53477	12.6885	15.2233
BLOCK27/SES276/SA276S16	SES180	-3.22171	12.0016	15.2233
BLOCK27/SES276/SA276S16	SES292	-2.19304	13.0303	15.2233
BLOCK27/SES276/SA276S17	SES101	-2.1493	13.5803	15.7296
BLOCK27/SES276/SA276S17	SES177	-2.59224	13.1374	15.7296
BLOCK27/SES276/SA276S17	SES180	-2.42289	13.3067	15.7296
BLOCK27/SES276/SA276S17	SES292	-2.37677	13.3528	15.7296
BLOCK27/SES276/SA276S24	SES101	-1.94864	14.3189	16.2675
BLOCK27/SES276/SA276S24	SES177	-2.00548	14.262	16.2675
BLOCK27/SES276/SA276S24	SES180	-2.8204	13.4471	16.2675
BLOCK27/SES276/SA276S24	SES292	-2.77809	13.4894	16.2675
BLOCK27/SES276/SA276S26	SES101	-2.81787	14.1315	16.9494
BLOCK27/SES276/SA276S26	SES177	-1.42973	15.5197	16.9494
BLOCK27/SES276/SA276S26	SES180	-1.24527	15.7041	16.9494
BLOCK27/SES276/SA276S26	SES292	-1.21233	15.7371	16.9494
BLOCK27/SES276/SA276S28	SES101	-2.43527	13.76	16.1953
BLOCK27/SES276/SA276S28	SES177	-2.57168	13.6236	16.1953
BLOCK27/SES276/SA276S28	SES180	-1.52134	14.6739	16.1953
BLOCK27/SES276/SA276S28	SES292	-2.18301	14.0123	16.1953
BLOCK27/SES277/SA277S12	SES101	-2.25712	11.4171	13.6742
BLOCK27/SES277/SA277S12	SES177	-2.5436	11.1306	13.6742
BLOCK27/SES277/SA277S12	SES180	-3.55054	10.1237	13.6742
BLOCK27/SES277/SA277S12	SES292	-3.65623	10.018	13.6742
BLOCK27/SES277/SA277S14	SES177	-1.94447	11.1704	13.1148
BLOCK27/SES277/SA277S14	SES180	-3.12343	9.99141	13.1148
BLOCK27/SES277/SA277S14	SES189	-1.13519	11.9796	13.1148
BLOCK27/SES277/SA277S14	SES292	-3.19098	9.92386	13.1148
BLOCK27/SES277/SA277S21	SES177	-1.41761	13.4517	14.8693
BLOCK27/SES277/SA277S21	SES180	-2.50121	12.368	14.8693
BLOCK27/SES277/SA277S21	SES189	-1.0637	13.8056	14.8693
BLOCK27/SES277/SA277S21	SES292	-3.31086	11.5584	14.8693
BLOCK27/SES277/SA277S24	SES144	-2.41882	10.6966	13.1154
BLOCK27/SES277/SA277S24	SES177	-2.05245	11.0629	13.1154
BLOCK27/SES277/SA277S24	SES180	-3.64225	9.47315	13.1154
BLOCK27/SES277/SA277S24	SES189	-1.65728	11.4581	13.1154
BLOCK27/SES277/SA277S29	SES177	-2.02197	13.9048	15.9267
BLOCK27/SES277/SA277S29	SES180	-3.17852	12.7482	15.9267
BLOCK27/SES277/SA277S29	SES202	-2.46682	13.4599	15.9267
BLOCK27/SES277/SA277S29	SES292	-3.43745	12.4893	15.9267
BLOCK27/SES279/SA279S09	SES120	-2.25015	13.3703	15.6204
BLOCK27/SES279/SA279S09	SES146	-2.70356	12.9169	15.6204
BLOCK27/SES279/SA279S09	SES206	-2.38369	13.2367	15.6204
BLOCK27/SES279/SA279S09	SES226	-3.91171	11.7087	15.6204
BLOCK27/SES279/SA279S10	SES099	-1.48091	14.5457	16.0266
BLOCK27/SES279/SA279S10	SES206	-1.88773	14.1389	16.0266
BLOCK27/SES279/SA279S10	SES226	-3.38893	12.6377	16.0266
BLOCK27/SES279/SA279S10	SES292	-1.22537	14.8013	16.0266
BLOCK27/SES279/SA279S20	SES099	-2.41576	13.4419	15.8577
BLOCK27/SES279/SA279S20	SES206	-1.87623	13.9814	15.8577
BLOCK27/SES279/SA279S20	SES226	-3.42478	12.4329	15.8577
BLOCK27/SES279/SA279S20	SES292	-1.16705	14.6906	15.8577
BLOCK27/SES279/SA279S26	SES099	-1.79332	13.8734	15.6667
BLOCK27/SES279/SA279S26	SES206	-1.13394	14.5328	15.6667
BLOCK27/SES279/SA279S26	SES226	-3.29587	12.3708	15.6667
BLOCK27/SES279/SA279S26	SES292	-1.25547	14.4112	15.6667
BLOCK27/SES279/SA279S28	SES099	-1.725	15.7163	17.4413
BLOCK27/SES279/SA279S28	SES120	-1.90844	15.5329	17.4413
BLOCK27/SES279/SA279S28	SES177	-2.08835	15.353	17.4413
BLOCK27/SES279/SA279S28	SES206	-1.59477	15.8466	17.4413
BLOCK29/SES290/SA290S12	SES162	-1.40719	13.6416	15.0488
BLOCK29/SES290/SA290S12	SES177	-1.12716	13.9216	15.0488
BLOCK29/SES290/SA290S12	SES180	-2.42801	12.6208	15.0488
BLOCK29/SES290/SA290S12	SES292	-2.43063	12.6181	15.0488
BLOCK29/SES290/SA290S13	SES007	-1.44555	13.722	15.1676
BLOCK29/SES290/SA290S13	SES162	-3.14697	12.0206	15.1676
BLOCK29/SES290/SA290S13	SES177	-1.4215	13.7461	15.1676
BLOCK29/SES290/SA290S13	SES180	-1.81655	13.351	15.1676
BLOCK29/SES290/SA290S22	SES177	-1.58293	12.8693	14.4522
BLOCK29/SES290/SA290S22	SES180	-1.98338	12.4688	14.4522
BLOCK29/SES290/SA290S22	SES202	-1.84274	12.6095	14.4522
BLOCK29/SES290/SA290S22	SES292	-2.10136	12.3508	14.4522
BLOCK29/SES290/SA290S25	SES162	-1.71894	14.0718	15.7908
BLOCK29/SES290/SA290S25	SES177	-1.74072	14.05	15.7908
BLOCK29/SES290/SA290S25	SES180	-2.06257	13.7282	15.7908
BLOCK29/SES290/SA290S25	SES292	-1.62301	14.1677	15.7908
BLOCK29/SES290/SA290S29	SES177	-1.24809	13.6628	14.9109
BLOCK29/SES290/SA290S29	SES180	-1.57982	13.3311	14.9109
BLOCK29/SES290/SA290S29	SES275	-1.83097	13.08	14.9109
BLOCK29/SES290/SA290S29	SES292	-1.77874	13.1322	14.9109
BLOCK29/SES291/SA291S11	SES105	-3.95979	10.3554	14.3152
BLOCK29/SES291/SA291S11	SES125	-1.97684	12.3383	14.3152
BLOCK29/SES291/SA291S11	SES158	-2.0721	12.2431	14.3152
BLOCK29/SES291/SA291S11	SES275	-3.54065	10.7745	14.3152
BLOCK29/SES291/SA291S12	SES158	-0.0375013	14.3877	14.4252
BLOCK29/SES291/SA291S12	SES226	-3.21592	11.2093	14.4252
BLOCK29/SES291/SA291S12	SES270	-0.152497	14.2727	14.4252
BLOCK29/SES291/SA291S12	SES275	-4.95979	9.46545	14.4252
BLOCK29/SES291/SA291S22	SES082	-2.31444	12.9535	15.268
BLOCK29/SES291/SA291S22	SES158	-2.13611	13.1319	15.268
BLOCK29/SES291/SA291S22	SES259	-3.26156	12.0064	15.268
BLOCK29/SES291/SA291S22	SES275	-3.87556	11.3924	15.268
BLOCK29/SES291/SA291S24	SES104	-1.11274	15.4715	16.5842
BLOCK29/SES291/SA291S24	SES125	-1.41853	15.1657	16.5842
BLOCK29/SES291/SA291S24	SES158	-1.04222	15.542	16.5842
BLOCK29/SES291/SA291S24	SES275	-4.34614	12.2381	16.5842
BLOCK29/SES291/SA291S27	SES158	-0.93294	15.1831	16.116
BLOCK29/SES291/SA291S27	SES172	-5.44309	10.6729	16.116
BLOCK29/SES291/SA291S27	SES275	-4.81756	11.2984	16.116
BLOCK29/SES291/SA291S27	SES292	-2.95005	13.1659	16.116
Threshold search:
THR	-6.26601019681	9	0(0)	1(1000)
THR	-6.1640419948419	8.991	0(0)	0.999(999)
THR	-6.0620737928738	8.982	0(0)	0.998(998)
THR	-5.9601055909057	8.982	0(0)	0.998(998)
THR	-5.8581373889376	8.973	0(0)	0.997(997)
THR	-5.7561691869695	8.973	0(0)	0.997(997)
THR	-5.6542009850014	8.964	0(0)	0.996(996)
THR	-5.5522327830333	8.946	0(0)	0.994(994)
THR	-5.4502645810652	8.937	0(0)	0.993(993)
THR	-5.3482963790971	8.91	0(0)	0.99(990)
THR	-5.246328177129	8.91	0(0)	0.99(990)
THR	-5.1443599751609	8.91	0(0)	0.99(990)
THR	-5.0423917731928	8.91	0(0)	0.99(990)
THR	-4.9404235712247	8.883	0(0)	0.987(987)
THR	-4.8384553692566	8.856	0(0)	0.984(984)
THR	-4.7364871672885	8.811	0(0)	0.979(979)
THR	-4.6345189653204	8.802	0(0)	0.978(978)
THR	-4.53255076335229	8.757	0(0)	0.973(973)
THR	-4.43058256138419	8.721	0(0)	0.969(969)
THR	-4.32861435941609	8.667	0(0)	0.963(963)
THR	-4.22664615744799	8.604	0(0)	0.956(956)
THR	-4.12467795547989	8.487	0(0)	0.943(943)
THR	-4.02270975351179	8.397	0(0)	0.933(933)
THR	-3.92074155154369	8.325	0(0)	0.925(925)
THR	-3.81877334957559	8.235	0(0)	0.915(915)
THR	-3.71680514760749	8.127	0(0)	0.903(903)
THR	-3.61483694563939	7.956	0(0)	0.884(884)
THR	-3.51286874367129	7.812	0(0)	0.868(868)
THR	-3.41090054170319	7.605	0(0)	0.845(845)
THR	-3.30893233973509	7.362	0(0)	0.818(818)
THR	-3.20696413776699	7.029	0(0)	0.781(781)
THR	-3.10499593579889	6.732	0(0)	0.748(748)
THR	-3.00302773383079	6.489	0(0)	0.721(721)
THR	-2.90105953186269	6.192	0(0)	0.688(688)
THR	-2.79909132989459	5.877	0(0)	0.653(653)
THR	-2.6971231279265	5.607	0(0)	0.623(623)
THR	-2.5951549259584	5.22	0(0)	0.58(580)
THR	-2.4931867239903	4.824	0(0)	0.536(536)
THR	-2.3912185220222	4.365	0(0)	0.485(485)
THR	-2.2892503200541	3.987	0(0)	0.443(443)
THR	-2.187282118086	3.564	0(0)	0.396(396)
THR	-2.0853139161179	3.141	0(0)	0.349(349)
THR	-1.9833457141498	2.691	0(0)	0.299(299)
THR	-1.8813775121817	2.295	0(0)	0.255(255)
THR	-1.7794093102136	1.908	0(0)	0.212(212)
THR	-1.6774411082455	1.566	0(0)	0.174(174)
THR	-1.5754729062774	1.359	0(0)	0.151(151)
THR	-1.4735047043093	1.17	0(0)	0.13(130)
THR	-1.3715365023412	0.945	0(0)	0.105(105)
THR	-1.2695683003731	0.774	0(0)	0.086(86)
THR	-1.167600098405	0.567	0(0)	0.063(63)
THR	-1.0656318964369	0.441	0(0)	0.049(49)
THR	-0.963663694468795	0.337	0.004(1)	0.037(37)
THR	-0.861695492500695	0.175	0.004(1)	0.019(19)
THR	-0.759727290532595	0.094	0.004(1)	0.01(10)
THR	-0.657759088564495	0.067	0.004(1)	0.007(7)
THR	-0.555790886596395	0.062	0.008(2)	0.006(6)
THR	-0.453822684628295	0.044	0.008(2)	0.004(4)
THR	-0.351854482660195	0.047	0.02(5)	0.003(3)
THR	-0.249886280692095	0.055	0.028(7)	0.003(3)
THR	-0.147918078723995	0.058	0.04(10)	0.002(2)
THR	-0.0459498767558954	0.078	0.06(15)	0.002(2)
THR	0.0560183252122046	0.097	0.088(22)	0.001(1)
THR	0.157986527180305	0.104	0.104(26)	0(0)
THR	0.259954729148405	0.14	0.14(35)	0(0)
THR	0.361922931116505	0.176	0.176(44)	0(0)
THR	0.463891133084605	0.192	0.192(48)	0(0)
THR	0.565859335052705	0.24	0.24(60)	0(0)
THR	0.667827537020805	0.284	0.284(71)	0(0)
THR	0.769795738988905	0.32	0.32(80)	0(0)
THR	0.871763940957004	0.34	0.34(85)	0(0)
THR	0.973732142925104	0.384	0.384(96)	0(0)
THR	1.0757003448932	0.456	0.456(114)	0(0)
THR	1.1776685468613	0.52	0.52(130)	0(0)
THR	1.2796367488294	0.58	0.58(145)	0(0)
THR	1.3816049507975	0.628	0.628(157)	0(0)
THR	1.4835731527656	0.652	0.652(163)	0(0)
THR	1.5855413547337	0.7	0.7(175)	0(0)
THR	1.68750955670181	0.728	0.728(182)	0(0)
THR	1.78947775866991	0.776	0.776(194)	0(0)
THR	1.89144596063801	0.82	0.82(205)	0(0)
THR	1.99341416260611	0.856	0.856(214)	0(0)
THR	2.09538236457421	0.88	0.88(220)	0(0)
THR	2.19735056654231	0.908	0.908(227)	0(0)
THR	2.29931876851041	0.932	0.932(233)	0(0)
THR	2.4012869704785	0.936	0.936(234)	0(0)
THR	2.5032551724466	0.956	0.956(239)	0(0)
THR	2.6052233744147	0.96	0.96(240)	0(0)
THR	2.7071915763828	0.964	0.964(241)	0(0)
THR	2.8091597783509	0.968	0.968(242)	0(0)
THR	2.911127980319	0.976	0.976(244)	0(0)
THR	3.0130961822871	0.984	0.984(246)	0(0)
THR	3.1150643842552	0.984	0.984(246)	0(0)
THR	3.2170325862233	0.992	0.992(248)	0(0)
THR	3.3190007881914	0.992	0.992(248)	0(0)
THR	3.4209689901595	0.992	0.992(248)	0(0)
THR	3.5229371921276	0.992	0.992(248)	0(0)
THR	3.6249053940957	0.992	0.992(248)	0(0)
THR	3.7268735960638	0.992	0.992(248)	0(0)
THR	3.8288417980319	0.996	0.996(249)	0(0)
THR	3.93081	1	1(250)	0(0)


==============================================
THR: -0.453822684628295
Missed:     2/250=0.0080
FalseAlarm: 4/1000=0.0040
----------------------------------------------
==> CostDetection: 4.4
==============================================
