BLOCK00/SES002/SA002S12	SES002	1.60585	-59.4096	-61.0155
BLOCK00/SES002/SA002S13	SES002	1.97916	-59.3224	-61.3016
BLOCK00/SES002/SA002S23	SES002	1.48438	-58.8794	-60.3638
BLOCK00/SES002/SA002S26	SES002	1.65941	-58.2581	-59.9175
BLOCK00/SES002/SA002S28	SES002	1.15736	-60.3176	-61.4749
BLOCK00/SES007/SA007S14	SES007	1.08888	-60.237	-61.3259
BLOCK00/SES007/SA007S15	SES007	0.533627	-62.2071	-62.7408
BLOCK00/SES007/SA007S24	SES007	0.724495	-61.7187	-62.4432
BLOCK00/SES007/SA007S27	SES007	0.532295	-61.8394	-62.3716
BLOCK00/SES007/SA007S29	SES007	0.203873	-61.3325	-61.5364
BLOCK00/SES008/SA008S11	SES008	0.850105	-61.5388	-62.3889
BLOCK00/SES008/SA008S12	SES008	0.472771	-61.8799	-62.3526
BLOCK00/SES008/SA008S19	SES008	1.99949	-60.3037	-62.3032
BLOCK00/SES008/SA008S22	SES008	0.876122	-62.3289	-63.2051
BLOCK00/SES008/SA008S29	SES008	0.877216	-60.9285	-61.8058
BLOCK01/SES014/SA014S10	SES014	2.15335	-60.1435	-62.2968
BLOCK01/SES014/SA014S12	SES014	3.24224	-57.3691	-60.6114
BLOCK01/SES014/SA014S24	SES014	1.57301	-59.7939	-61.3669
BLOCK01/SES014/SA014S26	SES014	2.75688	-56.866	-59.6229
BLOCK01/SES014/SA014S28	SES014	2.85429	-57.6202	-60.4745
BLOCK01/SES016/SA016S12	SES016	1.10857	-64.1765	-65.2851
BLOCK01/SES016/SA016S13	SES016	1.26846	-62.5184	-63.7869
BLOCK01/SES016/SA016S22	SES016	0.386833	-62.9703	-63.3571
BLOCK01/SES016/SA016S25	SES016	1.62679	-60.1832	-61.81
BLOCK01/SES016/SA016S27	SES016	1.0115	-61.0244	-62.0359
BLOCK01/SES019/SA019S13	SES019	2.6837	-60.4649	-63.1486
BLOCK01/SES019/SA019S14	SES019	1.99754	-60.4379	-62.4354
BLOCK01/SES019/SA019S22	SES019	2.45218	-60.7092	-63.1614
BLOCK01/SES019/SA019S25	SES019	2.35056	-60.4411	-62.7917
BLOCK01/SES019/SA019S29	SES019	3.39875	-60.133	-63.5318
BLOCK02/SES029/SA029S11	SES029	0.966492	-61.8199	-62.7864
BLOCK02/SES029/SA029S12	SES029	0.240635	-61.9033	-62.144
BLOCK02/SES029/SA029S20	SES029	0.302181	-62.6608	-62.9629
BLOCK02/SES029/SA029S25	SES029	0.157284	-61.8205	-61.9778
BLOCK02/SES029/SA029S28	SES029	0.518719	-61.8769	-62.3956
BLOCK04/SES042/SA042S12	SES042	2.45093	-57.9879	-60.4389
BLOCK04/SES042/SA042S15	SES042	1.94974	-59.2134	-61.1632
BLOCK04/SES042/SA042S22	SES042	3.22493	-56.3148	-59.5398
BLOCK04/SES042/SA042S25	SES042	2.1689	-59.2295	-61.3984
BLOCK04/SES042/SA042S27	SES042	2.08566	-58.0321	-60.1177
BLOCK04/SES048/SA048S11	SES048	0.906094	-60.5685	-61.4746
BLOCK04/SES048/SA048S12	SES048	0.477123	-61.1637	-61.6408
BLOCK04/SES048/SA048S20	SES048	0.963184	-60.5505	-61.5137
BLOCK04/SES048/SA048S23	SES048	1.42147	-60.6433	-62.0648
BLOCK04/SES048/SA048S27	SES048	0.888348	-60.0289	-60.9172
BLOCK06/SES060/SA060S11	SES060	1.01521	-62.1265	-63.1417
BLOCK06/SES060/SA060S12	SES060	-0.634396	-63.8014	-63.167
BLOCK06/SES060/SA060S22	SES060	-0.296146	-63.8315	-63.5354
BLOCK06/SES060/SA060S24	SES060	0.607651	-61.5324	-62.14
BLOCK06/SES060/SA060S28	SES060	1.07729	-59.2703	-60.3476
BLOCK06/SES062/SA062S10	SES062	1.02008	-61.1265	-62.1466
BLOCK06/SES062/SA062S11	SES062	1.49221	-61.3579	-62.8502
BLOCK06/SES062/SA062S21	SES062	2.34789	-57.9129	-60.2608
BLOCK06/SES062/SA062S26	SES062	0.598698	-60.7918	-61.3905
BLOCK06/SES062/SA062S29	SES062	1.62451	-59.6779	-61.3024
BLOCK06/SES068/SA068S14	SES068	0.751842	-61.4389	-62.1907
BLOCK06/SES068/SA068S15	SES068	1.29612	-60.2505	-61.5466
BLOCK06/SES068/SA068S23	SES068	0.8475	-62.0524	-62.8999
BLOCK06/SES068/SA068S27	SES068	1.63629	-60.5344	-62.1707
BLOCK06/SES068/SA068S29	SES068	0.990425	-60.8718	-61.8622
BLOCK08/SES082/SA082S12	SES082	1.00758	-60.8328	-61.8404
BLOCK08/SES082/SA082S14	SES082	0.0895882	-62.4627	-62.5523
BLOCK08/SES082/SA082S21	SES082	0.240784	-62.1227	-62.3635
BLOCK08/SES082/SA082S24	SES082	0.948204	-60.841	-61.7892
BLOCK08/SES082/SA082S28	SES082	-0.304169	-62.3056	-62.0014
BLOCK08/SES083/SA083S14	SES083	-0.30814	-62.6921	-62.384
BLOCK08/SES083/SA083S15	SES083	0.264423	-61.418	-61.6825
BLOCK08/SES083/SA083S24	SES083	0.0853233	-62.1971	-62.2824
BLOCK08/SES083/SA083S26	SES083	0.245667	-62.1806	-62.4263
BLOCK08/SES083/SA083S29	SES083	-0.0357132	-61.6968	-61.6611
BLOCK08/SES085/SA085S10	SES085	0.0161095	-61.8288	-61.8449
BLOCK08/SES085/SA085S13	SES085	0.556103	-62.8016	-63.3577
BLOCK08/SES085/SA085S22	SES085	-2.3679	-65.1416	-62.7737
BLOCK08/SES085/SA085S26	SES085	0.219913	-62.1563	-62.3763
BLOCK08/SES085/SA085S28	SES085	0.839531	-61.1454	-61.985
BLOCK08/SES087/SA087S15	SES087	1.49514	-60.2164	-61.7116
BLOCK08/SES087/SA087S16	SES087	1.63913	-60.4176	-62.0568
BLOCK08/SES087/SA087S24	SES087	1.33308	-59.9113	-61.2444
BLOCK08/SES087/SA087S26	SES087	1.70791	-58.7231	-60.431
BLOCK08/SES087/SA087S29	SES087	1.52726	-60.3523	-61.8796
BLOCK09/SES099/SA099S15	SES099	1.7553	-60.351	-62.1063
BLOCK09/SES099/SA099S16	SES099	1.3106	-59.9091	-61.2197
BLOCK09/SES099/SA099S24	SES099	1.18646	-60.125	-61.3114
BLOCK09/SES099/SA099S26	SES099	1.54798	-59.7417	-61.2897
BLOCK09/SES099/SA099S29	SES099	1.43215	-60.0542	-61.4863
BLOCK10/SES101/SA101S11	SES101	0.129276	-61.2933	-61.4226
BLOCK10/SES101/SA101S13	SES101	1.08582	-60.6384	-61.7242
BLOCK10/SES101/SA101S22	SES101	0.53923	-62.8709	-63.4101
BLOCK10/SES101/SA101S24	SES101	0.918583	-61.8078	-62.7264
BLOCK10/SES101/SA101S28	SES101	0.0923386	-63.0219	-63.1143
BLOCK10/SES104/SA104S11	SES104	0.835407	-59.8907	-60.7261
BLOCK10/SES104/SA104S12	SES104	0.723282	-60.1093	-60.8325
BLOCK10/SES104/SA104S21	SES104	1.36284	-60.1401	-61.5029
BLOCK10/SES104/SA104S24	SES104	0.781464	-60.4297	-61.2112
BLOCK10/SES104/SA104S28	SES104	1.14664	-60.1905	-61.3372
BLOCK10/SES105/SA105S12	SES105	0.735451	-62.5389	-63.2743
BLOCK10/SES105/SA105S13	SES105	0.759792	-61.9478	-62.7076
BLOCK10/SES105/SA105S22	SES105	0.332958	-62.7462	-63.0791
BLOCK10/SES105/SA105S26	SES105	1.02639	-62.0993	-63.1257
BLOCK10/SES105/SA105S29	SES105	0.496994	-62.0888	-62.5858
BLOCK10/SES106/SA106S09	SES106	0.902321	-61.3904	-62.2927
BLOCK10/SES106/SA106S11	SES106	1.1165	-59.8031	-60.9196
BLOCK10/SES106/SA106S22	SES106	2.46371	-59.7004	-62.1641
BLOCK10/SES106/SA106S27	SES106	1.17032	-61.1017	-62.272
BLOCK10/SES106/SA106S29	SES106	1.086	-60.4769	-61.5629
BLOCK11/SES117/SA117S12	SES117	0.180664	-62.9754	-63.1561
BLOCK11/SES117/SA117S13	SES117	0.351383	-62.4164	-62.7678
BLOCK11/SES117/SA117S23	SES117	0.947578	-64.1533	-65.1009
BLOCK11/SES117/SA117S25	SES117	0.918789	-62.7922	-63.711
BLOCK11/SES117/SA117S28	SES117	1.05061	-63.3379	-64.3885
BLOCK12/SES120/SA120S08	SES120	1.17639	-63.1006	-64.277
BLOCK12/SES120/SA120S11	SES120	0.299904	-64.6135	-64.9134
BLOCK12/SES120/SA120S22	SES120	0.748592	-61.8189	-62.5675
BLOCK12/SES120/SA120S24	SES120	0.475647	-62.5073	-62.9829
BLOCK12/SES120/SA120S28	SES120	0.517975	-63.5998	-64.1178
BLOCK12/SES125/SA125S13	SES125	1.91053	-59.3824	-61.293
BLOCK12/SES125/SA125S14	SES125	1.10966	-60.4768	-61.5865
BLOCK12/SES125/SA125S25	SES125	1.68042	-59.3226	-61.0031
BLOCK12/SES125/SA125S27	SES125	2.06334	-58.4196	-60.4829
BLOCK12/SES125/SA125S29	SES125	1.50449	-59.9117	-61.4162
BLOCK12/SES127/SA127S11	SES127	0.875343	-61.9397	-62.815
BLOCK12/SES127/SA127S12	SES127	-0.327148	-62.1475	-61.8203
BLOCK12/SES127/SA127S23	SES127	0.605324	-61.8382	-62.4435
BLOCK12/SES127/SA127S25	SES127	0.0499916	-62.4372	-62.4872
BLOCK12/SES127/SA127S27	SES127	0.893677	-61.7024	-62.5961
BLOCK12/SES129/SA129S11	SES129	1.23606	-61.0779	-62.314
BLOCK12/SES129/SA129S12	SES129	1.32685	-60.4461	-61.7729
BLOCK12/SES129/SA129S22	SES129	1.18494	-61.0596	-62.2446
BLOCK12/SES129/SA129S27	SES129	1.70306	-60.0577	-61.7608
BLOCK12/SES129/SA129S29	SES129	2.03324	-59.7683	-61.8015
BLOCK14/SES142/SA142S11	SES142	2.44373	-62.0235	-64.4673
BLOCK14/SES142/SA142S12	SES142	0.752441	-63.5559	-64.3084
BLOCK14/SES142/SA142S24	SES142	2.80639	-61.1191	-63.9255
BLOCK14/SES142/SA142S27	SES142	2.40082	-61.4554	-63.8562
BLOCK14/SES142/SA142S29	SES142	2.84514	-60.9837	-63.8288
BLOCK14/SES143/SA143S12	SES143	0.737091	-62.6963	-63.4334
BLOCK14/SES143/SA143S13	SES143	0.552528	-62.5382	-63.0908
BLOCK14/SES143/SA143S23	SES143	1.36481	-62.1887	-63.5535
BLOCK14/SES143/SA143S25	SES143	1.12499	-62.1136	-63.2386
BLOCK14/SES143/SA143S28	SES143	1.19417	-61.6378	-62.8319
BLOCK14/SES144/SA144S09	SES144	0.664509	-62.059	-62.7235
BLOCK14/SES144/SA144S11	SES144	0.884781	-62.7858	-63.6706
BLOCK14/SES144/SA144S21	SES144	0.204498	-62.7586	-62.9631
BLOCK14/SES144/SA144S25	SES144	0.541172	-62.8606	-63.4018
BLOCK14/SES144/SA144S29	SES144	0.118118	-62.5171	-62.6352
BLOCK14/SES146/SA146S14	SES146	0.762325	-62.3547	-63.1171
BLOCK14/SES146/SA146S15	SES146	0.0663872	-62.7767	-62.8431
BLOCK14/SES146/SA146S24	SES146	0.261429	-62.991	-63.2524
BLOCK14/SES146/SA146S26	SES146	0.323524	-62.9639	-63.2874
BLOCK14/SES146/SA146S29	SES146	0.288353	-63.1104	-63.3988
BLOCK14/SES147/SA147S11	SES147	1.37341	-62.6013	-63.9747
BLOCK14/SES147/SA147S13	SES147	1.7141	-61.0698	-62.7839
BLOCK14/SES147/SA147S23	SES147	1.37186	-62.3188	-63.6907
BLOCK14/SES147/SA147S26	SES147	1.16971	-62.0266	-63.1963
BLOCK14/SES147/SA147S28	SES147	1.58321	-60.8769	-62.4602
BLOCK14/SES148/SA148S10	SES148	1.036	-61.4421	-62.4781
BLOCK14/SES148/SA148S12	SES148	0.160725	-62.8111	-62.9718
BLOCK14/SES148/SA148S22	SES148	1.30824	-60.2952	-61.6035
BLOCK14/SES148/SA148S26	SES148	0.642376	-61.4567	-62.0991
BLOCK14/SES148/SA148S29	SES148	0.479939	-62.0295	-62.5095
BLOCK14/SES149/SA149S13	SES149	0.258968	-61.2616	-61.5205
BLOCK14/SES149/SA149S14	SES149	0.132172	-61.2709	-61.4031
BLOCK14/SES149/SA149S24	SES149	0.916405	-61.0422	-61.9586
BLOCK14/SES149/SA149S26	SES149	1.71106	-60.3351	-62.0461
BLOCK14/SES149/SA149S28	SES149	2.19168	-59.5934	-61.7851
BLOCK15/SES158/SA158S13	SES158	0.924637	-61.531	-62.4556
BLOCK15/SES158/SA158S14	SES158	2.18552	-60.8679	-63.0534
BLOCK15/SES158/SA158S23	SES158	1.19592	-60.7646	-61.9606
BLOCK15/SES158/SA158S26	SES158	1.38643	-60.9652	-62.3516
BLOCK15/SES158/SA158S28	SES158	0.687141	-61.7104	-62.3975
BLOCK16/SES162/SA162S10	SES162	1.12493	-62.9357	-64.0607
BLOCK16/SES162/SA162S11	SES162	1.12046	-61.7204	-62.8409
BLOCK16/SES162/SA162S21	SES162	1.57228	-61.819	-63.3913
BLOCK16/SES162/SA162S24	SES162	1.14855	-62.1006	-63.2492
BLOCK16/SES162/SA162S27	SES162	1.64278	-62.2249	-63.8677
BLOCK16/SES167/SA167S14	SES167	0.62698	-61.1295	-61.7565
BLOCK16/SES167/SA167S15	SES167	1.10811	-61.8687	-62.9768
BLOCK16/SES167/SA167S21	SES167	1.11818	-61.0064	-62.1245
BLOCK16/SES167/SA167S25	SES167	1.34743	-62.1968	-63.5442
BLOCK16/SES167/SA167S29	SES167	1.93034	-59.9	-61.8304
BLOCK17/SES172/SA172S12	SES172	1.29098	-62.0038	-63.2948
BLOCK17/SES172/SA172S13	SES172	1.86655	-62.6133	-64.4798
BLOCK17/SES172/SA172S23	SES172	0.74757	-61.3031	-62.0507
BLOCK17/SES172/SA172S27	SES172	0.681244	-62.1741	-62.8554
BLOCK17/SES172/SA172S29	SES172	1.65729	-61.2541	-62.9114
BLOCK17/SES175/SA175S11	SES175	0.798782	-62.1622	-62.961
BLOCK17/SES175/SA175S13	SES175	0.767227	-61.4259	-62.1932
BLOCK17/SES175/SA175S23	SES175	1.34689	-61.6211	-62.968
BLOCK17/SES175/SA175S25	SES175	0.560658	-63.4458	-64.0065
BLOCK17/SES175/SA175S28	SES175	0.966106	-61.8189	-62.785
BLOCK17/SES177/SA177S15	SES177	0.342773	-61.989	-62.3318
BLOCK17/SES177/SA177S17	SES177	0.938702	-61.4898	-62.4285
BLOCK17/SES177/SA177S23	SES177	0.046627	-62.7059	-62.7526
BLOCK17/SES177/SA177S26	SES177	0.647118	-60.3595	-61.0066
BLOCK17/SES177/SA177S28	SES177	0.628437	-61.2432	-61.8716
BLOCK18/SES180/SA180S13	SES180	1.03025	-62.2454	-63.2756
BLOCK18/SES180/SA180S15	SES180	0.74987	-62.4601	-63.21
BLOCK18/SES180/SA180S24	SES180	1.07251	-60.6579	-61.7304
BLOCK18/SES180/SA180S26	SES180	1.07057	-61.5644	-62.635
BLOCK18/SES180/SA180S29	SES180	1.00137	-62.5643	-63.5657
BLOCK18/SES183/SA183S13	SES183	1.07779	-62.4271	-63.5049
BLOCK18/SES183/SA183S14	SES183	0.390965	-62.7187	-63.1097
BLOCK18/SES183/SA183S24	SES183	1.18671	-62.7058	-63.8925
BLOCK18/SES183/SA183S27	SES183	0.941689	-62.1213	-63.063
BLOCK18/SES183/SA183S29	SES183	1.16284	-61.4326	-62.5954
BLOCK18/SES187/SA187S13	SES187	0.375198	-63.0919	-63.4671
BLOCK18/SES187/SA187S14	SES187	0.613419	-63.1492	-63.7626
BLOCK18/SES187/SA187S24	SES187	1.36	-62.386	-63.746
BLOCK18/SES187/SA187S27	SES187	1.42991	-61.9875	-63.4174
BLOCK18/SES187/SA187S29	SES187	1.12824	-62.3574	-63.4856
BLOCK18/SES189/SA189S10	SES189	1.83158	-64.0097	-65.8413
BLOCK18/SES189/SA189S13	SES189	2.87157	-63.65	-66.5215
BLOCK18/SES189/SA189S24	SES189	3.0686	-63.1131	-66.1817
BLOCK18/SES189/SA189S26	SES189	1.67691	-62.847	-64.5239
BLOCK18/SES189/SA189S29	SES189	2.72433	-62.4008	-65.1252
BLOCK20/SES202/SA202S12	SES202	1.75517	-62.8311	-64.5862
BLOCK20/SES202/SA202S14	SES202	2.94897	-60.5842	-63.5332
BLOCK20/SES202/SA202S24	SES202	1.51591	-62.0701	-63.586
BLOCK20/SES202/SA202S27	SES202	1.82664	-60.4781	-62.3047
BLOCK20/SES202/SA202S29	SES202	2.73345	-60.1505	-62.8839
BLOCK20/SES206/SA206S15	SES206	0.143452	-60.4273	-60.5708
BLOCK20/SES206/SA206S17	SES206	1.97758	-58.6994	-60.677
BLOCK20/SES206/SA206S24	SES206	1.42932	-58.8363	-60.2656
BLOCK20/SES206/SA206S27	SES206	1.23265	-59.5217	-60.7544
BLOCK20/SES206/SA206S29	SES206	1.44115	-58.3898	-59.8309
BLOCK22/SES226/SA226S12	SES226	1.19698	-61.1388	-62.3358
BLOCK22/SES226/SA226S13	SES226	-0.594105	-62.33	-61.7359
BLOCK22/SES226/SA226S20	SES226	0.685566	-61.7013	-62.3869
BLOCK22/SES226/SA226S23	SES226	1.31319	-60.4237	-61.7369
BLOCK22/SES226/SA226S28	SES226	1.38982	-60.5646	-61.9544
BLOCK25/SES259/SA259S13	SES259	2.89948	-58.7027	-61.6021
BLOCK25/SES259/SA259S14	SES259	1.93921	-59.3719	-61.3111
BLOCK25/SES259/SA259S22	SES259	1.58698	-59.7034	-61.2904
BLOCK25/SES259/SA259S24	SES259	2.04305	-58.5133	-60.5563
BLOCK25/SES259/SA259S28	SES259	1.6029	-59.4179	-61.0208
BLOCK27/SES270/SA270S14	SES270	2.18646	-60.7197	-62.9062
BLOCK27/SES270/SA270S16	SES270	0.784859	-60.8836	-61.6685
BLOCK27/SES270/SA270S22	SES270	2.1662	-60.4981	-62.6642
BLOCK27/SES270/SA270S26	SES270	1.18288	-61.7186	-62.9014
BLOCK27/SES270/SA270S28	SES270	0.853172	-60.6809	-61.534
BLOCK27/SES275/SA275S17	SES275	0.746986	-62.5033	-63.2503
BLOCK27/SES275/SA275S18	SES275	0.694767	-62.7417	-63.4365
BLOCK27/SES275/SA275S24	SES275	0.934254	-63.0908	-64.025
BLOCK27/SES275/SA275S26	SES275	1.33139	-61.551	-62.8824
BLOCK27/SES275/SA275S28	SES275	0.254601	-61.995	-62.2496
BLOCK29/SES292/SA292S10	SES292	0.0771637	-62.5996	-62.6767
BLOCK29/SES292/SA292S12	SES292	-0.540066	-64.115	-63.575
BLOCK29/SES292/SA292S22	SES292	1.26367	-61.4285	-62.6922
BLOCK29/SES292/SA292S24	SES292	-0.263626	-62.6673	-62.4037
BLOCK29/SES292/SA292S27	SES292	-0.0509529	-61.8602	-61.8093
BLOCK00/SES001/SA001S14	SES062	-1.58522	-64.8366	-63.2514
BLOCK00/SES001/SA001S14	SES082	-3.26658	-66.518	-63.2514
BLOCK00/SES001/SA001S14	SES106	-3.70596	-66.9574	-63.2514
BLOCK00/SES001/SA001S14	SES206	-4.11182	-67.3633	-63.2514
BLOCK00/SES001/SA001S15	SES062	-2.65585	-64.5297	-61.8738
BLOCK00/SES001/SA001S15	SES104	-4.27715	-66.151	-61.8738
BLOCK00/SES001/SA001S15	SES106	-3.69618	-65.57	-61.8738
BLOCK00/SES001/SA001S15	SES206	-3.83126	-65.7051	-61.8738
BLOCK00/SES001/SA001S24	SES062	-3.27473	-66.5795	-63.3048
BLOCK00/SES001/SA001S24	SES082	-3.66544	-66.9702	-63.3048
BLOCK00/SES001/SA001S24	SES087	-5.15045	-68.4552	-63.3048
BLOCK00/SES001/SA001S24	SES206	-3.38869	-66.6935	-63.3048
BLOCK00/SES001/SA001S27	SES062	-2.12018	-63.5385	-61.4183
BLOCK00/SES001/SA001S27	SES082	-3.21386	-64.6322	-61.4183
BLOCK00/SES001/SA001S27	SES087	-4.34406	-65.7624	-61.4183
BLOCK00/SES001/SA001S27	SES206	-3.95681	-65.3751	-61.4183
BLOCK00/SES001/SA001S29	SES062	-2.91209	-66.2831	-63.371
BLOCK00/SES001/SA001S29	SES082	-2.57021	-65.9412	-63.371
BLOCK00/SES001/SA001S29	SES158	-2.15386	-65.5248	-63.371
BLOCK00/SES001/SA001S29	SES206	-4.30032	-67.6713	-63.371
BLOCK00/SES003/SA003S11	SES002	-2.24569	-64.3184	-62.0727
BLOCK00/SES003/SA003S11	SES019	-2.13353	-64.2062	-62.0727
BLOCK00/SES003/SA003S11	SES082	-0.849361	-62.9221	-62.0727
BLOCK00/SES003/SA003S11	SES125	-1.63277	-63.7055	-62.0727
BLOCK00/SES003/SA003S15	SES016	-4.47715	-66.179	-61.7019
BLOCK00/SES003/SA003S15	SES019	-2.90885	-64.6107	-61.7019
BLOCK00/SES003/SA003S15	SES062	-2.90765	-64.6095	-61.7019
BLOCK00/SES003/SA003S15	SES206	-1.76529	-63.4672	-61.7019
BLOCK00/SES003/SA003S22	SES002	-2.87936	-64.8557	-61.9763
BLOCK00/SES003/SA003S22	SES062	-2.22894	-64.2052	-61.9763
BLOCK00/SES003/SA003S22	SES082	-1.24044	-63.2167	-61.9763
BLOCK00/SES003/SA003S22	SES087	-2.37364	-64.3499	-61.9763
BLOCK00/SES003/SA003S25	SES062	-3.2558	-65.7727	-62.5169
BLOCK00/SES003/SA003S25	SES082	-0.84724	-63.3641	-62.5169
BLOCK00/SES003/SA003S25	SES087	-3.06402	-65.5809	-62.5169
BLOCK00/SES003/SA003S25	SES206	-2.87116	-65.388	-62.5169
BLOCK00/SES003/SA003S29	SES002	-2.98233	-65.0827	-62.1004
BLOCK00/SES003/SA003S29	SES062	-2.50105	-64.6014	-62.1004
BLOCK00/SES003/SA003S29	SES082	-0.949886	-63.0503	-62.1004
BLOCK00/SES003/SA003S29	SES087	-2.2952	-64.3956	-62.1004
BLOCK00/SES004/SA004S12	SES083	-1.83067	-65.6478	-63.8171
BLOCK00/SES004/SA004S12	SES148	-1.55068	-65.3678	-63.8171
BLOCK00/SES004/SA004S12	SES172	-1.29514	-65.1123	-63.8171
BLOCK00/SES004/SA004S12	SES292	-2.15218	-65.9693	-63.8171
BLOCK00/SES004/SA004S17	SES083	-2.14933	-65.8444	-63.6951
BLOCK00/SES004/SA004S17	SES162	-1.08022	-64.7753	-63.6951
BLOCK00/SES004/SA004S17	SES172	-1.69221	-65.3873	-63.6951
BLOCK00/SES004/SA004S17	SES292	-2.20144	-65.8965	-63.6951
BLOCK00/SES004/SA004S24	SES083	-1.55898	-64.7457	-63.1868
BLOCK00/SES004/SA004S24	SES148	-1.8287	-65.0155	-63.1868
BLOCK00/SES004/SA004S24	SES172	-1.422	-64.6088	-63.1868
BLOCK00/SES004/SA004S24	SES292	-1.54931	-64.7361	-63.1868
BLOCK00/SES004/SA004S26	SES083	-1.02104	-64.0877	-63.0666
BLOCK00/SES004/SA004S26	SES127	-0.92968	-63.9963	-63.0666
BLOCK00/SES004/SA004S26	SES148	-1.9787	-65.0453	-63.0666
BLOCK00/SES004/SA004S26	SES292	-1.61519	-64.6818	-63.0666
BLOCK00/SES004/SA004S28	SES083	-1.14796	-63.9	-62.7521
BLOCK00/SES004/SA004S28	SES127	-1.11541	-63.8675	-62.7521
BLOCK00/SES004/SA004S28	SES187	-0.956402	-63.7085	-62.7521
BLOCK00/SES004/SA004S28	SES292	-2.16933	-64.9214	-62.7521
BLOCK00/SES006/SA006S10	SES014	-3.96443	-67.8136	-63.8491
BLOCK00/SES006/SA006S10	SES158	-1.15709	-65.0062	-63.8491
BLOCK00/SES006/SA006S10	SES226	-3.60206	-67.4512	-63.8491
BLOCK00/SES006/SA006S10	SES270	-1.3732	-65.2224	-63.8491
BLOCK00/SES006/SA006S11	SES158	-1.42192	-65.5017	-64.0797
BLOCK00/SES006/SA006S11	SES226	-2.73829	-66.818	-64.0797
BLOCK00/SES006/SA006S11	SES270	-1.2492	-65.3289	-64.0797
BLOCK00/SES006/SA006S11	SES275	-3.58103	-67.6608	-64.0797
BLOCK00/SES006/SA006S23	SES062	-2.82305	-65.3558	-62.5328
BLOCK00/SES006/SA006S23	SES105	-2.86716	-65.3999	-62.5328
BLOCK00/SES006/SA006S23	SES158	-1.50691	-64.0397	-62.5328
BLOCK00/SES006/SA006S23	SES275	-2.82071	-65.3535	-62.5328
BLOCK00/SES006/SA006S26	SES104	-3.32092	-66.0403	-62.7194
BLOCK00/SES006/SA006S26	SES158	-1.27182	-63.9912	-62.7194
BLOCK00/SES006/SA006S26	SES270	-0.965065	-63.6845	-62.7194
BLOCK00/SES006/SA006S26	SES275	-3.76413	-66.4836	-62.7194
BLOCK00/SES006/SA006S28	SES007	-2.99936	-66.5972	-63.5979
BLOCK00/SES006/SA006S28	SES105	-2.99884	-66.5967	-63.5979
BLOCK00/SES006/SA006S28	SES158	-1.60456	-65.2024	-63.5979
BLOCK00/SES006/SA006S28	SES275	-3.49193	-67.0898	-63.5979
BLOCK00/SES009/SA009S12	SES083	-1.613	-64.0324	-62.4194
BLOCK00/SES009/SA009S12	SES148	-1.35113	-63.7705	-62.4194
BLOCK00/SES009/SA009S12	SES177	-2.33314	-64.7525	-62.4194
BLOCK00/SES009/SA009S12	SES292	-0.812923	-63.2323	-62.4194
BLOCK00/SES009/SA009S15	SES007	0.504608	-61.0865	-61.5911
BLOCK00/SES009/SA009S15	SES099	-7.07596	-68.6671	-61.5911
BLOCK00/SES009/SA009S15	SES148	-1.85045	-63.4416	-61.5911
BLOCK00/SES009/SA009S15	SES172	-1.39642	-62.9875	-61.5911
BLOCK00/SES009/SA009S24	SES146	-0.623192	-62.5785	-61.9553
BLOCK00/SES009/SA009S24	SES148	-1.19085	-63.1462	-61.9553
BLOCK00/SES009/SA009S24	SES177	-1.54371	-63.499	-61.9553
BLOCK00/SES009/SA009S24	SES292	-0.600281	-62.5556	-61.9553
BLOCK00/SES009/SA009S26	SES083	-1.73574	-64.0112	-62.2755
BLOCK00/SES009/SA009S26	SES101	-1.62536	-63.9008	-62.2755
BLOCK00/SES009/SA009S26	SES120	-1.56065	-63.8361	-62.2755
BLOCK00/SES009/SA009S26	SES177	-2.08749	-64.363	-62.2755
BLOCK00/SES009/SA009S29	SES083	-0.959064	-62.4907	-61.5316
BLOCK00/SES009/SA009S29	SES101	-1.1654	-62.697	-61.5316
BLOCK00/SES009/SA009S29	SES177	-1.79043	-63.3221	-61.5316
BLOCK00/SES009/SA009S29	SES292	-0.658169	-62.1898	-61.5316
BLOCK01/SES011/SA011S10	SES019	-1.89746	-63.498	-61.6005
BLOCK01/SES011/SA011S10	SES042	-1.23626	-62.8368	-61.6005
BLOCK01/SES011/SA011S10	SES082	-2.23461	-63.8351	-61.6005
BLOCK01/SES011/SA011S10	SES206	-1.4942	-63.0947	-61.6005
BLOCK01/SES011/SA011S11	SES019	-1.27451	-64.0123	-62.7378
BLOCK01/SES011/SA011S11	SES042	-1.15943	-63.8973	-62.7378
BLOCK01/SES011/SA011S11	SES082	-2.17957	-64.9174	-62.7378
BLOCK01/SES011/SA011S11	SES206	-1.28736	-64.0252	-62.7378
BLOCK01/SES011/SA011S22	SES019	-1.4257	-63.7975	-62.3718
BLOCK01/SES011/SA011S22	SES042	-0.871605	-63.2434	-62.3718
BLOCK01/SES011/SA011S22	SES082	-2.07127	-64.4431	-62.3718
BLOCK01/SES011/SA011S22	SES206	-1.1697	-63.5415	-62.3718
BLOCK01/SES011/SA011S24	SES019	-1.63846	-63.0575	-61.419
BLOCK01/SES011/SA011S24	SES042	-1.02325	-62.4423	-61.419
BLOCK01/SES011/SA011S24	SES104	-2.51895	-63.938	-61.419
BLOCK01/SES011/SA011S24	SES206	-0.829617	-62.2486	-61.419
BLOCK01/SES011/SA011S27	SES082	-0.536255	-62.2961	-61.7598
BLOCK01/SES011/SA011S27	SES087	-1.92342	-63.6833	-61.7598
BLOCK01/SES011/SA011S27	SES125	-0.863728	-62.6236	-61.7598
BLOCK01/SES011/SA011S27	SES206	-0.949631	-62.7095	-61.7598
BLOCK01/SES012/SA012S11	SES007	-2.57191	-62.9482	-60.3763
BLOCK01/SES012/SA012S11	SES082	-1.76604	-62.1423	-60.3763
BLOCK01/SES012/SA012S11	SES083	-2.71843	-63.0947	-60.3763
BLOCK01/SES012/SA012S11	SES206	-0.937355	-61.3136	-60.3763
BLOCK01/SES012/SA012S14	SES082	-1.58827	-62.5698	-60.9815
BLOCK01/SES012/SA012S14	SES087	-2.07763	-63.0592	-60.9815
BLOCK01/SES012/SA012S14	SES206	-0.876953	-61.8585	-60.9815
BLOCK01/SES012/SA012S14	SES292	-3.74924	-64.7308	-60.9815
BLOCK01/SES012/SA012S24	SES082	-0.226906	-61.9068	-61.6799
BLOCK01/SES012/SA012S24	SES087	-1.45254	-63.1324	-61.6799
BLOCK01/SES012/SA012S24	SES120	-4.61165	-66.2915	-61.6799
BLOCK01/SES012/SA012S24	SES206	-0.617287	-62.2972	-61.6799
BLOCK01/SES012/SA012S26	SES019	-3.12777	-63.5888	-60.461
BLOCK01/SES012/SA012S26	SES082	-2.58531	-63.0463	-60.461
BLOCK01/SES012/SA012S26	SES206	-0.755096	-61.2161	-60.461
BLOCK01/SES012/SA012S26	SES292	-4.15701	-64.618	-60.461
BLOCK01/SES012/SA012S29	SES062	-2.92665	-63.3774	-60.4507
BLOCK01/SES012/SA012S29	SES082	-1.43985	-61.8906	-60.4507
BLOCK01/SES012/SA012S29	SES083	-2.95875	-63.4095	-60.4507
BLOCK01/SES012/SA012S29	SES206	-1.38143	-61.8322	-60.4507
BLOCK01/SES013/SA013S16	SES062	-4.47362	-65.7659	-61.2923
BLOCK01/SES013/SA013S16	SES106	-1.55029	-62.8426	-61.2923
BLOCK01/SES013/SA013S16	SES206	-1.34875	-62.641	-61.2923
BLOCK01/SES013/SA013S16	SES226	-1.0127	-62.305	-61.2923
BLOCK01/SES013/SA013S17	SES062	-4.21477	-64.7727	-60.5579
BLOCK01/SES013/SA013S17	SES106	-2.16414	-62.722	-60.5579
BLOCK01/SES013/SA013S17	SES206	-0.661484	-61.2194	-60.5579
BLOCK01/SES013/SA013S17	SES226	-1.12307	-61.681	-60.5579
BLOCK01/SES013/SA013S23	SES104	-2.34283	-63.9658	-61.623
BLOCK01/SES013/SA013S23	SES106	-1.49585	-63.1188	-61.623
BLOCK01/SES013/SA013S23	SES206	-2.04099	-63.6639	-61.623
BLOCK01/SES013/SA013S23	SES270	-0.984406	-62.6074	-61.623
BLOCK01/SES013/SA013S25	SES042	-2.14651	-62.5856	-60.4391
BLOCK01/SES013/SA013S25	SES104	-1.91349	-62.3525	-60.4391
BLOCK01/SES013/SA013S25	SES106	-1.34775	-61.7868	-60.4391
BLOCK01/SES013/SA013S25	SES206	-1.23635	-61.6754	-60.4391
BLOCK01/SES013/SA013S29	SES062	-5.03308	-66.3183	-61.2853
BLOCK01/SES013/SA013S29	SES104	-2.43185	-63.7171	-61.2853
BLOCK01/SES013/SA013S29	SES106	-1.59113	-62.8764	-61.2853
BLOCK01/SES013/SA013S29	SES206	-1.72115	-63.0064	-61.2853
BLOCK02/SES021/SA021S13	SES016	-5.68966	-66.8658	-61.1761
BLOCK02/SES021/SA021S13	SES029	-4.18601	-65.3621	-61.1761
BLOCK02/SES021/SA021S13	SES087	-2.38963	-63.5657	-61.1761
BLOCK02/SES021/SA021S13	SES206	-1.87623	-63.0523	-61.1761
BLOCK02/SES021/SA021S15	SES087	-1.58289	-61.6129	-60.03
BLOCK02/SES021/SA021S15	SES125	-0.53418	-60.5642	-60.03
BLOCK02/SES021/SA021S15	SES206	-0.880474	-60.9104	-60.03
BLOCK02/SES021/SA021S15	SES226	-1.58937	-61.6193	-60.03
BLOCK02/SES021/SA021S23	SES062	-4.22726	-66.3496	-62.1223
BLOCK02/SES021/SA021S23	SES087	-2.71769	-64.84	-62.1223
BLOCK02/SES021/SA021S23	SES206	-2.0746	-64.1969	-62.1223
BLOCK02/SES021/SA021S23	SES226	-1.37066	-63.493	-62.1223
BLOCK02/SES021/SA021S27	SES002	-2.98383	-63.8089	-60.8251
BLOCK02/SES021/SA021S27	SES016	-4.87589	-65.701	-60.8251
BLOCK02/SES021/SA021S27	SES019	-2.42013	-63.2452	-60.8251
BLOCK02/SES021/SA021S27	SES062	-2.17513	-63.0002	-60.8251
BLOCK02/SES021/SA021S29	SES087	-2.07825	-62.7617	-60.6835
BLOCK02/SES021/SA021S29	SES125	-0.988823	-61.6723	-60.6835
BLOCK02/SES021/SA021S29	SES206	-1.4297	-62.1132	-60.6835
BLOCK02/SES021/SA021S29	SES226	-1.56371	-62.2472	-60.6835
BLOCK04/SES043/SA043S09	SES083	-1.46304	-65.1762	-63.7132
BLOCK04/SES043/SA043S09	SES101	-2.50226	-66.2154	-63.7132
BLOCK04/SES043/SA043S09	SES144	-0.843239	-64.5564	-63.7132
BLOCK04/SES043/SA043S09	SES172	-4.02963	-67.7428	-63.7132
BLOCK04/SES043/SA043S11	SES083	-0.878273	-63.3427	-62.4644
BLOCK04/SES043/SA043S11	SES101	-1.56228	-64.0267	-62.4644
BLOCK04/SES043/SA043S11	SES144	-0.497055	-62.9615	-62.4644
BLOCK04/SES043/SA043S11	SES172	-1.91022	-64.3746	-62.4644
BLOCK04/SES043/SA043S23	SES083	-0.446785	-63.122	-62.6752
BLOCK04/SES043/SA043S23	SES144	0.182533	-62.4927	-62.6752
BLOCK04/SES043/SA043S23	SES177	-2.84373	-65.5189	-62.6752
BLOCK04/SES043/SA043S23	SES275	-0.521408	-63.1966	-62.6752
BLOCK04/SES043/SA043S26	SES083	-0.699574	-63.4625	-62.7629
BLOCK04/SES043/SA043S26	SES101	-1.36057	-64.1235	-62.7629
BLOCK04/SES043/SA043S26	SES144	-0.390423	-63.1533	-62.7629
BLOCK04/SES043/SA043S26	SES177	-2.14606	-64.909	-62.7629
BLOCK04/SES043/SA043S28	SES016	-1.32444	-63.2876	-61.9632
BLOCK04/SES043/SA043S28	SES083	-0.993752	-62.9569	-61.9632
BLOCK04/SES043/SA043S28	SES101	-1.4104	-63.3736	-61.9632
BLOCK04/SES043/SA043S28	SES144	-0.803963	-62.7672	-61.9632
BLOCK04/SES044/SA044S10	SES127	-2.60478	-68.2674	-65.6626
BLOCK04/SES044/SA044S10	SES144	-0.335068	-65.9977	-65.6626
BLOCK04/SES044/SA044S10	SES147	-3.29832	-68.9609	-65.6626
BLOCK04/SES044/SA044S10	SES148	-1.88507	-67.5477	-65.6626
BLOCK04/SES044/SA044S11	SES101	-1.05322	-65.5349	-64.4817
BLOCK04/SES044/SA044S11	SES144	-0.1278	-64.6095	-64.4817
BLOCK04/SES044/SA044S11	SES147	-2.43018	-66.9119	-64.4817
BLOCK04/SES044/SA044S11	SES177	-2.12364	-66.6053	-64.4817
BLOCK04/SES044/SA044S24	SES007	-2.48272	-66.222	-63.7392
BLOCK04/SES044/SA044S24	SES101	-1.13461	-64.8738	-63.7392
BLOCK04/SES044/SA044S24	SES147	-3.95491	-67.6941	-63.7392
BLOCK04/SES044/SA044S24	SES177	-2.66087	-66.4001	-63.7392
BLOCK04/SES044/SA044S26	SES007	-2.01826	-65.2535	-63.2352
BLOCK04/SES044/SA044S26	SES016	-1.3429	-64.5781	-63.2352
BLOCK04/SES044/SA044S26	SES101	-1.237	-64.4722	-63.2352
BLOCK04/SES044/SA044S26	SES147	-1.4803	-64.7155	-63.2352
BLOCK04/SES044/SA044S29	SES007	-1.81404	-64.2945	-62.4804
BLOCK04/SES044/SA044S29	SES101	-0.30344	-62.7839	-62.4804
BLOCK04/SES044/SA044S29	SES147	-1.64448	-64.1249	-62.4804
BLOCK04/SES044/SA044S29	SES177	-2.37685	-64.8573	-62.4804
BLOCK04/SES046/SA046S13	SES101	-2.76669	-66.38	-63.6133
BLOCK04/SES046/SA046S13	SES144	-0.741028	-64.3543	-63.6133
BLOCK04/SES046/SA046S13	SES147	-1.94337	-65.5567	-63.6133
BLOCK04/SES046/SA046S13	SES177	-1.31342	-64.9267	-63.6133
BLOCK04/SES046/SA046S15	SES048	-2.72351	-64.4781	-61.7546
BLOCK04/SES046/SA046S15	SES083	-0.872505	-62.6271	-61.7546
BLOCK04/SES046/SA046S15	SES120	-2.39283	-64.1475	-61.7546
BLOCK04/SES046/SA046S15	SES148	-1.07542	-62.83	-61.7546
BLOCK04/SES046/SA046S22	SES101	-0.492725	-63.9487	-63.456
BLOCK04/SES046/SA046S22	SES144	-0.0532875	-63.5093	-63.456
BLOCK04/SES046/SA046S22	SES147	-1.23452	-64.6905	-63.456
BLOCK04/SES046/SA046S22	SES172	-1.2607	-64.7167	-63.456
BLOCK04/SES046/SA046S25	SES083	-1.29187	-64.0658	-62.774
BLOCK04/SES046/SA046S25	SES127	-1.31709	-64.091	-62.774
BLOCK04/SES046/SA046S25	SES144	-1.07648	-63.8504	-62.774
BLOCK04/SES046/SA046S25	SES148	-1.03036	-63.8043	-62.774
BLOCK04/SES046/SA046S28	SES007	-3.04828	-66.1507	-63.1024
BLOCK04/SES046/SA046S28	SES105	-2.53049	-65.6329	-63.1024
BLOCK04/SES046/SA046S28	SES147	-2.27661	-65.379	-63.1024
BLOCK04/SES046/SA046S28	SES148	-0.969818	-64.0722	-63.1024
BLOCK04/SES049/SA049S16	SES104	-2.40765	-64.7369	-62.3292
BLOCK04/SES049/SA049S16	SES106	-2.09572	-64.4249	-62.3292
BLOCK04/SES049/SA049S16	SES120	-3.81961	-66.1488	-62.3292
BLOCK04/SES049/SA049S16	SES206	-1.68644	-64.0157	-62.3292
BLOCK04/SES049/SA049S18	SES099	-0.993366	-64.5941	-63.6007
BLOCK04/SES049/SA049S18	SES104	-2.51403	-66.1148	-63.6007
BLOCK04/SES049/SA049S18	SES125	-2.31788	-65.9186	-63.6007
BLOCK04/SES049/SA049S18	SES206	-2.16504	-65.7658	-63.6007
BLOCK04/SES049/SA049S25	SES087	-1.61059	-63.6612	-62.0506
BLOCK04/SES049/SA049S25	SES104	-0.936741	-62.9874	-62.0506
BLOCK04/SES049/SA049S25	SES125	-1.93948	-63.9901	-62.0506
BLOCK04/SES049/SA049S25	SES206	-1.13712	-63.1877	-62.0506
BLOCK04/SES049/SA049S27	SES099	-1.41567	-63.5166	-62.101
BLOCK04/SES049/SA049S27	SES104	-0.782806	-62.8838	-62.101
BLOCK04/SES049/SA049S27	SES125	-1.56161	-63.6626	-62.101
BLOCK04/SES049/SA049S27	SES206	-1.64864	-63.7496	-62.101
BLOCK04/SES049/SA049S29	SES099	-1.27037	-62.3624	-61.092
BLOCK04/SES049/SA049S29	SES104	-0.717339	-61.8094	-61.092
BLOCK04/SES049/SA049S29	SES125	-0.809906	-61.9019	-61.092
BLOCK04/SES049/SA049S29	SES206	-0.770405	-61.8624	-61.092
BLOCK06/SES063/SA063S09	SES068	-1.37929	-63.7257	-62.3464
BLOCK06/SES063/SA063S09	SES083	-0.498909	-62.8453	-62.3464
BLOCK06/SES063/SA063S09	SES177	-0.844311	-63.1907	-62.3464
BLOCK06/SES063/SA063S09	SES187	-1.2208	-63.5672	-62.3464
BLOCK06/SES063/SA063S10	SES068	-2.09401	-65.1754	-63.0814
BLOCK06/SES063/SA063S10	SES083	-0.290173	-63.3715	-63.0814
BLOCK06/SES063/SA063S10	SES172	-0.0350533	-63.1164	-63.0814
BLOCK06/SES063/SA063S10	SES187	-1.34215	-64.4235	-63.0814
BLOCK06/SES063/SA063S20	SES068	-2.78599	-66.2377	-63.4517
BLOCK06/SES063/SA063S20	SES083	-0.891407	-64.3431	-63.4517
BLOCK06/SES063/SA063S20	SES172	-0.501011	-63.9527	-63.4517
BLOCK06/SES063/SA063S20	SES187	-0.272228	-63.7239	-63.4517
BLOCK06/SES063/SA063S24	SES029	-1.75243	-64.0533	-62.3008
BLOCK06/SES063/SA063S24	SES083	-0.042984	-62.3438	-62.3008
BLOCK06/SES063/SA063S24	SES177	-0.794075	-63.0949	-62.3008
BLOCK06/SES063/SA063S24	SES189	-0.967911	-63.2687	-62.3008
BLOCK06/SES063/SA063S27	SES083	-0.635693	-64.2881	-63.6525
BLOCK06/SES063/SA063S27	SES172	-0.0710449	-63.7235	-63.6525
BLOCK06/SES063/SA063S27	SES187	-1.29447	-64.9469	-63.6525
BLOCK06/SES063/SA063S27	SES292	-2.79811	-66.4506	-63.6525
BLOCK06/SES067/SA067S12	SES083	-1.20407	-63.8502	-62.6461
BLOCK06/SES067/SA067S12	SES172	-2.77048	-65.4166	-62.6461
BLOCK06/SES067/SA067S12	SES202	-0.0956612	-62.7417	-62.6461
BLOCK06/SES067/SA067S12	SES292	-2.29209	-64.9382	-62.6461
BLOCK06/SES067/SA067S14	SES085	-1.78921	-63.2145	-61.4253
BLOCK06/SES067/SA067S14	SES177	-1.49025	-62.9155	-61.4253
BLOCK06/SES067/SA067S14	SES183	-1.61055	-63.0358	-61.4253
BLOCK06/SES067/SA067S14	SES202	-0.684464	-62.1097	-61.4253
BLOCK06/SES067/SA067S21	SES144	-1.06099	-64.4791	-63.4181
BLOCK06/SES067/SA067S21	SES177	-1.01958	-64.4377	-63.4181
BLOCK06/SES067/SA067S21	SES183	-3.19739	-66.6155	-63.4181
BLOCK06/SES067/SA067S21	SES189	-0.324371	-63.7425	-63.4181
BLOCK06/SES067/SA067S25	SES085	-1.1028	-63.9922	-62.8894
BLOCK06/SES067/SA067S25	SES177	-1.32133	-64.2107	-62.8894
BLOCK06/SES067/SA067S25	SES183	-1.87526	-64.7646	-62.8894
BLOCK06/SES067/SA067S25	SES202	-0.415749	-63.3051	-62.8894
BLOCK06/SES067/SA067S29	SES085	-1.85241	-64.8088	-62.9564
BLOCK06/SES067/SA067S29	SES177	-1.6949	-64.6513	-62.9564
BLOCK06/SES067/SA067S29	SES183	-1.82155	-64.7779	-62.9564
BLOCK06/SES067/SA067S29	SES202	-0.133953	-63.0903	-62.9564
BLOCK06/SES069/SA069S12	SES029	-3.71581	-65.3653	-61.6495
BLOCK06/SES069/SA069S12	SES082	-0.935139	-62.5847	-61.6495
BLOCK06/SES069/SA069S12	SES087	-2.38216	-64.0317	-61.6495
BLOCK06/SES069/SA069S12	SES206	-2.03427	-63.6838	-61.6495
BLOCK06/SES069/SA069S13	SES029	-4.00211	-65.2184	-61.2163
BLOCK06/SES069/SA069S13	SES087	-2.3847	-63.601	-61.2163
BLOCK06/SES069/SA069S13	SES206	-2.46633	-63.6826	-61.2163
BLOCK06/SES069/SA069S13	SES226	-2.02278	-63.2391	-61.2163
BLOCK06/SES069/SA069S23	SES029	-2.70099	-62.7672	-60.0662
BLOCK06/SES069/SA069S23	SES087	-2.41847	-62.4846	-60.0662
BLOCK06/SES069/SA069S23	SES206	-1.94087	-62.007	-60.0662
BLOCK06/SES069/SA069S23	SES226	-0.881081	-60.9473	-60.0662
BLOCK06/SES069/SA069S25	SES087	-2.02802	-62.315	-60.287
BLOCK06/SES069/SA069S25	SES206	-1.9812	-62.2682	-60.287
BLOCK06/SES069/SA069S25	SES226	-1.12788	-61.4149	-60.287
BLOCK06/SES069/SA069S25	SES270	-1.74694	-62.034	-60.287
BLOCK06/SES069/SA069S27	SES087	-2.92381	-63.4037	-60.4799
BLOCK06/SES069/SA069S27	SES206	-1.63077	-62.1107	-60.4799
BLOCK06/SES069/SA069S27	SES226	-0.376751	-60.8567	-60.4799
BLOCK06/SES069/SA069S27	SES270	-1.8423	-62.3222	-60.4799
BLOCK08/SES081/SA081S11	SES060	-1.74231	-64.3017	-62.5594
BLOCK08/SES081/SA081S11	SES062	-3.47052	-66.0299	-62.5594
BLOCK08/SES081/SA081S11	SES117	-1.28082	-63.8402	-62.5594
BLOCK08/SES081/SA081S11	SES162	-1.47253	-64.0319	-62.5594
BLOCK08/SES081/SA081S13	SES016	-1.13243	-63.0257	-61.8932
BLOCK08/SES081/SA081S13	SES060	-0.678795	-62.572	-61.8932
BLOCK08/SES081/SA081S13	SES068	-0.295326	-62.1886	-61.8932
BLOCK08/SES081/SA081S13	SES129	-1.99405	-63.8873	-61.8932
BLOCK08/SES081/SA081S24	SES060	-0.69297	-63.2178	-62.5248
BLOCK08/SES081/SA081S24	SES068	-1.20799	-63.7328	-62.5248
BLOCK08/SES081/SA081S24	SES117	-1.45142	-63.9762	-62.5248
BLOCK08/SES081/SA081S24	SES275	-1.8325	-64.3573	-62.5248
BLOCK08/SES081/SA081S27	SES007	-2.02253	-64.5512	-62.5286
BLOCK08/SES081/SA081S27	SES060	-1.72132	-64.25	-62.5286
BLOCK08/SES081/SA081S27	SES117	-0.386608	-62.9152	-62.5286
BLOCK08/SES081/SA081S27	SES275	-1.93349	-64.4621	-62.5286
BLOCK08/SES081/SA081S29	SES007	-1.52394	-63.4722	-61.9483
BLOCK08/SES081/SA081S29	SES060	-1.43707	-63.3853	-61.9483
BLOCK08/SES081/SA081S29	SES117	-0.826748	-62.775	-61.9483
BLOCK08/SES081/SA081S29	SES275	-1.63911	-63.5874	-61.9483
BLOCK08/SES086/SA086S11	SES029	-5.94578	-69.357	-63.4112
BLOCK08/SES086/SA086S11	SES082	-2.18693	-65.5981	-63.4112
BLOCK08/SES086/SA086S11	SES087	-1.24945	-64.6606	-63.4112
BLOCK08/SES086/SA086S11	SES206	-2.29029	-65.7015	-63.4112
BLOCK08/SES086/SA086S12	SES029	-5.40778	-67.4022	-61.9944
BLOCK08/SES086/SA086S12	SES082	-1.2614	-63.2558	-61.9944
BLOCK08/SES086/SA086S12	SES087	-0.0962601	-62.0907	-61.9944
BLOCK08/SES086/SA086S12	SES206	-1.31649	-63.3109	-61.9944
BLOCK08/SES086/SA086S20	SES029	-5.85239	-66.9382	-61.0859
BLOCK08/SES086/SA086S20	SES082	-1.95922	-63.0451	-61.0859
BLOCK08/SES086/SA086S20	SES087	-0.606899	-61.6928	-61.0859
BLOCK08/SES086/SA086S20	SES206	-0.73267	-61.8185	-61.0859
BLOCK08/SES086/SA086S24	SES087	0.0953102	-61.9777	-62.073
BLOCK08/SES086/SA086S24	SES104	-1.62115	-63.6941	-62.073
BLOCK08/SES086/SA086S24	SES120	-4.41197	-66.485	-62.073
BLOCK08/SES086/SA086S24	SES206	-0.158089	-62.2311	-62.073
BLOCK08/SES086/SA086S28	SES029	-4.18782	-65.2436	-61.0558
BLOCK08/SES086/SA086S28	SES082	-1.64044	-62.6963	-61.0558
BLOCK08/SES086/SA086S28	SES087	0.00707626	-61.0487	-61.0558
BLOCK08/SES086/SA086S28	SES206	-1.02478	-62.0806	-61.0558
BLOCK08/SES089/SA089S13	SES087	-2.63153	-64.7106	-62.0791
BLOCK08/SES089/SA089S13	SES206	-2.60278	-64.6819	-62.0791
BLOCK08/SES089/SA089S13	SES226	-1.94656	-64.0257	-62.0791
BLOCK08/SES089/SA089S13	SES270	-3.51984	-65.5989	-62.0791
BLOCK08/SES089/SA089S14	SES062	-2.69994	-64.4848	-61.7849
BLOCK08/SES089/SA089S14	SES087	-1.51386	-63.2987	-61.7849
BLOCK08/SES089/SA089S14	SES206	-1.76326	-63.5481	-61.7849
BLOCK08/SES089/SA089S14	SES226	-0.941555	-62.7264	-61.7849
BLOCK08/SES089/SA089S23	SES087	-2.5315	-65.4918	-62.9603
BLOCK08/SES089/SA089S23	SES206	-2.71461	-65.6749	-62.9603
BLOCK08/SES089/SA089S23	SES226	-2.03304	-64.9934	-62.9603
BLOCK08/SES089/SA089S23	SES270	-3.33203	-66.2924	-62.9603
BLOCK08/SES089/SA089S25	SES062	-3.42931	-65.2386	-61.8093
BLOCK08/SES089/SA089S25	SES087	-1.84271	-63.652	-61.8093
BLOCK08/SES089/SA089S25	SES206	-2.14741	-63.9567	-61.8093
BLOCK08/SES089/SA089S25	SES226	-0.787537	-62.5968	-61.8093
BLOCK08/SES089/SA089S28	SES062	-2.6448	-64.8368	-62.192
BLOCK08/SES089/SA089S28	SES087	-1.50959	-63.7016	-62.192
BLOCK08/SES089/SA089S28	SES206	-1.28245	-63.4744	-62.192
BLOCK08/SES089/SA089S28	SES226	-0.763161	-62.9551	-62.192
BLOCK09/SES097/SA097S11	SES099	-0.729137	-62.9423	-62.2132
BLOCK09/SES097/SA097S11	SES125	-2.29605	-64.5092	-62.2132
BLOCK09/SES097/SA097S11	SES206	-1.69549	-63.9087	-62.2132
BLOCK09/SES097/SA097S11	SES226	-0.745789	-62.959	-62.2132
BLOCK09/SES097/SA097S14	SES062	-3.32808	-65.4497	-62.1216
BLOCK09/SES097/SA097S14	SES099	-1.82658	-63.9482	-62.1216
BLOCK09/SES097/SA097S14	SES104	-1.52283	-63.6444	-62.1216
BLOCK09/SES097/SA097S14	SES206	-1.7879	-63.9095	-62.1216
BLOCK09/SES097/SA097S22	SES099	-0.464806	-62.8229	-62.3581
BLOCK09/SES097/SA097S22	SES206	-1.47488	-63.8329	-62.3581
BLOCK09/SES097/SA097S22	SES226	-1.44256	-63.8006	-62.3581
BLOCK09/SES097/SA097S22	SES270	-0.516544	-62.8746	-62.3581
BLOCK09/SES097/SA097S26	SES099	-0.686554	-62.5145	-61.8279
BLOCK09/SES097/SA097S26	SES120	-3.98365	-65.8116	-61.8279
BLOCK09/SES097/SA097S26	SES206	-1.3258	-63.1537	-61.8279
BLOCK09/SES097/SA097S26	SES226	-1.63158	-63.4595	-61.8279
BLOCK09/SES097/SA097S28	SES099	-0.942005	-62.9668	-62.0248
BLOCK09/SES097/SA097S28	SES120	-3.41418	-65.4389	-62.0248
BLOCK09/SES097/SA097S28	SES206	-2.29299	-64.3177	-62.0248
BLOCK09/SES097/SA097S28	SES226	-2.07549	-64.1003	-62.0248
BLOCK09/SES098/SA098S11	SES127	-2.52159	-67.2165	-64.6949
BLOCK09/SES098/SA098S11	SES144	-1.08228	-65.7772	-64.6949
BLOCK09/SES098/SA098S11	SES147	-0.405342	-65.1003	-64.6949
BLOCK09/SES098/SA098S11	SES148	-2.30905	-67.004	-64.6949
BLOCK09/SES098/SA098S12	SES127	-4.45839	-70.0314	-65.573
BLOCK09/SES098/SA098S12	SES144	-1.83485	-67.4079	-65.573
BLOCK09/SES098/SA098S12	SES147	-0.877014	-66.45	-65.573
BLOCK09/SES098/SA098S12	SES189	-0.702858	-66.2759	-65.573
BLOCK09/SES098/SA098S20	SES127	-3.70731	-68.7244	-65.0171
BLOCK09/SES098/SA098S20	SES147	-0.00915527	-65.0262	-65.0171
BLOCK09/SES098/SA098S20	SES148	-2.76414	-67.7812	-65.0171
BLOCK09/SES098/SA098S20	SES292	-2.41476	-67.4318	-65.0171
BLOCK09/SES098/SA098S23	SES127	-2.29548	-66.2319	-63.9364
BLOCK09/SES098/SA098S23	SES147	-0.507103	-64.4436	-63.9364
BLOCK09/SES098/SA098S23	SES187	-1.10986	-65.0463	-63.9364
BLOCK09/SES098/SA098S23	SES292	-2.98278	-66.9192	-63.9364
BLOCK09/SES098/SA098S27	SES127	-2.59016	-67.0594	-64.4693
BLOCK09/SES098/SA098S27	SES147	-1.77972	-66.249	-64.4693
BLOCK09/SES098/SA098S27	SES148	-2.97585	-67.4451	-64.4693
BLOCK09/SES098/SA098S27	SES292	-2.97282	-67.4421	-64.4693
BLOCK10/SES102/SA102S13	SES101	-0.607563	-64.2263	-63.6188
BLOCK10/SES102/SA102S13	SES105	-1.68368	-65.3024	-63.6188
BLOCK10/SES102/SA102S13	SES120	-1.70432	-65.3231	-63.6188
BLOCK10/SES102/SA102S13	SES158	-7.68291	-71.3017	-63.6188
BLOCK10/SES102/SA102S14	SES007	-0.0113373	-62.0737	-62.0624
BLOCK10/SES102/SA102S14	SES101	-0.375538	-62.4379	-62.0624
BLOCK10/SES102/SA102S14	SES105	-0.167389	-62.2298	-62.0624
BLOCK10/SES102/SA102S14	SES147	-2.71082	-64.7732	-62.0624
BLOCK10/SES102/SA102S22	SES007	-1.02142	-63.437	-62.4156
BLOCK10/SES102/SA102S22	SES101	-0.325592	-62.7412	-62.4156
BLOCK10/SES102/SA102S22	SES105	-0.763744	-63.1793	-62.4156
BLOCK10/SES102/SA102S22	SES158	-4.51139	-66.927	-62.4156
BLOCK10/SES102/SA102S25	SES007	-0.767242	-63.0424	-62.2751
BLOCK10/SES102/SA102S25	SES101	-0.608116	-62.8833	-62.2751
BLOCK10/SES102/SA102S25	SES105	-0.816124	-63.0913	-62.2751
BLOCK10/SES102/SA102S25	SES147	-4.46151	-66.7366	-62.2751
BLOCK10/SES102/SA102S27	SES007	-1.11509	-63.9016	-62.7865
BLOCK10/SES102/SA102S27	SES101	-0.557423	-63.3439	-62.7865
BLOCK10/SES102/SA102S27	SES105	-0.62735	-63.4139	-62.7865
BLOCK10/SES102/SA102S27	SES147	-2.57156	-65.3581	-62.7865
BLOCK10/SES103/SA103S14	SES105	-4.24387	-67.3193	-63.0754
BLOCK10/SES103/SA103S14	SES106	-1.1706	-64.246	-63.0754
BLOCK10/SES103/SA103S14	SES120	-4.81778	-67.8932	-63.0754
BLOCK10/SES103/SA103S14	SES206	-1.77026	-64.8456	-63.0754
BLOCK10/SES103/SA103S15	SES099	-1.80835	-65.5048	-63.6964
BLOCK10/SES103/SA103S15	SES101	-5.39216	-69.0886	-63.6964
BLOCK10/SES103/SA103S15	SES104	-2.09952	-65.796	-63.6964
BLOCK10/SES103/SA103S15	SES125	-1.70084	-65.3973	-63.6964
BLOCK10/SES103/SA103S24	SES104	-2.45057	-64.7207	-62.2701
BLOCK10/SES103/SA103S24	SES125	-1.79419	-64.0643	-62.2701
BLOCK10/SES103/SA103S24	SES148	-3.68353	-65.9536	-62.2701
BLOCK10/SES103/SA103S24	SES158	-0.912903	-63.183	-62.2701
BLOCK10/SES103/SA103S26	SES104	-2.78137	-66.1079	-63.3266
BLOCK10/SES103/SA103S26	SES106	-2.03202	-65.3586	-63.3266
BLOCK10/SES103/SA103S26	SES125	-2.12543	-65.452	-63.3266
BLOCK10/SES103/SA103S26	SES148	-3.82318	-67.1498	-63.3266
BLOCK10/SES103/SA103S28	SES104	-3.17157	-66.9612	-63.7896
BLOCK10/SES103/SA103S28	SES106	-2.063	-65.8526	-63.7896
BLOCK10/SES103/SA103S28	SES125	-3.08865	-66.8783	-63.7896
BLOCK10/SES103/SA103S28	SES206	-3.7004	-67.49	-63.7896
BLOCK12/SES121/SA121S12	SES042	-2.60469	-67.0846	-64.4799
BLOCK12/SES121/SA121S12	SES087	-2.06287	-66.5427	-64.4799
BLOCK12/SES121/SA121S12	SES105	-2.70866	-67.1885	-64.4799
BLOCK12/SES121/SA121S12	SES206	-1.30056	-65.7804	-64.4799
BLOCK12/SES121/SA121S14	SES007	-3.79086	-68.707	-64.9161
BLOCK12/SES121/SA121S14	SES105	-3.91917	-68.8353	-64.9161
BLOCK12/SES121/SA121S14	SES106	-2.84605	-67.7621	-64.9161
BLOCK12/SES121/SA121S14	SES206	-2.33154	-67.2476	-64.9161
BLOCK12/SES121/SA121S23	SES105	-3.35176	-68.013	-64.6613
BLOCK12/SES121/SA121S23	SES106	-1.58169	-66.2429	-64.6613
BLOCK12/SES121/SA121S23	SES120	-4.05127	-68.7125	-64.6613
BLOCK12/SES121/SA121S23	SES206	-1.99015	-66.6514	-64.6613
BLOCK12/SES121/SA121S25	SES007	-3.75249	-69.1413	-65.3888
BLOCK12/SES121/SA121S25	SES105	-4.01518	-69.404	-65.3888
BLOCK12/SES121/SA121S25	SES106	-2.56945	-67.9583	-65.3888
BLOCK12/SES121/SA121S25	SES206	-2.38065	-67.7695	-65.3888
BLOCK12/SES121/SA121S27	SES087	-1.50244	-65.3322	-63.8298
BLOCK12/SES121/SA121S27	SES105	-4.55976	-68.3895	-63.8298
BLOCK12/SES121/SA121S27	SES120	-4.37623	-68.206	-63.8298
BLOCK12/SES121/SA121S27	SES206	-2.1125	-65.9423	-63.8298
BLOCK12/SES124/SA124S16	SES042	-1.01215	-63.2846	-62.2725
BLOCK12/SES124/SA124S16	SES082	-1.11641	-63.3889	-62.2725
BLOCK12/SES124/SA124S16	SES183	-4.80936	-67.0818	-62.2725
BLOCK12/SES124/SA124S16	SES206	-2.08262	-64.3551	-62.2725
BLOCK12/SES124/SA124S17	SES105	-2.91484	-66.2367	-63.3219
BLOCK12/SES124/SA124S17	SES149	-2.13914	-65.4611	-63.3219
BLOCK12/SES124/SA124S17	SES158	-2.2384	-65.5603	-63.3219
BLOCK12/SES124/SA124S17	SES275	-3.0156	-66.3375	-63.3219
BLOCK12/SES124/SA124S23	SES105	-4.02358	-64.2571	-60.2335
BLOCK12/SES124/SA124S23	SES125	-0.72385	-60.9574	-60.2335
BLOCK12/SES124/SA124S23	SES129	-4.90274	-65.1363	-60.2335
BLOCK12/SES124/SA124S23	SES158	-0.998676	-61.2322	-60.2335
BLOCK12/SES124/SA124S26	SES105	-5.04719	-66.6991	-61.6519
BLOCK12/SES124/SA124S26	SES125	-0.202866	-61.8547	-61.6519
BLOCK12/SES124/SA124S26	SES129	-5.12109	-66.773	-61.6519
BLOCK12/SES124/SA124S26	SES158	-1.61906	-63.2709	-61.6519
BLOCK12/SES124/SA124S28	SES104	-1.08014	-62.1754	-61.0952
BLOCK12/SES124/SA124S28	SES106	-1.00638	-62.1016	-61.0952
BLOCK12/SES124/SA124S28	SES125	-0.547436	-61.6427	-61.0952
BLOCK12/SES124/SA124S28	SES275	-4.13274	-65.228	-61.0952
BLOCK12/SES126/SA126S13	SES007	-2.53445	-67.7574	-65.223
BLOCK12/SES126/SA126S13	SES162	-1.94356	-67.1665	-65.223
BLOCK12/SES126/SA126S13	SES177	-2.0881	-67.3111	-65.223
BLOCK12/SES126/SA126S13	SES180	-1.94519	-67.1682	-65.223
BLOCK12/SES126/SA126S14	SES144	-1.18309	-64.3869	-63.2038
BLOCK12/SES126/SA126S14	SES148	-1.42833	-64.6322	-63.2038
BLOCK12/SES126/SA126S14	SES177	-0.787258	-63.9911	-63.2038
BLOCK12/SES126/SA126S14	SES180	-0.860371	-64.0642	-63.2038
BLOCK12/SES126/SA126S20	SES007	-2.44547	-65.4098	-62.9644
BLOCK12/SES126/SA126S20	SES162	-1.8954	-64.8598	-62.9644
BLOCK12/SES126/SA126S20	SES172	-5.46484	-68.4292	-62.9644
BLOCK12/SES126/SA126S20	SES180	-1.61232	-64.5767	-62.9644
BLOCK12/SES126/SA126S24	SES120	-1.01249	-64.0344	-63.0219
BLOCK12/SES126/SA126S24	SES162	-1.04017	-64.0621	-63.0219
BLOCK12/SES126/SA126S24	SES177	-0.902336	-63.9243	-63.0219
BLOCK12/SES126/SA126S24	SES180	-0.229687	-63.2516	-63.0219
BLOCK12/SES126/SA126S26	SES120	-1.06709	-65.0712	-64.0041
BLOCK12/SES126/SA126S26	SES177	-0.973183	-64.9773	-64.0041
BLOCK12/SES126/SA126S26	SES180	-1.51115	-65.5152	-64.0041
BLOCK12/SES126/SA126S26	SES202	-2.34005	-66.3441	-64.0041
BLOCK12/SES128/SA128S10	SES087	-3.16887	-65.3372	-62.1683
BLOCK12/SES128/SA128S10	SES206	-2.05397	-64.2223	-62.1683
BLOCK12/SES128/SA128S10	SES226	-1.10635	-63.2746	-62.1683
BLOCK12/SES128/SA128S10	SES270	-1.52288	-63.6912	-62.1683
BLOCK12/SES128/SA128S12	SES120	-3.91661	-66.0474	-62.1308
BLOCK12/SES128/SA128S12	SES158	-1.84981	-63.9806	-62.1308
BLOCK12/SES128/SA128S12	SES206	-2.11484	-64.2456	-62.1308
BLOCK12/SES128/SA128S12	SES226	-1.70247	-63.8332	-62.1308
BLOCK12/SES128/SA128S21	SES106	-4.45256	-67.992	-63.5395
BLOCK12/SES128/SA128S21	SES120	-3.24659	-66.7861	-63.5395
BLOCK12/SES128/SA128S21	SES206	-3.9148	-67.4543	-63.5395
BLOCK12/SES128/SA128S21	SES226	-2.32339	-65.8629	-63.5395
BLOCK12/SES128/SA128S24	SES087	-4.21144	-67.806	-63.5945
BLOCK12/SES128/SA128S24	SES120	-2.4052	-65.9997	-63.5945
BLOCK12/SES128/SA128S24	SES206	-3.38561	-66.9801	-63.5945
BLOCK12/SES128/SA128S24	SES226	-2.74165	-66.3362	-63.5945
BLOCK12/SES128/SA128S27	SES099	-1.82984	-64.2317	-62.4019
BLOCK12/SES128/SA128S27	SES120	-2.2336	-64.6355	-62.4019
BLOCK12/SES128/SA128S27	SES206	-2.42758	-64.8294	-62.4019
BLOCK12/SES128/SA128S27	SES226	-1.65922	-64.0611	-62.4019
BLOCK13/SES130/SA130S13	SES143	-2.51819	-67.0472	-64.529
BLOCK13/SES130/SA130S13	SES144	-0.514709	-65.0437	-64.529
BLOCK13/SES130/SA130S13	SES146	-0.778252	-65.3072	-64.529
BLOCK13/SES130/SA130S13	SES275	-2.75201	-67.281	-64.529
BLOCK13/SES130/SA130S15	SES143	-1.8513	-65.3412	-63.4899
BLOCK13/SES130/SA130S15	SES144	-0.537621	-64.0275	-63.4899
BLOCK13/SES130/SA130S15	SES146	-0.668205	-64.1581	-63.4899
BLOCK13/SES130/SA130S15	SES275	-0.949684	-64.4396	-63.4899
BLOCK13/SES130/SA130S23	SES127	-2.88701	-67.6416	-64.7546
BLOCK13/SES130/SA130S23	SES144	-0.897858	-65.6524	-64.7546
BLOCK13/SES130/SA130S23	SES146	-0.173874	-64.9285	-64.7546
BLOCK13/SES130/SA130S23	SES162	-1.39438	-66.149	-64.7546
BLOCK13/SES130/SA130S25	SES127	-2.66783	-65.529	-62.8612
BLOCK13/SES130/SA130S25	SES144	-0.174664	-63.0359	-62.8612
BLOCK13/SES130/SA130S25	SES146	-0.598904	-63.4601	-62.8612
BLOCK13/SES130/SA130S25	SES275	-0.791451	-63.6526	-62.8612
BLOCK13/SES130/SA130S28	SES127	-1.80796	-65.0025	-63.1945
BLOCK13/SES130/SA130S28	SES144	-0.767357	-63.9619	-63.1945
BLOCK13/SES130/SA130S28	SES146	-1.1492	-64.3437	-63.1945
BLOCK13/SES130/SA130S28	SES275	-0.932858	-64.1274	-63.1945
BLOCK13/SES131/SA131S13	SES002	-3.4944	-68.0723	-64.5779
BLOCK13/SES131/SA131S13	SES007	-3.91441	-68.4923	-64.5779
BLOCK13/SES131/SA131S13	SES099	-2.53355	-67.1114	-64.5779
BLOCK13/SES131/SA131S13	SES105	-3.36764	-67.9455	-64.5779
BLOCK13/SES131/SA131S14	SES104	-1.5668	-63.8713	-62.3045
BLOCK13/SES131/SA131S14	SES106	-0.948666	-63.2532	-62.3045
BLOCK13/SES131/SA131S14	SES125	-1.41445	-63.7189	-62.3045
BLOCK13/SES131/SA131S14	SES148	-2.44949	-64.754	-62.3045
BLOCK13/SES131/SA131S20	SES104	-2.39545	-66.118	-63.7225
BLOCK13/SES131/SA131S20	SES106	-1.09401	-64.8165	-63.7225
BLOCK13/SES131/SA131S20	SES125	-1.98678	-65.7093	-63.7225
BLOCK13/SES131/SA131S20	SES148	-4.01102	-67.7335	-63.7225
BLOCK13/SES131/SA131S22	SES099	-1.80003	-64.6322	-62.8321
BLOCK13/SES131/SA131S22	SES104	-2.10868	-64.9408	-62.8321
BLOCK13/SES131/SA131S22	SES125	-1.94023	-64.7724	-62.8321
BLOCK13/SES131/SA131S22	SES206	-2.4785	-65.3106	-62.8321
BLOCK13/SES131/SA131S29	SES087	-2.00358	-65.4146	-63.4111
BLOCK13/SES131/SA131S29	SES104	-2.60442	-66.0155	-63.4111
BLOCK13/SES131/SA131S29	SES125	-2.54604	-65.9571	-63.4111
BLOCK13/SES131/SA131S29	SES206	-2.07806	-65.4891	-63.4111
BLOCK13/SES132/SA132S11	SES083	-1.64678	-64.0611	-62.4143
BLOCK13/SES132/SA132S11	SES120	-0.0836792	-62.498	-62.4143
BLOCK13/SES132/SA132S11	SES127	-0.883354	-63.2976	-62.4143
BLOCK13/SES132/SA132S11	SES275	-1.42211	-63.8364	-62.4143
BLOCK13/SES132/SA132S12	SES083	-1.45406	-63.8764	-62.4223
BLOCK13/SES132/SA132S12	SES143	-0.913036	-63.3353	-62.4223
BLOCK13/SES132/SA132S12	SES144	-1.04893	-63.4712	-62.4223
BLOCK13/SES132/SA132S12	SES148	-0.897114	-63.3194	-62.4223
BLOCK13/SES132/SA132S22	SES062	-0.619862	-62.9174	-62.2976
BLOCK13/SES132/SA132S22	SES083	-0.785564	-63.0831	-62.2976
BLOCK13/SES132/SA132S22	SES127	-0.828854	-63.1264	-62.2976
BLOCK13/SES132/SA132S22	SES275	-0.977085	-63.2746	-62.2976
BLOCK13/SES132/SA132S24	SES007	-0.630127	-63.1002	-62.4701
BLOCK13/SES132/SA132S24	SES083	-1.51243	-63.9825	-62.4701
BLOCK13/SES132/SA132S24	SES127	-1.02278	-63.4928	-62.4701
BLOCK13/SES132/SA132S24	SES275	-1.3008	-63.7709	-62.4701
BLOCK13/SES132/SA132S27	SES083	-1.6589	-64.6523	-62.9934
BLOCK13/SES132/SA132S27	SES120	-0.168758	-63.1621	-62.9934
BLOCK13/SES132/SA132S27	SES127	-1.63219	-64.6256	-62.9934
BLOCK13/SES132/SA132S27	SES275	-1.32997	-64.3233	-62.9934
BLOCK14/SES141/SA141S09	SES143	-0.552082	-63.5351	-62.983
BLOCK14/SES141/SA141S09	SES144	-0.918579	-63.9016	-62.983
BLOCK14/SES141/SA141S09	SES162	-0.983459	-63.9665	-62.983
BLOCK14/SES141/SA141S09	SES180	-0.983723	-63.9667	-62.983
BLOCK14/SES141/SA141S15	SES127	-1.35894	-65.0277	-63.6688
BLOCK14/SES141/SA141S15	SES144	-0.98592	-64.6547	-63.6688
BLOCK14/SES141/SA141S15	SES162	-0.908031	-64.5768	-63.6688
BLOCK14/SES141/SA141S15	SES180	-0.552753	-64.2215	-63.6688
BLOCK14/SES141/SA141S24	SES127	-0.645943	-63.9494	-63.3034
BLOCK14/SES141/SA141S24	SES144	-1.37358	-64.677	-63.3034
BLOCK14/SES141/SA141S24	SES162	-0.371758	-63.6752	-63.3034
BLOCK14/SES141/SA141S24	SES183	-2.0424	-65.3458	-63.3034
BLOCK14/SES141/SA141S26	SES142	-1.53659	-65.4324	-63.8958
BLOCK14/SES141/SA141S26	SES144	-1.27491	-65.1707	-63.8958
BLOCK14/SES141/SA141S26	SES172	-1.76342	-65.6592	-63.8958
BLOCK14/SES141/SA141S26	SES180	-0.815327	-64.7111	-63.8958
BLOCK14/SES141/SA141S29	SES127	-0.261581	-63.3078	-63.0463
BLOCK14/SES141/SA141S29	SES142	-0.369438	-63.4157	-63.0463
BLOCK14/SES141/SA141S29	SES144	-1.2229	-64.2691	-63.0463
BLOCK14/SES141/SA141S29	SES180	-0.401428	-63.4477	-63.0463
BLOCK15/SES157/SA157S08	SES083	-2.32499	-65.5984	-63.2734
BLOCK15/SES157/SA157S08	SES127	-1.84964	-65.1231	-63.2734
BLOCK15/SES157/SA157S08	SES148	-0.644829	-63.9183	-63.2734
BLOCK15/SES157/SA157S08	SES292	-1.9694	-65.2429	-63.2734
BLOCK15/SES157/SA157S11	SES083	-1.82047	-64.7297	-62.9092
BLOCK15/SES157/SA157S11	SES127	-2.7844	-65.6936	-62.9092
BLOCK15/SES157/SA157S11	SES148	-1.43245	-64.3416	-62.9092
BLOCK15/SES157/SA157S11	SES292	-2.19928	-65.1085	-62.9092
BLOCK15/SES157/SA157S21	SES127	-2.33138	-65.0291	-62.6977
BLOCK15/SES157/SA157S21	SES148	-1.11975	-63.8175	-62.6977
BLOCK15/SES157/SA157S21	SES158	-5.29643	-67.9942	-62.6977
BLOCK15/SES157/SA157S21	SES292	-1.36169	-64.0594	-62.6977
BLOCK15/SES157/SA157S24	SES127	-2.50027	-65.2556	-62.7553
BLOCK15/SES157/SA157S24	SES148	-1.10235	-63.8577	-62.7553
BLOCK15/SES157/SA157S24	SES183	-2.00983	-64.7652	-62.7553
BLOCK15/SES157/SA157S24	SES292	-1.99491	-64.7503	-62.7553
BLOCK15/SES157/SA157S26	SES007	-1.0842	-63.6735	-62.5893
BLOCK15/SES157/SA157S26	SES127	-1.3894	-63.9787	-62.5893
BLOCK15/SES157/SA157S26	SES147	-3.29321	-65.8825	-62.5893
BLOCK15/SES157/SA157S26	SES148	-0.972137	-63.5615	-62.5893
BLOCK16/SES161/SA161S10	SES007	-2.96188	-67.1669	-64.205
BLOCK16/SES161/SA161S10	SES105	-1.95507	-66.1601	-64.205
BLOCK16/SES161/SA161S10	SES158	-3.18331	-67.3883	-64.205
BLOCK16/SES161/SA161S10	SES275	-2.3544	-66.5594	-64.205
BLOCK16/SES161/SA161S12	SES007	-1.65681	-65.5073	-63.8505
BLOCK16/SES161/SA161S12	SES105	-2.39621	-66.2467	-63.8505
BLOCK16/SES161/SA161S12	SES158	-1.92893	-65.7794	-63.8505
BLOCK16/SES161/SA161S12	SES275	-1.29996	-65.1504	-63.8505
BLOCK16/SES161/SA161S20	SES007	-2.63528	-67.8331	-65.1978
BLOCK16/SES161/SA161S20	SES105	-2.74306	-67.9408	-65.1978
BLOCK16/SES161/SA161S20	SES158	-2.30903	-67.5068	-65.1978
BLOCK16/SES161/SA161S20	SES275	-2.6821	-67.8799	-65.1978
BLOCK16/SES161/SA161S23	SES007	-2.86592	-66.0121	-63.1462
BLOCK16/SES161/SA161S23	SES105	-2.01591	-65.1621	-63.1462
BLOCK16/SES161/SA161S23	SES148	-2.99706	-66.1433	-63.1462
BLOCK16/SES161/SA161S23	SES158	-1.89516	-65.0414	-63.1462
BLOCK16/SES161/SA161S28	SES007	-2.92734	-66.6014	-63.674
BLOCK16/SES161/SA161S28	SES105	-2.83579	-66.5098	-63.674
BLOCK16/SES161/SA161S28	SES158	-1.51727	-65.1913	-63.674
BLOCK16/SES161/SA161S28	SES206	-2.52705	-66.2011	-63.674
BLOCK16/SES164/SA164S11	SES104	-2.46906	-63.877	-61.4079
BLOCK16/SES164/SA164S11	SES125	-1.16293	-62.5708	-61.4079
BLOCK16/SES164/SA164S11	SES158	-0.468075	-61.876	-61.4079
BLOCK16/SES164/SA164S11	SES206	-2.05135	-63.4592	-61.4079
BLOCK16/SES164/SA164S13	SES099	-1.07726	-63.4612	-62.384
BLOCK16/SES164/SA164S13	SES104	-2.25002	-64.634	-62.384
BLOCK16/SES164/SA164S13	SES125	-2.04225	-64.4262	-62.384
BLOCK16/SES164/SA164S13	SES206	-2.11671	-64.5007	-62.384
BLOCK16/SES164/SA164S24	SES002	-1.56658	-63.3561	-61.7895
BLOCK16/SES164/SA164S24	SES099	-0.97406	-62.7636	-61.7895
BLOCK16/SES164/SA164S24	SES125	-2.04773	-63.8372	-61.7895
BLOCK16/SES164/SA164S24	SES226	-1.41306	-63.2026	-61.7895
BLOCK16/SES164/SA164S27	SES087	-3.35645	-65.9529	-62.5964
BLOCK16/SES164/SA164S27	SES125	-2.05231	-64.6487	-62.5964
BLOCK16/SES164/SA164S27	SES206	-2.28909	-64.8855	-62.5964
BLOCK16/SES164/SA164S27	SES226	-1.93512	-64.5315	-62.5964
BLOCK16/SES164/SA164S29	SES002	-0.696705	-62.2745	-61.5778
BLOCK16/SES164/SA164S29	SES019	-2.10385	-63.6817	-61.5778
BLOCK16/SES164/SA164S29	SES125	-1.48494	-63.0628	-61.5778
BLOCK16/SES164/SA164S29	SES226	-1.65977	-63.2376	-61.5778
BLOCK16/SES169/SA169S13	SES117	-1.91018	-65.2781	-63.3679
BLOCK16/SES169/SA169S13	SES144	-1.25049	-64.6184	-63.3679
BLOCK16/SES169/SA169S13	SES146	-0.899361	-64.2673	-63.3679
BLOCK16/SES169/SA169S13	SES162	-2.1565	-65.5244	-63.3679
BLOCK16/SES169/SA169S14	SES144	-0.739838	-63.1947	-62.4549
BLOCK16/SES169/SA169S14	SES148	-0.853737	-63.3086	-62.4549
BLOCK16/SES169/SA169S14	SES177	-1.53375	-63.9886	-62.4549
BLOCK16/SES169/SA169S14	SES180	-2.87854	-65.3334	-62.4549
BLOCK16/SES169/SA169S24	SES117	-1.21911	-65.0978	-63.8787
BLOCK16/SES169/SA169S24	SES144	-0.921196	-64.7999	-63.8787
BLOCK16/SES169/SA169S24	SES146	-1.13754	-65.0163	-63.8787
BLOCK16/SES169/SA169S24	SES162	-2.27692	-66.1556	-63.8787
BLOCK16/SES169/SA169S27	SES127	-1.37545	-64.7189	-63.3434
BLOCK16/SES169/SA169S27	SES129	-1.11172	-64.4552	-63.3434
BLOCK16/SES169/SA169S27	SES144	-1.29615	-64.6396	-63.3434
BLOCK16/SES169/SA169S27	SES146	-0.598469	-63.9419	-63.3434
BLOCK16/SES169/SA169S29	SES144	-0.967976	-63.9097	-62.9417
BLOCK16/SES169/SA169S29	SES162	-1.78461	-64.7263	-62.9417
BLOCK16/SES169/SA169S29	SES177	-2.2826	-65.2243	-62.9417
BLOCK16/SES169/SA169S29	SES180	-2.01632	-64.958	-62.9417
BLOCK17/SES171/SA171S12	SES083	-1.39176	-64.7178	-63.326
BLOCK17/SES171/SA171S12	SES148	-1.14759	-64.4736	-63.326
BLOCK17/SES171/SA171S12	SES172	-2.02937	-65.3554	-63.326
BLOCK17/SES171/SA171S12	SES292	-2.36962	-65.6956	-63.326
BLOCK17/SES171/SA171S15	SES148	-1.83237	-65.8602	-64.0278
BLOCK17/SES171/SA171S15	SES177	-1.31601	-65.3438	-64.0278
BLOCK17/SES171/SA171S15	SES180	-2.89513	-66.9229	-64.0278
BLOCK17/SES171/SA171S15	SES292	-3.65139	-67.6792	-64.0278
BLOCK17/SES171/SA171S22	SES007	-1.74439	-64.3193	-62.575
BLOCK17/SES171/SA171S22	SES148	-1.0228	-63.5978	-62.575
BLOCK17/SES171/SA171S22	SES177	-0.645252	-63.2202	-62.575
BLOCK17/SES171/SA171S22	SES180	-1.87378	-64.4487	-62.575
BLOCK17/SES171/SA171S25	SES101	-2.60776	-66.8461	-64.2384
BLOCK17/SES171/SA171S25	SES120	-3.73621	-67.9746	-64.2384
BLOCK17/SES171/SA171S25	SES177	-0.928238	-65.1666	-64.2384
BLOCK17/SES171/SA171S25	SES180	-1.92481	-66.1632	-64.2384
BLOCK17/SES171/SA171S27	SES177	-0.666588	-64.0098	-63.3432
BLOCK17/SES171/SA171S27	SES180	-1.86478	-65.208	-63.3432
BLOCK17/SES171/SA171S27	SES189	-0.730171	-64.0734	-63.3432
BLOCK17/SES171/SA171S27	SES292	-2.73267	-66.0759	-63.3432
BLOCK17/SES173/SA173S13	SES162	-2.30724	-67.0269	-64.7196
BLOCK17/SES173/SA173S13	SES177	-1.99166	-66.7113	-64.7196
BLOCK17/SES173/SA173S13	SES180	-2.1867	-66.9063	-64.7196
BLOCK17/SES173/SA173S13	SES292	-3.36006	-68.0797	-64.7196
BLOCK17/SES173/SA173S14	SES007	-3.37075	-68.1991	-64.8283
BLOCK17/SES173/SA173S14	SES162	-1.90504	-66.7334	-64.8283
BLOCK17/SES173/SA173S14	SES177	-1.23845	-66.0668	-64.8283
BLOCK17/SES173/SA173S14	SES180	-2.14246	-66.9708	-64.8283
BLOCK17/SES173/SA173S24	SES144	-1.31965	-66.6446	-65.325
BLOCK17/SES173/SA173S24	SES162	-2.01179	-67.3368	-65.325
BLOCK17/SES173/SA173S24	SES177	-1.79382	-67.1188	-65.325
BLOCK17/SES173/SA173S24	SES180	-1.71445	-67.0394	-65.325
BLOCK17/SES173/SA173S27	SES162	-2.96665	-67.565	-64.5983
BLOCK17/SES173/SA173S27	SES177	-1.16316	-65.7615	-64.5983
BLOCK17/SES173/SA173S27	SES180	-1.97683	-66.5751	-64.5983
BLOCK17/SES173/SA173S27	SES292	-4.20825	-68.8066	-64.5983
BLOCK17/SES173/SA173S29	SES162	-1.89101	-66.5579	-64.6669
BLOCK17/SES173/SA173S29	SES175	-0.633133	-65.3	-64.6669
BLOCK17/SES173/SA173S29	SES177	-1.36459	-66.0315	-64.6669
BLOCK17/SES173/SA173S29	SES292	-3.67471	-68.3416	-64.6669
BLOCK18/SES182/SA182S10	SES144	-1.40402	-64.2765	-62.8725
BLOCK18/SES182/SA182S10	SES177	-1.46826	-64.3407	-62.8725
BLOCK18/SES182/SA182S10	SES180	-2.39248	-65.2649	-62.8725
BLOCK18/SES182/SA182S10	SES275	-1.36161	-64.2341	-62.8725
BLOCK18/SES182/SA182S12	SES144	-0.9501	-63.2428	-62.2927
BLOCK18/SES182/SA182S12	SES177	-1.17772	-63.4704	-62.2927
BLOCK18/SES182/SA182S12	SES180	-1.1963	-63.489	-62.2927
BLOCK18/SES182/SA182S12	SES275	-1.43585	-63.7286	-62.2927
BLOCK18/SES182/SA182S21	SES117	-0.882355	-64.7962	-63.9138
BLOCK18/SES182/SA182S21	SES144	-1.70403	-65.6178	-63.9138
BLOCK18/SES182/SA182S21	SES162	-0.734322	-64.6481	-63.9138
BLOCK18/SES182/SA182S21	SES180	-1.76702	-65.6808	-63.9138
BLOCK18/SES182/SA182S23	SES117	-0.880016	-64.431	-63.551
BLOCK18/SES182/SA182S23	SES144	-1.70375	-65.2547	-63.551
BLOCK18/SES182/SA182S23	SES180	-1.34114	-64.8921	-63.551
BLOCK18/SES182/SA182S23	SES275	-1.68788	-65.2389	-63.551
BLOCK18/SES182/SA182S25	SES007	-0.534168	-64.0374	-63.5032
BLOCK18/SES182/SA182S25	SES162	-0.394455	-63.8976	-63.5032
BLOCK18/SES182/SA182S25	SES177	-0.340172	-63.8434	-63.5032
BLOCK18/SES182/SA182S25	SES180	-0.97105	-64.4742	-63.5032
BLOCK18/SES184/SA184S12	SES177	-1.28981	-64.6268	-63.337
BLOCK18/SES184/SA184S12	SES180	-1.22112	-64.5581	-63.337
BLOCK18/SES184/SA184S12	SES189	-2.43275	-65.7698	-63.337
BLOCK18/SES184/SA184S12	SES292	-2.03565	-65.3727	-63.337
BLOCK18/SES184/SA184S13	SES101	-1.31863	-64.8764	-63.5578
BLOCK18/SES184/SA184S13	SES177	-1.32493	-64.8827	-63.5578
BLOCK18/SES184/SA184S13	SES180	-1.75658	-65.3144	-63.5578
BLOCK18/SES184/SA184S13	SES292	-1.2654	-64.8232	-63.5578
BLOCK18/SES184/SA184S22	SES177	-1.8423	-64.259	-62.4167
BLOCK18/SES184/SA184S22	SES180	-1.38733	-63.8041	-62.4167
BLOCK18/SES184/SA184S22	SES189	-2.58718	-65.0039	-62.4167
BLOCK18/SES184/SA184S22	SES292	-1.88123	-64.298	-62.4167
BLOCK18/SES184/SA184S25	SES101	-0.668037	-63.0463	-62.3783
BLOCK18/SES184/SA184S25	SES177	-1.98717	-64.3655	-62.3783
BLOCK18/SES184/SA184S25	SES180	-1.51339	-63.8917	-62.3783
BLOCK18/SES184/SA184S25	SES292	-1.02929	-63.4076	-62.3783
BLOCK18/SES184/SA184S27	SES083	-1.55148	-64.3183	-62.7668
BLOCK18/SES184/SA184S27	SES177	-1.20697	-63.9738	-62.7668
BLOCK18/SES184/SA184S27	SES202	-3.16441	-65.9312	-62.7668
BLOCK18/SES184/SA184S27	SES292	-1.76976	-64.5366	-62.7668
BLOCK20/SES204/SA204S12	SES062	-2.98846	-64.6116	-61.6231
BLOCK20/SES204/SA204S12	SES083	-3.18602	-64.8091	-61.6231
BLOCK20/SES204/SA204S12	SES206	-1.26652	-62.8896	-61.6231
BLOCK20/SES204/SA204S12	SES226	-2.0183	-63.6414	-61.6231
BLOCK20/SES204/SA204S14	SES068	-3.51022	-64.2463	-60.7361
BLOCK20/SES204/SA204S14	SES087	-1.0497	-61.7858	-60.7361
BLOCK20/SES204/SA204S14	SES206	-1.34559	-62.0817	-60.7361
BLOCK20/SES204/SA204S14	SES226	-2.09721	-62.8333	-60.7361
BLOCK20/SES204/SA204S22	SES068	-4.28351	-65.4573	-61.1738
BLOCK20/SES204/SA204S22	SES082	-3.25039	-64.4242	-61.1738
BLOCK20/SES204/SA204S22	SES083	-3.75087	-64.9247	-61.1738
BLOCK20/SES204/SA204S22	SES206	-1.60958	-62.7834	-61.1738
BLOCK20/SES204/SA204S25	SES062	-4.44676	-65.7973	-61.3505
BLOCK20/SES204/SA204S25	SES083	-4.04127	-65.3918	-61.3505
BLOCK20/SES204/SA204S25	SES206	-1.06717	-62.4177	-61.3505
BLOCK20/SES204/SA204S25	SES226	-2.07644	-63.427	-61.3505
BLOCK20/SES204/SA204S27	SES068	-4.37409	-66.6725	-62.2985
BLOCK20/SES204/SA204S27	SES082	-2.43929	-64.7377	-62.2985
BLOCK20/SES204/SA204S27	SES087	-1.29577	-63.5942	-62.2985
BLOCK20/SES204/SA204S27	SES206	-1.08594	-63.3844	-62.2985
BLOCK20/SES207/SA207S10	SES127	-0.814903	-64.2421	-63.4272
BLOCK20/SES207/SA207S10	SES183	-1.03676	-64.464	-63.4272
BLOCK20/SES207/SA207S10	SES189	-1.38234	-64.8095	-63.4272
BLOCK20/SES207/SA207S10	SES292	-1.87434	-65.3016	-63.4272
BLOCK20/SES207/SA207S11	SES127	-2.17619	-64.6548	-62.4787
BLOCK20/SES207/SA207S11	SES183	-2.09872	-64.5774	-62.4787
BLOCK20/SES207/SA207S11	SES187	-1.33871	-63.8174	-62.4787
BLOCK20/SES207/SA207S11	SES292	-2.50781	-64.9865	-62.4787
BLOCK20/SES207/SA207S25	SES068	-1.74141	-65.4132	-63.6718
BLOCK20/SES207/SA207S25	SES083	-1.8208	-65.4926	-63.6718
BLOCK20/SES207/SA207S25	SES127	-1.14697	-64.8187	-63.6718
BLOCK20/SES207/SA207S25	SES187	-0.683998	-64.3558	-63.6718
BLOCK20/SES207/SA207S27	SES127	-1.16859	-65.0365	-63.8679
BLOCK20/SES207/SA207S27	SES183	-0.934471	-64.8024	-63.8679
BLOCK20/SES207/SA207S27	SES187	-0.979492	-64.8474	-63.8679
BLOCK20/SES207/SA207S27	SES292	-1.90355	-65.7715	-63.8679
BLOCK20/SES207/SA207S29	SES083	-1.36936	-64.5136	-63.1442
BLOCK20/SES207/SA207S29	SES085	-1.32792	-64.4721	-63.1442
BLOCK20/SES207/SA207S29	SES172	-1.38127	-64.5255	-63.1442
BLOCK20/SES207/SA207S29	SES189	-1.16516	-64.3094	-63.1442
BLOCK22/SES221/SA221S12	SES068	-2.74524	-65.9387	-63.1935
BLOCK22/SES221/SA221S12	SES143	-1.17998	-64.3735	-63.1935
BLOCK22/SES221/SA221S12	SES175	-0.873596	-64.0671	-63.1935
BLOCK22/SES221/SA221S12	SES202	-0.869362	-64.0628	-63.1935
BLOCK22/SES221/SA221S15	SES085	-3.18394	-67.8756	-64.6916
BLOCK22/SES221/SA221S15	SES143	-1.44872	-66.1404	-64.6916
BLOCK22/SES221/SA221S15	SES175	-1.08945	-65.7811	-64.6916
BLOCK22/SES221/SA221S15	SES187	-1.21664	-65.9083	-64.6916
BLOCK22/SES221/SA221S23	SES068	-3.56322	-67.2117	-63.6485
BLOCK22/SES221/SA221S23	SES143	-1.45628	-65.1047	-63.6485
BLOCK22/SES221/SA221S23	SES175	-0.415405	-64.0639	-63.6485
BLOCK22/SES221/SA221S23	SES189	0.702541	-62.9459	-63.6485
BLOCK22/SES221/SA221S27	SES085	-3.60166	-67.3267	-63.725
BLOCK22/SES221/SA221S27	SES143	-1.11003	-64.835	-63.725
BLOCK22/SES221/SA221S27	SES175	-0.856533	-64.5815	-63.725
BLOCK22/SES221/SA221S27	SES189	1.07372	-62.6513	-63.725
BLOCK22/SES221/SA221S29	SES085	-5.11823	-70.4649	-65.3467
BLOCK22/SES221/SA221S29	SES143	-1.33081	-66.6775	-65.3467
BLOCK22/SES221/SA221S29	SES175	-1.63028	-66.9769	-65.3467
BLOCK22/SES221/SA221S29	SES187	-0.196037	-65.5427	-65.3467
BLOCK22/SES223/SA223S11	SES143	-0.869667	-65.1568	-64.2872
BLOCK22/SES223/SA223S11	SES144	-1.62682	-65.914	-64.2872
BLOCK22/SES223/SA223S11	SES175	-0.977028	-65.2642	-64.2872
BLOCK22/SES223/SA223S11	SES187	-0.666969	-64.9541	-64.2872
BLOCK22/SES223/SA223S13	SES068	-2.7513	-67.551	-64.7997
BLOCK22/SES223/SA223S13	SES143	-2.19584	-66.9955	-64.7997
BLOCK22/SES223/SA223S13	SES146	-2.09911	-66.8988	-64.7997
BLOCK22/SES223/SA223S13	SES202	-2.03657	-66.8363	-64.7997
BLOCK22/SES223/SA223S22	SES143	-1.13315	-65.3266	-64.1935
BLOCK22/SES223/SA223S22	SES144	-1.92094	-66.1144	-64.1935
BLOCK22/SES223/SA223S22	SES175	-1.2543	-65.4477	-64.1935
BLOCK22/SES223/SA223S22	SES187	-1.55156	-65.745	-64.1935
BLOCK22/SES223/SA223S25	SES068	-2.67759	-66.9379	-64.2603
BLOCK22/SES223/SA223S25	SES143	-1.35136	-65.6116	-64.2603
BLOCK22/SES223/SA223S25	SES175	-0.722534	-64.9828	-64.2603
BLOCK22/SES223/SA223S25	SES187	-0.977341	-65.2376	-64.2603
BLOCK22/SES223/SA223S27	SES143	-0.868462	-65.565	-64.6966
BLOCK22/SES223/SA223S27	SES146	-1.13724	-65.8338	-64.6966
BLOCK22/SES223/SA223S27	SES187	-1.01115	-65.7077	-64.6966
BLOCK22/SES223/SA223S27	SES292	-2.77131	-67.4679	-64.6966
BLOCK27/SES273/SA273S12	SES099	-1.17602	-60.8169	-59.6408
BLOCK27/SES273/SA273S12	SES104	-0.824886	-60.4657	-59.6408
BLOCK27/SES273/SA273S12	SES125	-0.969521	-60.6104	-59.6408
BLOCK27/SES273/SA273S12	SES206	-0.864559	-60.5054	-59.6408
BLOCK27/SES273/SA273S13	SES099	-1.20615	-61.2271	-60.0209
BLOCK27/SES273/SA273S13	SES104	-1.0595	-61.0804	-60.0209
BLOCK27/SES273/SA273S13	SES206	-0.643757	-60.6647	-60.0209
BLOCK27/SES273/SA273S13	SES292	-3.96577	-63.9867	-60.0209
BLOCK27/SES273/SA273S21	SES099	-0.563156	-60.9606	-60.3975
BLOCK27/SES273/SA273S21	SES148	-3.27935	-63.6768	-60.3975
BLOCK27/SES273/SA273S21	SES149	-0.934582	-61.3321	-60.3975
BLOCK27/SES273/SA273S21	SES177	-3.81604	-64.2135	-60.3975
BLOCK27/SES273/SA273S25	SES104	-1.14843	-61.2647	-60.1163
BLOCK27/SES273/SA273S25	SES125	-0.632511	-60.7488	-60.1163
BLOCK27/SES273/SA273S25	SES158	-0.613781	-60.7301	-60.1163
BLOCK27/SES273/SA273S25	SES206	-0.0482941	-60.1646	-60.1163
BLOCK27/SES273/SA273S27	SES099	-0.465385	-60.9953	-60.5299
BLOCK27/SES273/SA273S27	SES104	-1.29	-61.8199	-60.5299
BLOCK27/SES273/SA273S27	SES149	-1.12686	-61.6568	-60.5299
BLOCK27/SES273/SA273S27	SES275	-2.27516	-62.8051	-60.5299
BLOCK27/SES274/SA274S10	SES105	-2.27349	-63.4365	-61.163
BLOCK27/SES274/SA274S10	SES125	-0.797604	-61.9606	-61.163
BLOCK27/SES274/SA274S10	SES129	-1.91039	-63.0734	-61.163
BLOCK27/SES274/SA274S10	SES158	-1.97819	-63.1412	-61.163
BLOCK27/SES274/SA274S11	SES105	-2.99662	-64.3287	-61.3321
BLOCK27/SES274/SA274S11	SES149	-1.47417	-62.8063	-61.3321
BLOCK27/SES274/SA274S11	SES158	-1.48712	-62.8192	-61.3321
BLOCK27/SES274/SA274S11	SES275	-2.50185	-63.8339	-61.3321
BLOCK27/SES274/SA274S21	SES105	-2.58218	-64.4703	-61.8881
BLOCK27/SES274/SA274S21	SES129	-2.72488	-64.613	-61.8881
BLOCK27/SES274/SA274S21	SES149	-1.55058	-63.4387	-61.8881
BLOCK27/SES274/SA274S21	SES158	-2.79892	-64.687	-61.8881
BLOCK27/SES274/SA274S24	SES105	-2.58921	-64.1095	-61.5203
BLOCK27/SES274/SA274S24	SES129	-2.82885	-64.3492	-61.5203
BLOCK27/SES274/SA274S24	SES149	-1.67308	-63.1934	-61.5203
BLOCK27/SES274/SA274S24	SES158	-2.51408	-64.0344	-61.5203
BLOCK27/SES274/SA274S29	SES105	-3.1472	-64.8809	-61.7337
BLOCK27/SES274/SA274S29	SES106	-2.51085	-64.2445	-61.7337
BLOCK27/SES274/SA274S29	SES120	-2.73494	-64.4686	-61.7337
BLOCK27/SES274/SA274S29	SES275	-2.5924	-64.3261	-61.7337
BLOCK27/SES276/SA276S16	SES148	-1.45821	-64.9962	-63.538
BLOCK27/SES276/SA276S16	SES172	-2.24654	-65.7845	-63.538
BLOCK27/SES276/SA276S16	SES180	-3.0921	-66.6301	-63.538
BLOCK27/SES276/SA276S16	SES292	-0.685127	-64.2231	-63.538
BLOCK27/SES276/SA276S17	SES101	-1.09508	-64.1115	-63.0164
BLOCK27/SES276/SA276S17	SES177	-2.04027	-65.0566	-63.0164
BLOCK27/SES276/SA276S17	SES180	-2.03073	-65.0471	-63.0164
BLOCK27/SES276/SA276S17	SES292	-1.72067	-64.737	-63.0164
BLOCK27/SES276/SA276S24	SES101	-0.794739	-63.0644	-62.2697
BLOCK27/SES276/SA276S24	SES177	-1.63755	-63.9072	-62.2697
BLOCK27/SES276/SA276S24	SES180	-1.9789	-64.2486	-62.2697
BLOCK27/SES276/SA276S24	SES292	-1.61304	-63.8827	-62.2697
BLOCK27/SES276/SA276S26	SES101	-1.88204	-64.547	-62.665
BLOCK27/SES276/SA276S26	SES177	-0.596256	-63.2613	-62.665
BLOCK27/SES276/SA276S26	SES180	-1.21643	-63.8814	-62.665
BLOCK27/SES276/SA276S26	SES292	-1.16076	-63.8258	-62.665
BLOCK27/SES276/SA276S28	SES101	-1.4521	-64.3558	-62.9037
BLOCK27/SES276/SA276S28	SES177	-1.23585	-64.1396	-62.9037
BLOCK27/SES276/SA276S28	SES180	-1.90529	-64.809	-62.9037
BLOCK27/SES276/SA276S28	SES292	-1.44434	-64.3481	-62.9037
BLOCK27/SES277/SA277S12	SES101	-1.15083	-65.1065	-63.9557
BLOCK27/SES277/SA277S12	SES177	-1.96266	-65.9183	-63.9557
BLOCK27/SES277/SA277S12	SES180	-1.34815	-65.3038	-63.9557
BLOCK27/SES277/SA277S12	SES292	-2.56361	-66.5193	-63.9557
BLOCK27/SES277/SA277S14	SES177	-1.14047	-65.2638	-64.1233
BLOCK27/SES277/SA277S14	SES180	-1.50681	-65.6301	-64.1233
BLOCK27/SES277/SA277S14	SES189	-0.737358	-64.8607	-64.1233
BLOCK27/SES277/SA277S14	SES292	-2.98907	-67.1124	-64.1233
BLOCK27/SES277/SA277S21	SES177	-1.04562	-64.0237	-62.9781
BLOCK27/SES277/SA277S21	SES180	-1.51092	-64.489	-62.9781
BLOCK27/SES277/SA277S21	SES189	-1.16003	-64.1381	-62.9781
BLOCK27/SES277/SA277S21	SES292	-2.50062	-65.4787	-62.9781
BLOCK27/SES277/SA277S24	SES144	-1.1745	-65.7991	-64.6246
BLOCK27/SES277/SA277S24	SES177	-1.43282	-66.0574	-64.6246
BLOCK27/SES277/SA277S24	SES180	-1.97775	-66.6024	-64.6246
BLOCK27/SES277/SA277S24	SES189	-0.715027	-65.3396	-64.6246
BLOCK27/SES277/SA277S29	SES177	-0.939678	-63.1565	-62.2168
BLOCK27/SES277/SA277S29	SES180	-1.02373	-63.2406	-62.2168
BLOCK27/SES277/SA277S29	SES202	-1.79354	-64.0104	-62.2168
BLOCK27/SES277/SA277S29	SES292	-1.75545	-63.9723	-62.2168
BLOCK27/SES279/SA279S09	SES120	-2.36264	-64.3112	-61.9485
BLOCK27/SES279/SA279S09	SES146	-1.53882	-63.4874	-61.9485
BLOCK27/SES279/SA279S09	SES206	-2.8394	-64.7879	-61.9485
BLOCK27/SES279/SA279S09	SES226	-2.78914	-64.7377	-61.9485
BLOCK27/SES279/SA279S10	SES099	-2.48356	-64.4854	-62.0019
BLOCK27/SES279/SA279S10	SES206	-2.47413	-64.476	-62.0019
BLOCK27/SES279/SA279S10	SES226	-2.37468	-64.3765	-62.0019
BLOCK27/SES279/SA279S10	SES292	-1.59641	-63.5983	-62.0019
BLOCK27/SES279/SA279S20	SES099	-3.7134	-66.731	-63.0176
BLOCK27/SES279/SA279S20	SES206	-3.05608	-66.0736	-63.0176
BLOCK27/SES279/SA279S20	SES226	-3.04018	-66.0577	-63.0176
BLOCK27/SES279/SA279S20	SES292	-1.21747	-64.235	-63.0176
BLOCK27/SES279/SA279S26	SES099	-3.33368	-65.4035	-62.0699
BLOCK27/SES279/SA279S26	SES206	-1.85984	-63.9297	-62.0699
BLOCK27/SES279/SA279S26	SES226	-2.14255	-64.2124	-62.0699
BLOCK27/SES279/SA279S26	SES292	-1.52616	-63.596	-62.0699
BLOCK27/SES279/SA279S28	SES099	-2.50128	-63.4709	-60.9696
BLOCK27/SES279/SA279S28	SES120	-2.30668	-63.2763	-60.9696
BLOCK27/SES279/SA279S28	SES177	-3.65024	-64.6198	-60.9696
BLOCK27/SES279/SA279S28	SES206	-2.79241	-63.762	-60.9696
BLOCK29/SES290/SA290S12	SES162	-1.98899	-64.9865	-62.9975
BLOCK29/SES290/SA290S12	SES177	-1.62981	-64.6273	-62.9975
BLOCK29/SES290/SA290S12	SES180	-1.99275	-64.9902	-62.9975
BLOCK29/SES290/SA290S12	SES292	-3.20663	-66.2041	-62.9975
BLOCK29/SES290/SA290S13	SES007	-2.98942	-66.5738	-63.5844
BLOCK29/SES290/SA290S13	SES162	-2.20139	-65.7858	-63.5844
BLOCK29/SES290/SA290S13	SES177	-1.15556	-64.7399	-63.5844
BLOCK29/SES290/SA290S13	SES180	-2.07264	-65.657	-63.5844
BLOCK29/SES290/SA290S22	SES177	-1.01356	-64.0301	-63.0165
BLOCK29/SES290/SA290S22	SES180	-0.631725	-63.6483	-63.0165
BLOCK29/SES290/SA290S22	SES202	-1.20586	-64.2224	-63.0165
BLOCK29/SES290/SA290S22	SES292	-2.14766	-65.1642	-63.0165
BLOCK29/SES290/SA290S25	SES162	-1.83922	-64.8133	-62.9741
BLOCK29/SES290/SA290S25	SES177	-1.29483	-64.2689	-62.9741
BLOCK29/SES290/SA290S25	SES180	-1.59524	-64.5693	-62.9741
BLOCK29/SES290/SA290S25	SES292	-2.11042	-65.0845	-62.9741
BLOCK29/SES290/SA290S29	SES177	-0.357361	-62.962	-62.6046
BLOCK29/SES290/SA290S29	SES180	-0.33831	-62.9429	-62.6046
BLOCK29/SES290/SA290S29	SES275	-2.03078	-64.6354	-62.6046
BLOCK29/SES290/SA290S29	SES292	-1.64643	-64.2511	-62.6046
BLOCK29/SES291/SA291S11	SES105	-4.21842	-66.0276	-61.8092
BLOCK29/SES291/SA291S11	SES125	-1.17735	-62.9866	-61.8092
BLOCK29/SES291/SA291S11	SES158	-1.38951	-63.1987	-61.8092
BLOCK29/SES291/SA291S11	SES275	-3.99197	-65.8012	-61.8092
BLOCK29/SES291/SA291S12	SES158	-0.538452	-61.9422	-61.4037
BLOCK29/SES291/SA291S12	SES226	-1.91965	-63.3234	-61.4037
BLOCK29/SES291/SA291S12	SES270	-0.162971	-61.5667	-61.4037
BLOCK29/SES291/SA291S12	SES275	-5.34238	-66.7461	-61.4037
BLOCK29/SES291/SA291S22	SES082	-1.64302	-63.1139	-61.4709
BLOCK29/SES291/SA291S22	SES158	-1.158	-62.6289	-61.4709
BLOCK29/SES291/SA291S22	SES259	-1.96069	-63.4316	-61.4709
BLOCK29/SES291/SA291S22	SES275	-3.88463	-65.3555	-61.4709
BLOCK29/SES291/SA291S24	SES104	-0.628761	-60.7237	-60.095
BLOCK29/SES291/SA291S24	SES125	-0.537178	-60.6322	-60.095
BLOCK29/SES291/SA291S24	SES158	-0.532825	-60.6278	-60.095
BLOCK29/SES291/SA291S24	SES275	-4.58014	-64.6751	-60.095
BLOCK29/SES291/SA291S27	SES158	-0.334568	-61.2149	-60.8804
BLOCK29/SES291/SA291S27	SES172	-5.3401	-66.2205	-60.8804
BLOCK29/SES291/SA291S27	SES275	-4.31312	-65.1935	-60.8804
BLOCK29/SES291/SA291S27	SES292	-4.37084	-65.2512	-60.8804
Threshold search:
THR	-7.68292108166	9	0(0)	1(1000)
THR	-7.5721043708434	8.991	0(0)	0.999(999)
THR	-7.4612876600268	8.991	0(0)	0.999(999)
THR	-7.3504709492102	8.991	0(0)	0.999(999)
THR	-7.2396542383936	8.991	0(0)	0.999(999)
THR	-7.128837527577	8.991	0(0)	0.999(999)
THR	-7.0180208167604	8.982	0(0)	0.998(998)
THR	-6.9072041059438	8.982	0(0)	0.998(998)
THR	-6.7963873951272	8.982	0(0)	0.998(998)
THR	-6.6855706843106	8.982	0(0)	0.998(998)
THR	-6.574753973494	8.982	0(0)	0.998(998)
THR	-6.4639372626774	8.982	0(0)	0.998(998)
THR	-6.3531205518608	8.982	0(0)	0.998(998)
THR	-6.2423038410442	8.982	0(0)	0.998(998)
THR	-6.1314871302276	8.982	0(0)	0.998(998)
THR	-6.020670419411	8.982	0(0)	0.998(998)
THR	-5.9098537085944	8.973	0(0)	0.997(997)
THR	-5.7990369977778	8.964	0(0)	0.996(996)
THR	-5.6882202869612	8.955	0(0)	0.995(995)
THR	-5.5774035761446	8.955	0(0)	0.995(995)
THR	-5.466586865328	8.955	0(0)	0.995(995)
THR	-5.3557701545114	8.928	0(0)	0.992(992)
THR	-5.2449534436948	8.901	0(0)	0.989(989)
THR	-5.1341367328782	8.892	0(0)	0.988(988)
THR	-5.0233200220616	8.856	0(0)	0.984(984)
THR	-4.912503311245	8.856	0(0)	0.984(984)
THR	-4.8016866004284	8.82	0(0)	0.98(980)
THR	-4.6908698896118	8.82	0(0)	0.98(980)
THR	-4.5800531787952	8.802	0(0)	0.978(978)
THR	-4.4692364679786	8.766	0(0)	0.974(974)
THR	-4.358419757162	8.694	0(0)	0.966(966)
THR	-4.2476030463454	8.649	0(0)	0.961(961)
THR	-4.1367863355288	8.568	0(0)	0.952(952)
THR	-4.0259696247122	8.523	0(0)	0.947(947)
THR	-3.9151529138956	8.415	0(0)	0.935(935)
THR	-3.804336203079	8.352	0(0)	0.928(928)
THR	-3.6935194922624	8.244	0(0)	0.916(916)
THR	-3.5827027814458	8.181	0(0)	0.909(909)
THR	-3.4718860706292	8.127	0(0)	0.903(903)
THR	-3.3610693598126	8.064	0(0)	0.896(896)
THR	-3.250252648996	7.938	0(0)	0.882(882)
THR	-3.1394359381794	7.839	0(0)	0.871(871)
THR	-3.0286192273628	7.776	0(0)	0.864(864)
THR	-2.9178025165462	7.605	0(0)	0.845(845)
THR	-2.8069858057296	7.443	0(0)	0.827(827)
THR	-2.696169094913	7.191	0(0)	0.799(799)
THR	-2.5853523840964	7.038	0(0)	0.782(782)
THR	-2.4745356732798	6.777	0(0)	0.753(753)
THR	-2.3637189624632	6.529	0.004(1)	0.725(725)
THR	-2.2529022516466	6.295	0.004(1)	0.699(699)
THR	-2.14208554083	6.034	0.004(1)	0.67(670)
THR	-2.0312688300134	5.647	0.004(1)	0.627(627)
THR	-1.9204521191968	5.242	0.004(1)	0.582(582)
THR	-1.8096354083802	4.873	0.004(1)	0.541(541)
THR	-1.6988186975636	4.558	0.004(1)	0.506(506)
THR	-1.588001986747	4.171	0.004(1)	0.463(463)
THR	-1.4771852759304	3.811	0.004(1)	0.423(423)
THR	-1.3663685651138	3.406	0.004(1)	0.378(378)
THR	-1.2555518542972	2.956	0.004(1)	0.328(328)
THR	-1.1447351434806	2.506	0.004(1)	0.278(278)
THR	-1.033918432664	2.137	0.004(1)	0.237(237)
THR	-0.923101721847397	1.642	0.004(1)	0.182(182)
THR	-0.812285011030797	1.273	0.004(1)	0.141(141)
THR	-0.701468300214197	1.003	0.004(1)	0.111(111)
THR	-0.590651589397597	0.687	0.012(3)	0.075(75)
THR	-0.479834878580997	0.511	0.016(4)	0.055(55)
THR	-0.369018167764397	0.376	0.016(4)	0.04(40)
THR	-0.258201456947797	0.288	0.036(9)	0.028(28)
THR	-0.147384746131197	0.198	0.036(9)	0.018(18)
THR	-0.0365680353145968	0.121	0.04(10)	0.009(9)
THR	0.0742486755020032	0.105	0.06(15)	0.005(5)
THR	0.185065386318603	0.131	0.104(26)	0.003(3)
THR	0.295882097135203	0.175	0.148(37)	0.003(3)
THR	0.406698807951803	0.211	0.184(46)	0.003(3)
THR	0.517515518768403	0.222	0.204(51)	0.002(2)
THR	0.628332229585003	0.278	0.26(65)	0.002(2)
THR	0.739148940401603	0.317	0.308(77)	0.001(1)
THR	0.849965651218203	0.377	0.368(92)	0.001(1)
THR	0.960782362034803	0.453	0.444(111)	0.001(1)
THR	1.0715990728514	0.509	0.5(125)	0.001(1)
THR	1.182415783668	0.588	0.588(147)	0(0)
THR	1.2932324944846	0.636	0.636(159)	0(0)
THR	1.4040492053012	0.7	0.7(175)	0(0)
THR	1.5148659161178	0.736	0.736(184)	0(0)
THR	1.6256826269344	0.776	0.776(194)	0(0)
THR	1.736499337751	0.824	0.824(206)	0(0)
THR	1.8473160485676	0.84	0.84(210)	0(0)
THR	1.9581327593842	0.86	0.86(215)	0(0)
THR	2.0689494702008	0.888	0.888(222)	0(0)
THR	2.1797661810174	0.904	0.904(226)	0(0)
THR	2.290582891834	0.916	0.916(229)	0(0)
THR	2.4013996026506	0.928	0.928(232)	0(0)
THR	2.5122163134672	0.944	0.944(236)	0(0)
THR	2.6230330242838	0.944	0.944(236)	0(0)
THR	2.7338497351004	0.956	0.956(239)	0(0)
THR	2.844666445917	0.964	0.964(241)	0(0)
THR	2.9554831567336	0.984	0.984(246)	0(0)
THR	3.0662998675502	0.984	0.984(246)	0(0)
THR	3.1771165783668	0.988	0.988(247)	0(0)
THR	3.2879332891834	0.996	0.996(249)	0(0)
THR	3.39875	1	1(250)	0(0)


==============================================
THR: 0.0742486755020032
Missed:     15/250=0.0600
FalseAlarm: 5/1000=0.0050
----------------------------------------------
==> CostDetection: 10.5
==============================================
